<?xml version="1.0" encoding="UTF-8"?>
<!-- Generated by org.testng.reporters.JUnitXMLReporter -->
<testsuite hostname="FOCUS-QA-133" name="Test" tests="258" failures="74" timestamp="30 Dec 2022 18:08:57 GMT" time="11620.863" errors="0">
  <testcase name="verifyBrowserOpen" time="9.917" classname="com.focus.testcases.URLBrowserTest"/>
  <testcase name="checkLoginPageTitleByURLInputInBrowser" time="6.222" classname="com.focus.testcases.URLBrowserTest"/>
  <testcase name="checkLogin" time="15.235" classname="com.focus.testcases.ItemQueryPageTest"/>
  <testcase name="validteItemQueryStocksInBatchItem" time="9.836" classname="com.focus.testcases.ItemQueryPageTest"/>
  <testcase name="validteItemQueryStocksInFifoItem" time="10.92" classname="com.focus.testcases.ItemQueryPageTest"/>
  <testcase name="validteItemQueryStocksInWAItem" time="14.937" classname="com.focus.testcases.ItemQueryPageTest"/>
  <testcase name="checkStockLedgerReportForBrBatchItem" time="34.912" classname="com.focus.testcases.ItemQueryPageTest"/>
  <testcase name="checkStockLedgerReportForFifoItem" time="11.34" classname="com.focus.testcases.ItemQueryPageTest"/>
  <testcase name="checkStockLedgerReportForRmaItem" time="42.893" classname="com.focus.testcases.ItemQueryPageTest"/>
  <testcase name="checkSavePurchasesVoucher" time="142.737" classname="com.focus.testcases.ItemQueryPageTest">
    <failure type="java.lang.AssertionError" message="expected [true] but found [false]">
      <![CDATA[java.lang.AssertionError: expected [true] but found [false]
	at com.focus.testcases.ItemQueryPageTest.checkSavePurchasesVoucher(ItemQueryPageTest.java:74)
... Removed 30 stack frames]]>
    </failure>
  </testcase> <!-- checkSavePurchasesVoucher -->
  <testcase name="validteItemQueryStocksInBatchItemAfterSavingPurchaseVocher" time="9.406" classname="com.focus.testcases.ItemQueryPageTest"/>
  <testcase name="validteItemQueryStocksInFifoItemAfterSavingPurchaseVocher" time="10.832" classname="com.focus.testcases.ItemQueryPageTest"/>
  <testcase name="validteItemQueryStocksInWAItemAfterSavingPurchaseVocher" time="19.816" classname="com.focus.testcases.ItemQueryPageTest"/>
  <testcase name="checkStockLedgerReportFortBrBatchItemAfterSavingPurchaseVocher" time="11.291" classname="com.focus.testcases.ItemQueryPageTest"/>
  <testcase name="checkStockLedgerReportForFifoItemAfterSavingPurchaseVocher" time="10.223" classname="com.focus.testcases.ItemQueryPageTest"/>
  <testcase name="checkStockLedgerReportForRmaItemAfterSavingPurchaseVocher" time="34.423" classname="com.focus.testcases.ItemQueryPageTest"/>
  <testcase name="checkLoginToInvUserAndValidteItemQueryStocksInBatchItem" time="27.941" classname="com.focus.testcases.ItemQueryPageTest"/>
  <testcase name="validteItemQueryStocksInFifoItemAfterLoginToInvUser" time="10.884" classname="com.focus.testcases.ItemQueryPageTest"/>
  <testcase name="validteItemQueryStocksInWAItemAfterLoginToInvUser" time="14.507" classname="com.focus.testcases.ItemQueryPageTest"/>
  <testcase name="checkStockLedgerReportForBrBatchItemAfterLoginToInvUser" time="12.206" classname="com.focus.testcases.ItemQueryPageTest"/>
  <testcase name="checkStockLedgerReportForFifoItemAfterLoginToInvUser" time="11.247" classname="com.focus.testcases.ItemQueryPageTest"/>
  <testcase name="checkStockLedgerReportForRmaItemAfterLoginToInvUser" time="34.505" classname="com.focus.testcases.ItemQueryPageTest"/>
  <testcase name="checkSavingSalesInvoiceVoucherBrBatchItemWithHydWarehouse" time="46.843" classname="com.focus.testcases.ItemQueryPageTest">
    <failure type="java.lang.AssertionError" message="expected [true] but found [false]">
      <![CDATA[java.lang.AssertionError: expected [true] but found [false]
	at com.focus.testcases.ItemQueryPageTest.checkSavingSalesInvoiceVoucherBrBatchItemWithHydWarehouse(ItemQueryPageTest.java:168)
... Removed 30 stack frames]]>
    </failure>
  </testcase> <!-- checkSavingSalesInvoiceVoucherBrBatchItemWithHydWarehouse -->
  <testcase name="checkSavingSalesInvoiceVoucherBrBatchItemWithSECWarehouse" time="31.22" classname="com.focus.testcases.ItemQueryPageTest">
    <failure type="java.lang.AssertionError" message="expected [true] but found [false]">
      <![CDATA[java.lang.AssertionError: expected [true] but found [false]
	at com.focus.testcases.ItemQueryPageTest.checkSavingSalesInvoiceVoucherBrBatchItemWithSECWarehouse(ItemQueryPageTest.java:175)
... Removed 30 stack frames]]>
    </failure>
  </testcase> <!-- checkSavingSalesInvoiceVoucherBrBatchItemWithSECWarehouse -->
  <testcase name="checkSavingSalesInvoiceVoucherFifoItemWith2Warehouse" time="40.004" classname="com.focus.testcases.ItemQueryPageTest"/>
  <testcase name="checkSavingSalesInvoiceVoucherRmaItemWithHYDWarehouse" time="22.563" classname="com.focus.testcases.ItemQueryPageTest">
    <failure type="java.lang.AssertionError" message="expected [true] but found [false]">
      <![CDATA[java.lang.AssertionError: expected [true] but found [false]
	at com.focus.testcases.ItemQueryPageTest.checkSavingSalesInvoiceVoucherRmaItemWithHYDWarehouse(ItemQueryPageTest.java:189)
... Removed 30 stack frames]]>
    </failure>
  </testcase> <!-- checkSavingSalesInvoiceVoucherRmaItemWithHYDWarehouse -->
  <testcase name="checkSavingSalesInvoiceVoucherRmaItemWithSECWarehouse" time="27.421" classname="com.focus.testcases.ItemQueryPageTest">
    <failure type="java.lang.AssertionError" message="expected [true] but found [false]">
      <![CDATA[java.lang.AssertionError: expected [true] but found [false]
	at com.focus.testcases.ItemQueryPageTest.checkSavingSalesInvoiceVoucherRmaItemWithSECWarehouse(ItemQueryPageTest.java:196)
... Removed 30 stack frames]]>
    </failure>
  </testcase> <!-- checkSavingSalesInvoiceVoucherRmaItemWithSECWarehouse -->
  <testcase name="checkStockLedgerReportForBrBatchItemAfterSavingSalesInvoiceVocher" time="11.007" classname="com.focus.testcases.ItemQueryPageTest"/>
  <testcase name="checkStockLedgerReportForRmaItemAfterSavingSalesInvoiceVocher" time="12.217" classname="com.focus.testcases.ItemQueryPageTest"/>
  <testcase name="checkLoginToSUUserAndSavingStockTransferVocher1" time="101.803" classname="com.focus.testcases.ItemQueryPageTest"/>
  <testcase name="validteItemQueryStocksInBatchItemAfterSavingStockTransferVoucher" time="9.408" classname="com.focus.testcases.ItemQueryPageTest"/>
  <testcase name="validteItemQueryStocksInFifoItemAfterSavingStockTransferVoucher" time="10.909" classname="com.focus.testcases.ItemQueryPageTest"/>
  <testcase name="validteItemQueryStocksInWAItemAfterSavingStockTransferVoucher" time="14.827" classname="com.focus.testcases.ItemQueryPageTest"/>
  <testcase name="checkStockLedgerReportForBrBatchItemAfterStockTransferVoucher" time="11.462" classname="com.focus.testcases.ItemQueryPageTest"/>
  <testcase name="checkStockLedgerReportForFifoItemAfterStockTransferVoucher" time="10.335" classname="com.focus.testcases.ItemQueryPageTest"/>
  <testcase name="checkStockLedgerReportForRmaItemAfterStockTransferVoucher" time="12.584" classname="com.focus.testcases.ItemQueryPageTest"/>
  <testcase name="checkSavingStockTransferVocher2" time="85.101" classname="com.focus.testcases.ItemQueryPageTest"/>
  <testcase name="validteItemQueryStocksInBatchItemAfterSavingStockTransferVoucher2" time="9.353" classname="com.focus.testcases.ItemQueryPageTest"/>
  <testcase name="validteItemQueryStocksInFifoItemAfterSavingStockTransferVoucher2" time="9.797" classname="com.focus.testcases.ItemQueryPageTest"/>
  <testcase name="validteItemQueryStocksInWAItemAfterSavingStockTransferVoucher2" time="14.843" classname="com.focus.testcases.ItemQueryPageTest"/>
  <testcase name="checkStockLedgerReportForBrBatchItemAfterStockTransferVoucher2" time="11.37" classname="com.focus.testcases.ItemQueryPageTest"/>
  <testcase name="checkStockLedgerReportForFifoItemAfterStockTransferVoucher2" time="10.285" classname="com.focus.testcases.ItemQueryPageTest"/>
  <testcase name="checkStockLedgerReportForRmaItemAfterStockTransferVoucher2" time="12.604" classname="com.focus.testcases.ItemQueryPageTest"/>
  <testcase name="checkSavingexcessInStocksVoucherWithALLItemsInInvUser" time="120.822" classname="com.focus.testcases.ItemQueryPageTest">
    <failure type="java.lang.AssertionError" message="expected [true] but found [false]">
      <![CDATA[java.lang.AssertionError: expected [true] but found [false]
	at com.focus.testcases.ItemQueryPageTest.checkSavingexcessInStocksVoucherWithALLItemsInInvUser(ItemQueryPageTest.java:319)
... Removed 30 stack frames]]>
    </failure>
  </testcase> <!-- checkSavingexcessInStocksVoucherWithALLItemsInInvUser -->
  <testcase name="checkSavingShortagesinStockVoucherWithBrItemHydSecWareHosueInSUUser" time="48.883" classname="com.focus.testcases.ItemQueryPageTest"/>
  <testcase name="checkSavingShortagesinStockVoucherWithBrItemTestWareHosue" time="20.935" classname="com.focus.testcases.ItemQueryPageTest"/>
  <testcase name="checkSavingShortagesinStockVoucherWithFifoItem3WareHosue" time="74.579" classname="com.focus.testcases.ItemQueryPageTest"/>
  <testcase name="checkSavingShortagesinStockVoucherWithRmaItemHydWareHosue" time="22.09" classname="com.focus.testcases.ItemQueryPageTest"/>
  <testcase name="checkSavingShortagesinStockVoucherWithRmaItemSecWareHosue" time="22.019" classname="com.focus.testcases.ItemQueryPageTest"/>
  <testcase name="checkSavingShortagesinStockVoucherWithRmaItemTestWareHosue" time="28.765" classname="com.focus.testcases.ItemQueryPageTest"/>
  <testcase name="checkSavingPurchaseReturnsVoucherWithBrItemHydSecWareHosueInINVUser" time="61.575" classname="com.focus.testcases.ItemQueryPageTest"/>
  <testcase name="checkSavingPurchaseReturnsVoucherWithFifoItemHydSecWareHosueInINVUser" time="46.225" classname="com.focus.testcases.ItemQueryPageTest"/>
  <testcase name="checkSavingPurchaseReturnsVoucherWithRmaItemHydWareHosueInINVUser" time="22.236" classname="com.focus.testcases.ItemQueryPageTest">
    <failure type="java.lang.AssertionError" message="expected [true] but found [false]">
      <![CDATA[java.lang.AssertionError: expected [true] but found [false]
	at com.focus.testcases.ItemQueryPageTest.checkSavingPurchaseReturnsVoucherWithRmaItemHydWareHosueInINVUser(ItemQueryPageTest.java:382)
... Removed 30 stack frames]]>
    </failure>
  </testcase> <!-- checkSavingPurchaseReturnsVoucherWithRmaItemHydWareHosueInINVUser -->
  <testcase name="checkSavingPurchaseReturnsVoucherWithRmaItemSECWareHosueInINVUser" time="27.639" classname="com.focus.testcases.ItemQueryPageTest">
    <failure type="java.lang.AssertionError" message="expected [true] but found [false]">
      <![CDATA[java.lang.AssertionError: expected [true] but found [false]
	at com.focus.testcases.ItemQueryPageTest.checkSavingPurchaseReturnsVoucherWithRmaItemSECWareHosueInINVUser(ItemQueryPageTest.java:389)
... Removed 30 stack frames]]>
    </failure>
  </testcase> <!-- checkSavingPurchaseReturnsVoucherWithRmaItemSECWareHosueInINVUser -->
  <testcase name="checkSavingSalesReturnsVoucherWithAllItemsINVUser" time="123.068" classname="com.focus.testcases.ItemQueryPageTest">
    <failure type="java.lang.AssertionError" message="expected [true] but found [false]">
      <![CDATA[java.lang.AssertionError: expected [true] but found [false]
	at com.focus.testcases.ItemQueryPageTest.checkSavingSalesReturnsVoucherWithAllItemsINVUser(ItemQueryPageTest.java:396)
... Removed 30 stack frames]]>
    </failure>
  </testcase> <!-- checkSavingSalesReturnsVoucherWithAllItemsINVUser -->
  <testcase name="validteItemQueryStocksInBatchItemAfterSavingSalesReturnsVocher" time="15.048" classname="com.focus.testcases.ItemQueryPageTest"/>
  <testcase name="validteItemQueryStocksInFifoItemAfterSavingSalesReturnsVocher" time="15.382" classname="com.focus.testcases.ItemQueryPageTest"/>
  <testcase name="validteItemQueryStocksInWAItemAfterSavingSalesReturnsVocher" time="14.319" classname="com.focus.testcases.ItemQueryPageTest"/>
  <testcase name="checkStockLedgerReportForBrBatchItemAfterSavingSalesReturnsVocher" time="35.681" classname="com.focus.testcases.ItemQueryPageTest"/>
  <testcase name="checkStockLedgerReportForRmaItemAfterSavingSalesReturnvoucher" time="38.108" classname="com.focus.testcases.ItemQueryPageTest"/>
  <testcase name="checkStockMovementReportByDefault" time="33.019" classname="com.focus.testcases.ItemQueryPageTest"/>
  <testcase name="checkStockMovementReportByWareHouse" time="37.552" classname="com.focus.testcases.ItemQueryPageTest"/>
  <testcase name="checkStockValuationReportByProduct" time="31.507" classname="com.focus.testcases.ItemQueryPageTest">
    <failure type="java.lang.AssertionError" message="expected [true] but found [false]">
      <![CDATA[java.lang.AssertionError: expected [true] but found [false]
	at com.focus.testcases.ItemQueryPageTest.checkStockValuationReportByProduct(ItemQueryPageTest.java:459)
... Removed 30 stack frames]]>
    </failure>
  </testcase> <!-- checkStockValuationReportByProduct -->
  <testcase name="checkStockValuationReportByProductbyInventoryTag" time="35.03" classname="com.focus.testcases.ItemQueryPageTest">
    <failure type="java.lang.AssertionError" message="expected [true] but found [false]">
      <![CDATA[java.lang.AssertionError: expected [true] but found [false]
	at com.focus.testcases.ItemQueryPageTest.checkStockValuationReportByProductbyInventoryTag(ItemQueryPageTest.java:466)
... Removed 30 stack frames]]>
    </failure>
  </testcase> <!-- checkStockValuationReportByProductbyInventoryTag -->
  <testcase name="checkStockValuationReportByInventoryTagByProduct" time="37.394" classname="com.focus.testcases.ItemQueryPageTest"/>
  <testcase name="checkStockAgeingAnalysisReportByDefault" time="38.337" classname="com.focus.testcases.ItemQueryPageTest">
    <failure type="java.lang.AssertionError" message="expected [true] but found [false]">
      <![CDATA[java.lang.AssertionError: expected [true] but found [false]
	at com.focus.testcases.ItemQueryPageTest.checkStockAgeingAnalysisReportByDefault(ItemQueryPageTest.java:480)
... Removed 30 stack frames]]>
    </failure>
  </testcase> <!-- checkStockAgeingAnalysisReportByDefault -->
  <testcase name="checkStockAgeingAnalysisReportByWarehouse" time="10.553" classname="com.focus.testcases.ItemQueryPageTest"/>
  <testcase name="checkStockAgeingAnalysisReportByWarehouseHyd" time="10.598" classname="com.focus.testcases.ItemQueryPageTest"/>
  <testcase name="checkStockAgeingAnalysisReportByWarehouseSEC" time="13.836" classname="com.focus.testcases.ItemQueryPageTest"/>
  <testcase name="checkStockBalanceByWarehouseReport" time="12.985" classname="com.focus.testcases.ItemQueryPageTest">
    <failure type="java.lang.AssertionError" message="expected [true] but found [false]">
      <![CDATA[java.lang.AssertionError: expected [true] but found [false]
	at com.focus.testcases.ItemQueryPageTest.checkStockBalanceByWarehouseReport(ItemQueryPageTest.java:508)
... Removed 30 stack frames]]>
    </failure>
  </testcase> <!-- checkStockBalanceByWarehouseReport -->
  <testcase name="checkStockStatementReporFortBrBatchItem" time="64.743" classname="com.focus.testcases.ItemQueryPageTest"/>
  <testcase name="checkStockStatementReportForFifoItem" time="63.763" classname="com.focus.testcases.ItemQueryPageTest"/>
  <testcase name="checkStockStatementReportForRmaItem" time="66.049" classname="com.focus.testcases.ItemQueryPageTest"/>
  <testcase name="checkStockLedgerReportAfterSavingSalesReturnsVocherWithRefineFilterFirstPage" time="48.545" classname="com.focus.testcases.ItemQueryPageTest"/>
  <testcase name="checkStockLedgerReportAfterSavingSalesReturnsVocherWithRefineFilterLastPage" time="96.106" classname="com.focus.testcases.ItemQueryPageTest"/>
  <testcase name="checkStockMovementReportWithRefineFilter" time="17.152" classname="com.focus.testcases.ItemQueryPageTest"/>
  <testcase name="checkStockValuationReportByProductWithRefineFilter" time="16.949" classname="com.focus.testcases.ItemQueryPageTest"/>
  <testcase name="checkStockAgeingAnalysisReportByDefaultWithRefineFilter" time="20.419" classname="com.focus.testcases.ItemQueryPageTest"/>
  <testcase name="checkStockBalanceByWarehouseReportWithRefineFilter" time="21.186" classname="com.focus.testcases.ItemQueryPageTest">
    <failure type="java.lang.AssertionError" message="expected [true] but found [false]">
      <![CDATA[java.lang.AssertionError: expected [true] but found [false]
	at com.focus.testcases.ItemQueryPageTest.checkStockBalanceByWarehouseReportWithRefineFilter(ItemQueryPageTest.java:575)
... Removed 30 stack frames]]>
    </failure>
  </testcase> <!-- checkStockBalanceByWarehouseReportWithRefineFilter -->
  <testcase name="checkLedgerReportWithRefineFilterFirstPage" time="105.046" classname="com.focus.testcases.ItemQueryPageTest">
    <failure type="java.lang.AssertionError" message="expected [true] but found [false]">
      <![CDATA[java.lang.AssertionError: expected [true] but found [false]
	at com.focus.testcases.ItemQueryPageTest.checkLedgerReportWithRefineFilterFirstPage(ItemQueryPageTest.java:582)
... Removed 30 stack frames]]>
    </failure>
  </testcase> <!-- checkLedgerReportWithRefineFilterFirstPage -->
  <testcase name="checkLedgerReportWithRefineFilterLastPage" time="32.898" classname="com.focus.testcases.ItemQueryPageTest"/>
  <testcase name="checkPurchaseRegisterReportWithRefineFilter" time="25.307" classname="com.focus.testcases.ItemQueryPageTest">
    <failure type="java.lang.AssertionError" message="expected [true] but found [false]">
      <![CDATA[java.lang.AssertionError: expected [true] but found [false]
	at com.focus.testcases.ItemQueryPageTest.checkPurchaseRegisterReportWithRefineFilter(ItemQueryPageTest.java:596)
... Removed 30 stack frames]]>
    </failure>
  </testcase> <!-- checkPurchaseRegisterReportWithRefineFilter -->
  <testcase name="checkTrailBalanceReportWithRefineFilter" time="20.102" classname="com.focus.testcases.ItemQueryPageTest">
    <failure type="java.lang.AssertionError" message="expected [true] but found [false]">
      <![CDATA[java.lang.AssertionError: expected [true] but found [false]
	at com.focus.testcases.ItemQueryPageTest.checkTrailBalanceReportWithRefineFilter(ItemQueryPageTest.java:603)
... Removed 30 stack frames]]>
    </failure>
  </testcase> <!-- checkTrailBalanceReportWithRefineFilter -->
  <testcase name="checkCustomerAgeingSummeryReportWithRefineFilter" time="23.487" classname="com.focus.testcases.ItemQueryPageTest">
    <failure type="java.lang.AssertionError" message="expected [true] but found [false]">
      <![CDATA[java.lang.AssertionError: expected [true] but found [false]
	at com.focus.testcases.ItemQueryPageTest.checkCustomerAgeingSummeryReportWithRefineFilter(ItemQueryPageTest.java:610)
... Removed 30 stack frames]]>
    </failure>
  </testcase> <!-- checkCustomerAgeingSummeryReportWithRefineFilter -->
  <testcase name="checkVendorAgeingSummeryReportWithRefineFilter" time="59.544" classname="com.focus.testcases.ItemQueryPageTest">
    <failure type="java.lang.AssertionError" message="expected [true] but found [false]">
      <![CDATA[java.lang.AssertionError: expected [true] but found [false]
	at com.focus.testcases.ItemQueryPageTest.checkVendorAgeingSummeryReportWithRefineFilter(ItemQueryPageTest.java:617)
... Removed 30 stack frames]]>
    </failure>
  </testcase> <!-- checkVendorAgeingSummeryReportWithRefineFilter -->
  <testcase name="checkSavingStockOutVoucher" time="136.617" classname="com.focus.testcases.ItemQueryPageTest">
    <failure type="java.lang.AssertionError" message="expected [true] but found [false]">
      <![CDATA[java.lang.AssertionError: expected [true] but found [false]
	at com.focus.testcases.ItemQueryPageTest.checkSavingStockOutVoucher(ItemQueryPageTest.java:627)
... Removed 30 stack frames]]>
    </failure>
  </testcase> <!-- checkSavingStockOutVoucher -->
  <testcase name="checkSavingStockInVoucher" time="23.698" classname="com.focus.testcases.ItemQueryPageTest"/>
  <testcase name="checkStockLedgerReportForStockItemAfterStockInAndStockOutVouchers" time="12.505" classname="com.focus.testcases.ItemQueryPageTest"/>
  <testcase name="checkLoginToTest1UserAndAuthorizeStockOutVocher" time="31.625" classname="com.focus.testcases.ItemQueryPageTest"/>
  <testcase name="checkStockLedgerReportForStockItemAfterAutrhroizedStockOutVoucher" time="14.046" classname="com.focus.testcases.ItemQueryPageTest"/>
  <testcase name="checkLogout" time="2.579" classname="com.focus.testcases.ItemQueryPageTest"/>
  <testcase name="checkLogin" time="15.029" classname="com.focus.testcases.BatchNegativeTestingOptionsTest"/>
  <testcase name="checkSavingPurchaseVoucherVATVoucher1WithTodaysDate" time="56.993" classname="com.focus.testcases.BatchNegativeTestingOptionsTest"/>
  <testcase name="checkBatchPopupIsDisplayingWithValuesInSalesInvoiceVATVoucher1" time="48.595" classname="com.focus.testcases.BatchNegativeTestingOptionsTest"/>
  <testcase name="checkSavingSalesInvoiceVATVoucher1WithNextDateByConsumingFullQuantity" time="12.367" classname="com.focus.testcases.BatchNegativeTestingOptionsTest"/>
  <testcase name="checkReSavingPurchaseVoucherVATVoucher1WithDateNextToSalesInvoiceFullConsumeQty" time="21.545" classname="com.focus.testcases.BatchNegativeTestingOptionsTest"/>
  <testcase name="checkSuspendingSalesInvoiceVATVoucher1FromVoucherHomePage" time="17.625" classname="com.focus.testcases.BatchNegativeTestingOptionsTest"/>
  <testcase name="checkReSavingPurchaseVoucherVATVoucher1WithDateNextToSalesInvoiceAfterSuspendingSalesInvoiceVoucher" time="20.477" classname="com.focus.testcases.BatchNegativeTestingOptionsTest"/>
  <testcase name="checkReSavingSalesInvoiceVATVoucher1AfterChangingPurchaseVoucherDateNextToSalesInvoice" time="21.94" classname="com.focus.testcases.BatchNegativeTestingOptionsTest"/>
  <testcase name="checkReSavingPurchaseVoucherVATVoucher1WithDateSameAsSalesInvoiceVoucher1" time="23.38" classname="com.focus.testcases.BatchNegativeTestingOptionsTest"/>
  <testcase name="checkSuspendingSalesInvoiceVATVoucher1FromEntryPage" time="25.69" classname="com.focus.testcases.BatchNegativeTestingOptionsTest"/>
  <testcase name="checkReSavingPurchaseVoucherVATVoucher1WithDateNextToSalesInvoiceAfterSuspendingSalesInvoiceVoucherInEntryPage" time="25.703" classname="com.focus.testcases.BatchNegativeTestingOptionsTest"/>
  <testcase name="checkReSavingSalesInvoiceVATVoucher1SuspendedFromEntryPageAfterChangingPurchaseVoucherDateNextToSalesInvoice" time="21.786" classname="com.focus.testcases.BatchNegativeTestingOptionsTest"/>
  <testcase name="checkBatchPopupWithValuesInSalesInvoiceVATVoucher1WithDateSameAsPurchaseVoucher1" time="18.947" classname="com.focus.testcases.BatchNegativeTestingOptionsTest"/>
  <testcase name="checkSavingSalesInvoiceVATVoucher1WithDateSameAsPurchaseVoucher1" time="14.986" classname="com.focus.testcases.BatchNegativeTestingOptionsTest"/>
  <testcase name="checkBatchPopupIsDisplayingEmptyWhenTryToSaveSalesInvoiceVATVoucher1WithDatePriorToPurchaseVoucher" time="14.675" classname="com.focus.testcases.BatchNegativeTestingOptionsTest"/>
  <testcase name="checkSuspendingPurchaseVoucherVATVoucher1InHomePageAfterConsumingFullyInSalesInvoiceVoucher1" time="17.857" classname="com.focus.testcases.BatchNegativeTestingOptionsTest"/>
  <testcase name="checkSuspendingPurchaseVoucherVATVoucher1InEntryPageAfterConsumingFullyInSalesInvoiceVoucher1" time="6.503" classname="com.focus.testcases.BatchNegativeTestingOptionsTest"/>
  <testcase name="checkSuspendingSalesInvoiceVATVoucher1FromVoucherHomePageForSeventhScenario" time="16.995" classname="com.focus.testcases.BatchNegativeTestingOptionsTest"/>
  <testcase name="checkSuspendingPurchaseVoucherVATVoucher1InHomePageAfterSuspendingSalesInvoiceVAt" time="16.785" classname="com.focus.testcases.BatchNegativeTestingOptionsTest"/>
  <testcase name="checkReSavingSalesInvoiceVATVoucher1AfterSuspendingPurchaseVoucher1" time="25.703" classname="com.focus.testcases.BatchNegativeTestingOptionsTest"/>
  <testcase name="checkReSavingPurchaseVoucherVATVoucher1AfterSeventhScenario" time="24.108" classname="com.focus.testcases.BatchNegativeTestingOptionsTest"/>
  <testcase name="checkReSavingSalesInvoiceVATVoucher1AfterSeventhScenario" time="23.747" classname="com.focus.testcases.BatchNegativeTestingOptionsTest"/>
  <testcase name="checkSuspendingSalesInvoiceVATVoucher1FromEntryPageForEightScenario" time="5.946" classname="com.focus.testcases.BatchNegativeTestingOptionsTest"/>
  <testcase name="checkSuspendingPurchaseVoucherVATVoucher1InEntryPageAfterSuspendingSalesInvoiceVoucher1" time="19.554" classname="com.focus.testcases.BatchNegativeTestingOptionsTest"/>
  <testcase name="checkReSavingSalesInvoiceVATVoucher1AfterSuspendingPurchaseVoucher1FromEntryPage" time="25.759" classname="com.focus.testcases.BatchNegativeTestingOptionsTest"/>
  <testcase name="checkReSavingPurchaseVoucherVATVoucher1AfterEigthScenario" time="24.054" classname="com.focus.testcases.BatchNegativeTestingOptionsTest"/>
  <testcase name="checkReSavingSalesInvoiceVATVoucher1AfterEightScenario" time="22.996" classname="com.focus.testcases.BatchNegativeTestingOptionsTest"/>
  <testcase name="checkDeletingPurchaseVoucherVATVoucher1InHomePageAfterConsumingFullQuantityInSalesInvoiceVAT" time="16.801" classname="com.focus.testcases.BatchNegativeTestingOptionsTest"/>
  <testcase name="checkDeletingPurchaseVoucherVATVoucher1InEntryPageAfterConsumingFullQuantityInSalesInvoiceVAT" time="6.33" classname="com.focus.testcases.BatchNegativeTestingOptionsTest"/>
  <testcase name="checkSuspendingSalesInvoiceVATVoucher1FromEntryPageForTenthScenario" time="19.493" classname="com.focus.testcases.BatchNegativeTestingOptionsTest"/>
  <testcase name="checkDeletingPurchaseVoucherVATVoucher1InHomePageAfterSuspendingSalesInvoiceVAT1" time="17.031" classname="com.focus.testcases.BatchNegativeTestingOptionsTest"/>
  <testcase name="checkReSavingSalesInvoiceVATVoucher1AfterDeletingPurchaseVoucherVAT" time="35.194" classname="com.focus.testcases.BatchNegativeTestingOptionsTest"/>
  <testcase name="checkSavingPurchaseVoucherVATVoucher1AgainAfterDeletingPurchaseVoucher" time="45.481" classname="com.focus.testcases.BatchNegativeTestingOptionsTest"/>
  <testcase name="checkReSavingSuspendedSalesInvoiceVATVoucher1AfterSavingPurchaseVoucherVAT" time="35.815" classname="com.focus.testcases.BatchNegativeTestingOptionsTest"/>
  <testcase name="checkSuspendingSalesInvoiceVATVoucher1ForTwelfthScenario" time="5.939" classname="com.focus.testcases.BatchNegativeTestingOptionsTest"/>
  <testcase name="checkSuspendAndDeletingPurchaseVoucherVATVoucher1InHomePageAfterSuspendingSalesInvoiceVoucher1" time="20.888" classname="com.focus.testcases.BatchNegativeTestingOptionsTest"/>
  <testcase name="checkReSavingSalesInvoiceVATVoucher1AfterSuspendingAndDeletingPurchaseVoucherVAT" time="34.961" classname="com.focus.testcases.BatchNegativeTestingOptionsTest"/>
  <testcase name="checkSavingPurchaseVoucherVATVoucher1AgainAfterSuspendingAndDeletingPurchaseVoucher" time="49.935" classname="com.focus.testcases.BatchNegativeTestingOptionsTest"/>
  <testcase name="checkReSavingSuspendedSalesInvoiceVATVoucher1AfterSavingSuspendedAndDeletedPurchaseVoucherVAT" time="35.539" classname="com.focus.testcases.BatchNegativeTestingOptionsTest"/>
  <testcase name="checkEditingAndSavingPurchaseVoucherVATVoucher1WithQuantityBelowConsumedQuantityInSalesInvoiceVoucher1" time="28.533" classname="com.focus.testcases.BatchNegativeTestingOptionsTest"/>
  <testcase name="checkSuspendingSalesInvoiceVATVoucher1ForFourteenthScenario" time="19.404" classname="com.focus.testcases.BatchNegativeTestingOptionsTest"/>
  <testcase name="checkEditingAndSavingPurchaseVoucherVATVoucher1WithQuantityBelowConsumedQuantityAfterSuspendingSalesInvoiceVoucher1" time="28.979" classname="com.focus.testcases.BatchNegativeTestingOptionsTest"/>
  <testcase name="checkReSavingSalesInvoiceVATVoucher1AfterSavingPurchaseVoucherVATWithBelowConsumedQuantity" time="21.881" classname="com.focus.testcases.BatchNegativeTestingOptionsTest"/>
  <testcase name="checkEditingAndSavingPurchaseVoucherVATVoucher1WithQuantityEqualToConsumedQuantityInSalesInvoiceVoucher1" time="28.857" classname="com.focus.testcases.BatchNegativeTestingOptionsTest"/>
  <testcase name="checkReSavingSuspendedSalesInvoiceVATVoucher1AfterSavingPurchaseVoucherVATWithQuantityFrom5To10" time="32.852" classname="com.focus.testcases.BatchNegativeTestingOptionsTest"/>
  <testcase name="checkEditingAndSavingPurchaseVoucherVATVoucher1ByChangingWarehouseFromHyderabadToSecunderabad" time="29.536" classname="com.focus.testcases.BatchNegativeTestingOptionsTest"/>
  <testcase name="checkSuspendingSalesInvoiceVATVoucher1ForSixteenthScenario" time="19.634" classname="com.focus.testcases.BatchNegativeTestingOptionsTest"/>
  <testcase name="checkEditingAndSavingPurchaseVoucherVATVoucher1ByChangingWarehouseFromHyderabadToSecunderabadAfterSuspendingSalesInvoiceVoucher" time="30.912" classname="com.focus.testcases.BatchNegativeTestingOptionsTest"/>
  <testcase name="checkReSavingSalesInvoiceVATVoucher1AfterChangingWarehouseToSecunderabadInPurchaseVoucherVAT1" time="35.059" classname="com.focus.testcases.BatchNegativeTestingOptionsTest"/>
  <testcase name="checkEditingAndSavingPurchaseVoucherVATVoucher1ByChangingBackWarehouseFromSecunderabadToHyderabad" time="30.843" classname="com.focus.testcases.BatchNegativeTestingOptionsTest"/>
  <testcase name="checkReSavingSalesInvoiceVATVoucher1AfterChangingWarehouseToHyderabadInPurchaseVoucherVAT1" time="33.864" classname="com.focus.testcases.BatchNegativeTestingOptionsTest"/>
  <testcase name="checkEditingAndSavingPurchaseVoucherVATVoucher1ByChangingItemFromBRCOGSITEMToBATCHBRITEM" time="33.341" classname="com.focus.testcases.BatchNegativeTestingOptionsTest"/>
  <testcase name="checkSuspendingSalesInvoiceVATVoucher1ForEighteenthScenario" time="19.473" classname="com.focus.testcases.BatchNegativeTestingOptionsTest"/>
  <testcase name="checkEditingAndSavingPurchaseVoucherVATVoucher1ByChangingItemFromBRCOGSITEMToBATCHBRITEMAfterSuspendingSalesInvoice" time="34.044" classname="com.focus.testcases.BatchNegativeTestingOptionsTest"/>
  <testcase name="checkReSavingSalesInvoiceVATVoucher1AfterChangingItemToBatchBRItemInPurchaseVoucherVAT1" time="30.113" classname="com.focus.testcases.BatchNegativeTestingOptionsTest"/>
  <testcase name="checkEditingAndSavingPurchaseVoucherVATVoucher1ByChangingItemFromBATCHBRITEMToBRCOGSITEM" time="33.859" classname="com.focus.testcases.BatchNegativeTestingOptionsTest"/>
  <testcase name="checkReSavingSalesInvoiceVATVoucher1AfterChangingItemNameToBRCOGSITEMInPurchaseVoucherVAT1" time="33.882" classname="com.focus.testcases.BatchNegativeTestingOptionsTest"/>
  <testcase name="checkEditingAndSavingPurchaseVoucherVATVoucher1ByChangingBatchNoFromBATCHPVAT1ToBATCHPVAT2" time="23.362" classname="com.focus.testcases.BatchNegativeTestingOptionsTest"/>
  <testcase name="checkSuspendingSalesInvoiceVATVoucher1ForTwentiethScenario" time="19.496" classname="com.focus.testcases.BatchNegativeTestingOptionsTest"/>
  <testcase name="checkEditingAndSavingPurchaseVoucherVATVoucher1ByChangingBatchNoFromBATCHPVAT1ToBATCHPVAT2AfterSuspendingSalesInvoice" time="24.476" classname="com.focus.testcases.BatchNegativeTestingOptionsTest"/>
  <testcase name="checkReSavingSalesInvoiceVATVoucher1AfterChangingBatchNoInPurchaseVoucherVAT1" time="24.902" classname="com.focus.testcases.BatchNegativeTestingOptionsTest"/>
  <testcase name="checkEditingAndSavingPurchaseVoucherVATVoucher1ByChangingBatchNoFromBATCHPVAT2ToBATCHPVAT1" time="24.601" classname="com.focus.testcases.BatchNegativeTestingOptionsTest"/>
  <testcase name="checkReSavingSalesInvoiceVATVoucher1AfterChangingBatchNoToBatchPVAT1InPurchaseVoucherVAT1" time="33.762" classname="com.focus.testcases.BatchNegativeTestingOptionsTest"/>
  <testcase name="checkEditingAndSavingPurchaseVoucherVATVoucher1ByAddingRow2WithSameQuantityAndBatchNo" time="36.003" classname="com.focus.testcases.BatchNegativeTestingOptionsTest"/>
  <testcase name="checkEditingAndSavingPurchaseVoucherVATVoucher1ByDeletingRow1WhichHasConsumedFullyInSalesInvoice" time="59.443" classname="com.focus.testcases.BatchNegativeTestingOptionsTest"/>
  <testcase name="checkSuspendingSalesInvoiceVATVoucher1ForTwentySecondScenario" time="19.332" classname="com.focus.testcases.BatchNegativeTestingOptionsTest"/>
  <testcase name="checkEditingAndSavingPurchaseVoucherVATVoucher1ByDeletingRow1WhichHasConsumedFullyInSalesInvoiceAfterSuspendingSalesInvoice" time="20.835" classname="com.focus.testcases.BatchNegativeTestingOptionsTest"/>
  <testcase name="checkReSavingSalesInvoiceVATVoucher1AfterDeletingARowInPurchaseVoucherVAT1" time="22.883" classname="com.focus.testcases.BatchNegativeTestingOptionsTest"/>
  <testcase name="checkEditingAndSavingPurchaseVoucherVATVoucher1ByAddingRow2WithSameQuantityAndDifferentBatchNo" time="62.213" classname="com.focus.testcases.BatchNegativeTestingOptionsTest"/>
  <testcase name="checkReSavingSalesInvoiceVATVoucher1AfterAddingRow2WithBatchNoAsBatchPVAT2InPurchaseVoucherVAT1" time="36.173" classname="com.focus.testcases.BatchNegativeTestingOptionsTest"/>
  <testcase name="checkEditingAndSavingPurchaseVoucherVATVoucher1ByDeletingRow2WhichHasConsumedFullyInSalesInvoice" time="23.712" classname="com.focus.testcases.BatchNegativeTestingOptionsTest"/>
  <testcase name="checkSuspendingSalesInvoiceVATVoucher1ForTwentyFourthScenario" time="19.601" classname="com.focus.testcases.BatchNegativeTestingOptionsTest"/>
  <testcase name="checkEditingAndSavingPurchaseVoucherVATVoucher1ByDeletingRow2WhichHasConsumedFullyInSalesInvoiceAfterSuspendingSalesInvoice" time="24.175" classname="com.focus.testcases.BatchNegativeTestingOptionsTest"/>
  <testcase name="checkReSavingSalesInvoiceVATVoucher1AfterDeletingARow2InPurchaseVoucherVAT1" time="23.114" classname="com.focus.testcases.BatchNegativeTestingOptionsTest"/>
  <testcase name="checkEditingAndSavingPurchaseVoucherVATVoucher1ByAdding2ndRowWithSameQuantityAndDifferentBatchNo" time="35.191" classname="com.focus.testcases.BatchNegativeTestingOptionsTest"/>
  <testcase name="checkSavingSalesInvoiceVATVoucher1WithQuantityAs11AfterAddingRow2WithBatchNoAsBatchPVAT2InPurchaseVoucherVAT1" time="38.473" classname="com.focus.testcases.BatchNegativeTestingOptionsTest"/>
  <testcase name="checkEditingAndSavingPurchaseVoucherVATVoucher1ByDeleting2ndRowWhichHasConsumedInSalesInvoice" time="22.765" classname="com.focus.testcases.BatchNegativeTestingOptionsTest"/>
  <testcase name="checkSuspendingSalesInvoiceVATVoucher1ForTwentySixthScenario" time="19.935" classname="com.focus.testcases.BatchNegativeTestingOptionsTest"/>
  <testcase name="checkEditingAndSavingPurchaseVoucherVATVoucher1ByDeleting2ndWhichHasConsumedInSalesInvoiceAfterSuspendingSalesInvoice" time="23.941" classname="com.focus.testcases.BatchNegativeTestingOptionsTest"/>
  <testcase name="checkReSavingSalesInvoiceVATVoucher1AfterDeleting2ndRowInPurchaseVoucherVAT1" time="23.42" classname="com.focus.testcases.BatchNegativeTestingOptionsTest"/>
  <testcase name="checkEditingAndSavingPurchaseVoucherVATVoucher1ByAddingRow2WithSameQuantityAndBatchNoForTwentySeventhScenario" time="37.268" classname="com.focus.testcases.BatchNegativeTestingOptionsTest"/>
  <testcase name="checkSavingSalesInvoiceVATVoucher1WithQuantityAs11AfterAddingRow2WithBatchNoAsBatchPVAT1InPurchaseVoucherVAT1" time="37.705" classname="com.focus.testcases.BatchNegativeTestingOptionsTest"/>
  <testcase name="checkEditingAndSavingPurchaseVoucherVATVoucher1ByDeleting2ndRowWhichHasConsumedInSalesInvoice1" time="22.831" classname="com.focus.testcases.BatchNegativeTestingOptionsTest"/>
  <testcase name="checkSuspendingSalesInvoiceVATVoucher1ForTwentyEightScenario" time="19.972" classname="com.focus.testcases.BatchNegativeTestingOptionsTest"/>
  <testcase name="checkEditingAndSavingPurchaseVoucherVATVoucher1ByDeleting2ndAfterSuspendingSalesInvoice" time="27.703" classname="com.focus.testcases.BatchNegativeTestingOptionsTest"/>
  <testcase name="checkReSavingSalesInvoiceVATVoucherAfterDeleting2ndRowInPurchaseVoucherVAT1" time="23.404" classname="com.focus.testcases.BatchNegativeTestingOptionsTest"/>
  <testcase name="checkEditingAndSavingPurchaseVoucherVATVoucherWithCurrentDate" time="31.393" classname="com.focus.testcases.BatchNegativeTestingOptionsTest"/>
  <testcase name="checkDeletingSalesInvoiceVATVoucher1" time="21.075" classname="com.focus.testcases.BatchNegativeTestingOptionsTest"/>
  <testcase name="checkSavingSalesInvoiceVATVoucher1WithDate2DaysMoreThanPresentDate" time="51.131" classname="com.focus.testcases.BatchNegativeTestingOptionsTest"/>
  <testcase name="checkBatchPopupInSalesInvoiceVATVoucher2WithDateAsPreviousDateToSalesInvoice1" time="43.949" classname="com.focus.testcases.BatchNegativeTestingOptionsTest"/>
  <testcase name="checkSuspendingSalesInvoiceVATVoucher1ForThirtiethScenario" time="19.647" classname="com.focus.testcases.BatchNegativeTestingOptionsTest"/>
  <testcase name="checkSavingSalesInvoiceVATVoucher2WithDate1DaysMoreThanSalesInvoiceVoucher1Date" time="46.034" classname="com.focus.testcases.BatchNegativeTestingOptionsTest"/>
  <testcase name="checkReSavingSalesInvoiceVATVoucher1AfterSavingSalesInvoiceVoucher2WithSameValues" time="8.113" classname="com.focus.testcases.BatchNegativeTestingOptionsTest"/>
  <testcase name="checkDeletingSalesInvoiceVATVouchersForThirtyFirstScenario" time="17.609" classname="com.focus.testcases.BatchNegativeTestingOptionsTest"/>
  <testcase name="checkBatchPopupInStockTransferVoucher1" time="24.769" classname="com.focus.testcases.BatchNegativeTestingOptionsTest">
    <failure type="java.lang.AssertionError" message="expected [true] but found [false]">
      <![CDATA[java.lang.AssertionError: expected [true] but found [false]
	at com.focus.testcases.BatchNegativeTestingOptionsTest.checkBatchPopupInStockTransferVoucher1(BatchNegativeTestingOptionsTest.java:996)
... Removed 30 stack frames]]>
    </failure>
  </testcase> <!-- checkBatchPopupInStockTransferVoucher1 -->
  <testcase name="checkSavingStockTransferVoucher1" time="9.679" classname="com.focus.testcases.BatchNegativeTestingOptionsTest">
    <failure type="java.lang.AssertionError" message="expected [true] but found [false]">
      <![CDATA[java.lang.AssertionError: expected [true] but found [false]
	at com.focus.testcases.BatchNegativeTestingOptionsTest.checkSavingStockTransferVoucher1(BatchNegativeTestingOptionsTest.java:1003)
... Removed 30 stack frames]]>
    </failure>
  </testcase> <!-- checkSavingStockTransferVoucher1 -->
  <testcase name="checkLogin" time="82.118" classname="com.focus.testcases.DesignWorkFlowOptionsTest">
    <failure type="org.openqa.selenium.TimeoutException" message="Expected condition failed: waiting for element to be clickable: Proxy element for: DefaultElementLocator &amp;apos;By.xpath: //*[@id=&amp;apos;txtUsername&amp;apos;]&amp;apos; (tried for 40 second(s) with 5000 milliseconds interval)">
      <![CDATA[org.openqa.selenium.TimeoutException: Expected condition failed: waiting for element to be clickable: Proxy element for: DefaultElementLocator 'By.xpath: //*[@id='txtUsername']' (tried for 40 second(s) with 5000 milliseconds interval)
	at org.openqa.selenium.support.ui.FluentWait.timeoutException(FluentWait.java:303)
	at org.openqa.selenium.support.ui.FluentWait.until(FluentWait.java:271)
	at com.focus.Pages.LoginPage.enterUserName(LoginPage.java:901)
	at com.focus.Pages.DesignWorkFLowOptionsPage.checkLogin(DesignWorkFLowOptionsPage.java:21357)
	at com.focus.testcases.DesignWorkFlowOptionsTest.checkLogin(DesignWorkFlowOptionsTest.java:23)
Caused by: org.openqa.selenium.NoSuchElementException: no such element: Unable to locate element: {"method":"xpath","selector":"//*[@id='txtUsername']"}
  (Session info: chrome=108.0.5359.125)
For documentation on this error, please visit: http://seleniumhq.org/exceptions/no_such_element.html
Build info: version: '3.12.0', revision: '7c6e0b3', time: '2018-05-08T14:04:26.12Z'
System info: host: 'FOCUS-QA-133', ip: '192.168.4.108', os.name: 'Windows 10', os.arch: 'amd64', os.version: '10.0', java.version: '1.8.0_111'
Driver info: org.openqa.selenium.chrome.ChromeDriver
Capabilities {acceptInsecureCerts: false, browserName: chrome, browserVersion: 108.0.5359.125, chrome: {chromedriverVersion: 108.0.5359.71 (1e0e3868ee06..., userDataDir: C:\Users\Sanjeev\AppData\Lo...}, goog:chromeOptions: {debuggerAddress: localhost:59364}, javascriptEnabled: true, networkConnectionEnabled: false, pageLoadStrategy: normal, platform: WINDOWS, platformName: WINDOWS, proxy: Proxy(), setWindowRect: true, strictFileInteractability: false, timeouts: {implicit: 0, pageLoad: 300000, script: 30000}, unhandledPromptBehavior: dismiss and notify, webauthn:extension:credBlob: true, webauthn:extension:largeBlob: true, webauthn:virtualAuthenticators: true}
Session ID: 41cf8b003946ab3cc4a004b935051d0b
*** Element info: {Using=xpath, value=//*[@id='txtUsername']}
	at org.openqa.selenium.remote.http.W3CHttpResponseCodec.createException(W3CHttpResponseCodec.java:187)
	at org.openqa.selenium.remote.http.W3CHttpResponseCodec.decode(W3CHttpResponseCodec.java:122)
	at org.openqa.selenium.remote.http.W3CHttpResponseCodec.decode(W3CHttpResponseCodec.java:49)
	at org.openqa.selenium.remote.HttpCommandExecutor.execute(HttpCommandExecutor.java:158)
	at org.openqa.selenium.remote.service.DriverCommandExecutor.execute(DriverCommandExecutor.java:83)
	at org.openqa.selenium.remote.RemoteWebDriver.execute(RemoteWebDriver.java:543)
	at org.openqa.selenium.remote.RemoteWebDriver.findElement(RemoteWebDriver.java:317)
	at org.openqa.selenium.remote.RemoteWebDriver.findElementByXPath(RemoteWebDriver.java:419)
	at org.openqa.selenium.By$ByXPath.findElement(By.java:353)
	at org.openqa.selenium.remote.RemoteWebDriver.findElement(RemoteWebDriver.java:309)
	at org.openqa.selenium.support.pagefactory.DefaultElementLocator.findElement(DefaultElementLocator.java:69)
	at org.openqa.selenium.support.pagefactory.internal.LocatingElementHandler.invoke(LocatingElementHandler.java:38)
	at com.sun.proxy.$Proxy15.isDisplayed(Unknown Source)
	at org.openqa.selenium.support.ui.ExpectedConditions.elementIfVisible(ExpectedConditions.java:315)
	at org.openqa.selenium.support.ui.ExpectedConditions.access$100(ExpectedConditions.java:44)
	at org.openqa.selenium.support.ui.ExpectedConditions$10.apply(ExpectedConditions.java:301)
	at org.openqa.selenium.support.ui.ExpectedConditions$10.apply(ExpectedConditions.java:298)
	at org.openqa.selenium.support.ui.ExpectedConditions$23.apply(ExpectedConditions.java:686)
	at org.openqa.selenium.support.ui.ExpectedConditions$23.apply(ExpectedConditions.java:682)
	at org.openqa.selenium.support.ui.FluentWait.until(FluentWait.java:248)
	... 27 more
... Removed 28 stack frames]]>
    </failure>
  </testcase> <!-- checkLogin -->
  <testcase name="checkBackup" time="47.248" classname="com.focus.testcases.DesignWorkFlowOptionsTest">
    <failure type="java.lang.AssertionError" message="expected [true] but found [false]">
      <![CDATA[java.lang.AssertionError: expected [true] but found [false]
	at com.focus.testcases.DesignWorkFlowOptionsTest.checkBackup(DesignWorkFlowOptionsTest.java:39)
... Removed 30 stack frames]]>
    </failure>
  </testcase> <!-- checkBackup -->
  <testcase name="checkSavingOpeningStockVoucher1WithBatchItem" time="94.219" classname="com.focus.testcases.DesignWorkFlowOptionsTest">
    <failure type="org.openqa.selenium.TimeoutException" message="Expected condition failed: waiting for element to be clickable: Proxy element for: DefaultElementLocator &amp;apos;By.xpath: //input[@id=&amp;apos;id_header_268435460&amp;apos;]&amp;apos; (tried for 40 second(s) with 5000 milliseconds interval)">
      <![CDATA[org.openqa.selenium.TimeoutException: Expected condition failed: waiting for element to be clickable: Proxy element for: DefaultElementLocator 'By.xpath: //input[@id='id_header_268435460']' (tried for 40 second(s) with 5000 milliseconds interval)
	at org.openqa.selenium.support.ui.FluentWait.timeoutException(FluentWait.java:303)
	at org.openqa.selenium.support.ui.FluentWait.until(FluentWait.java:271)
	at com.focus.Pages.DesignWorkFLowOptionsPage.checkSavingOpeningStockVoucher1WithBatchItem(DesignWorkFLowOptionsPage.java:1909)
	at com.focus.testcases.DesignWorkFlowOptionsTest.checkSavingOpeningStockVoucher1WithBatchItem(DesignWorkFlowOptionsTest.java:47)
Caused by: org.openqa.selenium.NoSuchElementException: no such element: Unable to locate element: {"method":"xpath","selector":"//input[@id='id_header_268435460']"}
  (Session info: chrome=108.0.5359.125)
For documentation on this error, please visit: http://seleniumhq.org/exceptions/no_such_element.html
Build info: version: '3.12.0', revision: '7c6e0b3', time: '2018-05-08T14:04:26.12Z'
System info: host: 'FOCUS-QA-133', ip: '192.168.4.108', os.name: 'Windows 10', os.arch: 'amd64', os.version: '10.0', java.version: '1.8.0_111'
Driver info: org.openqa.selenium.chrome.ChromeDriver
Capabilities {acceptInsecureCerts: false, browserName: chrome, browserVersion: 108.0.5359.125, chrome: {chromedriverVersion: 108.0.5359.71 (1e0e3868ee06..., userDataDir: C:\Users\Sanjeev\AppData\Lo...}, goog:chromeOptions: {debuggerAddress: localhost:59364}, javascriptEnabled: true, networkConnectionEnabled: false, pageLoadStrategy: normal, platform: WINDOWS, platformName: WINDOWS, proxy: Proxy(), setWindowRect: true, strictFileInteractability: false, timeouts: {implicit: 0, pageLoad: 300000, script: 30000}, unhandledPromptBehavior: dismiss and notify, webauthn:extension:credBlob: true, webauthn:extension:largeBlob: true, webauthn:virtualAuthenticators: true}
Session ID: 41cf8b003946ab3cc4a004b935051d0b
*** Element info: {Using=xpath, value=//input[@id='id_header_268435460']}
	at org.openqa.selenium.remote.http.W3CHttpResponseCodec.createException(W3CHttpResponseCodec.java:187)
	at org.openqa.selenium.remote.http.W3CHttpResponseCodec.decode(W3CHttpResponseCodec.java:122)
	at org.openqa.selenium.remote.http.W3CHttpResponseCodec.decode(W3CHttpResponseCodec.java:49)
	at org.openqa.selenium.remote.HttpCommandExecutor.execute(HttpCommandExecutor.java:158)
	at org.openqa.selenium.remote.service.DriverCommandExecutor.execute(DriverCommandExecutor.java:83)
	at org.openqa.selenium.remote.RemoteWebDriver.execute(RemoteWebDriver.java:543)
	at org.openqa.selenium.remote.RemoteWebDriver.findElement(RemoteWebDriver.java:317)
	at org.openqa.selenium.remote.RemoteWebDriver.findElementByXPath(RemoteWebDriver.java:419)
	at org.openqa.selenium.By$ByXPath.findElement(By.java:353)
	at org.openqa.selenium.remote.RemoteWebDriver.findElement(RemoteWebDriver.java:309)
	at org.openqa.selenium.support.pagefactory.DefaultElementLocator.findElement(DefaultElementLocator.java:69)
	at org.openqa.selenium.support.pagefactory.internal.LocatingElementHandler.invoke(LocatingElementHandler.java:38)
	at com.sun.proxy.$Proxy15.isDisplayed(Unknown Source)
	at org.openqa.selenium.support.ui.ExpectedConditions.elementIfVisible(ExpectedConditions.java:315)
	at org.openqa.selenium.support.ui.ExpectedConditions.access$100(ExpectedConditions.java:44)
	at org.openqa.selenium.support.ui.ExpectedConditions$10.apply(ExpectedConditions.java:301)
	at org.openqa.selenium.support.ui.ExpectedConditions$10.apply(ExpectedConditions.java:298)
	at org.openqa.selenium.support.ui.ExpectedConditions$23.apply(ExpectedConditions.java:686)
	at org.openqa.selenium.support.ui.ExpectedConditions$23.apply(ExpectedConditions.java:682)
	at org.openqa.selenium.support.ui.FluentWait.until(FluentWait.java:248)
	... 26 more
... Removed 28 stack frames]]>
    </failure>
  </testcase> <!-- checkSavingOpeningStockVoucher1WithBatchItem -->
  <testcase name="checkSavingShortageInStocksVoucher1" time="86.586" classname="com.focus.testcases.DesignWorkFlowOptionsTest">
    <failure type="org.openqa.selenium.TimeoutException" message="Expected condition failed: waiting for element to be clickable: Proxy element for: DefaultElementLocator &amp;apos;By.xpath: //a[@id=&amp;apos;2074&amp;apos;]/span&amp;apos; (tried for 40 second(s) with 5000 milliseconds interval)">
      <![CDATA[org.openqa.selenium.TimeoutException: Expected condition failed: waiting for element to be clickable: Proxy element for: DefaultElementLocator 'By.xpath: //a[@id='2074']/span' (tried for 40 second(s) with 5000 milliseconds interval)
	at org.openqa.selenium.support.ui.FluentWait.timeoutException(FluentWait.java:303)
	at org.openqa.selenium.support.ui.FluentWait.until(FluentWait.java:271)
	at com.focus.Pages.DesignWorkFLowOptionsPage.checkSavingShortageInStocksVoucher1(DesignWorkFLowOptionsPage.java:2205)
	at com.focus.testcases.DesignWorkFlowOptionsTest.checkSavingShortageInStocksVoucher1(DesignWorkFlowOptionsTest.java:54)
Caused by: org.openqa.selenium.NoSuchElementException: no such element: Unable to locate element: {"method":"xpath","selector":"//a[@id='2074']/span"}
  (Session info: chrome=108.0.5359.125)
For documentation on this error, please visit: http://seleniumhq.org/exceptions/no_such_element.html
Build info: version: '3.12.0', revision: '7c6e0b3', time: '2018-05-08T14:04:26.12Z'
System info: host: 'FOCUS-QA-133', ip: '192.168.4.108', os.name: 'Windows 10', os.arch: 'amd64', os.version: '10.0', java.version: '1.8.0_111'
Driver info: org.openqa.selenium.chrome.ChromeDriver
Capabilities {acceptInsecureCerts: false, browserName: chrome, browserVersion: 108.0.5359.125, chrome: {chromedriverVersion: 108.0.5359.71 (1e0e3868ee06..., userDataDir: C:\Users\Sanjeev\AppData\Lo...}, goog:chromeOptions: {debuggerAddress: localhost:59364}, javascriptEnabled: true, networkConnectionEnabled: false, pageLoadStrategy: normal, platform: WINDOWS, platformName: WINDOWS, proxy: Proxy(), setWindowRect: true, strictFileInteractability: false, timeouts: {implicit: 0, pageLoad: 300000, script: 30000}, unhandledPromptBehavior: dismiss and notify, webauthn:extension:credBlob: true, webauthn:extension:largeBlob: true, webauthn:virtualAuthenticators: true}
Session ID: 41cf8b003946ab3cc4a004b935051d0b
*** Element info: {Using=xpath, value=//a[@id='2074']/span}
	at org.openqa.selenium.remote.http.W3CHttpResponseCodec.createException(W3CHttpResponseCodec.java:187)
	at org.openqa.selenium.remote.http.W3CHttpResponseCodec.decode(W3CHttpResponseCodec.java:122)
	at org.openqa.selenium.remote.http.W3CHttpResponseCodec.decode(W3CHttpResponseCodec.java:49)
	at org.openqa.selenium.remote.HttpCommandExecutor.execute(HttpCommandExecutor.java:158)
	at org.openqa.selenium.remote.service.DriverCommandExecutor.execute(DriverCommandExecutor.java:83)
	at org.openqa.selenium.remote.RemoteWebDriver.execute(RemoteWebDriver.java:543)
	at org.openqa.selenium.remote.RemoteWebDriver.findElement(RemoteWebDriver.java:317)
	at org.openqa.selenium.remote.RemoteWebDriver.findElementByXPath(RemoteWebDriver.java:419)
	at org.openqa.selenium.By$ByXPath.findElement(By.java:353)
	at org.openqa.selenium.remote.RemoteWebDriver.findElement(RemoteWebDriver.java:309)
	at org.openqa.selenium.support.pagefactory.DefaultElementLocator.findElement(DefaultElementLocator.java:69)
	at org.openqa.selenium.support.pagefactory.internal.LocatingElementHandler.invoke(LocatingElementHandler.java:38)
	at com.sun.proxy.$Proxy15.isDisplayed(Unknown Source)
	at org.openqa.selenium.support.ui.ExpectedConditions.elementIfVisible(ExpectedConditions.java:315)
	at org.openqa.selenium.support.ui.ExpectedConditions.access$100(ExpectedConditions.java:44)
	at org.openqa.selenium.support.ui.ExpectedConditions$10.apply(ExpectedConditions.java:301)
	at org.openqa.selenium.support.ui.ExpectedConditions$10.apply(ExpectedConditions.java:298)
	at org.openqa.selenium.support.ui.ExpectedConditions$23.apply(ExpectedConditions.java:686)
	at org.openqa.selenium.support.ui.ExpectedConditions$23.apply(ExpectedConditions.java:682)
	at org.openqa.selenium.support.ui.FluentWait.until(FluentWait.java:248)
	... 26 more
... Removed 28 stack frames]]>
    </failure>
  </testcase> <!-- checkSavingShortageInStocksVoucher1 -->
  <testcase name="checkExcessesInStocksVoucherBatchNosByConvertingPendingShortageInStocks" time="80.496" classname="com.focus.testcases.DesignWorkFlowOptionsTest">
    <failure type="org.openqa.selenium.TimeoutException" message="Expected condition failed: waiting for element to be clickable: Proxy element for: DefaultElementLocator &amp;apos;By.xpath: //a[@id=&amp;apos;2075&amp;apos;]/span&amp;apos; (tried for 40 second(s) with 5000 milliseconds interval)">
      <![CDATA[org.openqa.selenium.TimeoutException: Expected condition failed: waiting for element to be clickable: Proxy element for: DefaultElementLocator 'By.xpath: //a[@id='2075']/span' (tried for 40 second(s) with 5000 milliseconds interval)
	at org.openqa.selenium.support.ui.FluentWait.timeoutException(FluentWait.java:303)
	at org.openqa.selenium.support.ui.FluentWait.until(FluentWait.java:271)
	at com.focus.Pages.DesignWorkFLowOptionsPage.checkExcessesInStocksVoucherBatchNosByConvertingPendingShortageInStocks(DesignWorkFLowOptionsPage.java:2372)
	at com.focus.testcases.DesignWorkFlowOptionsTest.checkExcessesInStocksVoucherBatchNosByConvertingPendingShortageInStocks(DesignWorkFlowOptionsTest.java:61)
Caused by: org.openqa.selenium.NoSuchElementException: no such element: Unable to locate element: {"method":"xpath","selector":"//a[@id='2075']/span"}
  (Session info: chrome=108.0.5359.125)
For documentation on this error, please visit: http://seleniumhq.org/exceptions/no_such_element.html
Build info: version: '3.12.0', revision: '7c6e0b3', time: '2018-05-08T14:04:26.12Z'
System info: host: 'FOCUS-QA-133', ip: '192.168.4.108', os.name: 'Windows 10', os.arch: 'amd64', os.version: '10.0', java.version: '1.8.0_111'
Driver info: org.openqa.selenium.chrome.ChromeDriver
Capabilities {acceptInsecureCerts: false, browserName: chrome, browserVersion: 108.0.5359.125, chrome: {chromedriverVersion: 108.0.5359.71 (1e0e3868ee06..., userDataDir: C:\Users\Sanjeev\AppData\Lo...}, goog:chromeOptions: {debuggerAddress: localhost:59364}, javascriptEnabled: true, networkConnectionEnabled: false, pageLoadStrategy: normal, platform: WINDOWS, platformName: WINDOWS, proxy: Proxy(), setWindowRect: true, strictFileInteractability: false, timeouts: {implicit: 0, pageLoad: 300000, script: 30000}, unhandledPromptBehavior: dismiss and notify, webauthn:extension:credBlob: true, webauthn:extension:largeBlob: true, webauthn:virtualAuthenticators: true}
Session ID: 41cf8b003946ab3cc4a004b935051d0b
*** Element info: {Using=xpath, value=//a[@id='2075']/span}
	at org.openqa.selenium.remote.http.W3CHttpResponseCodec.createException(W3CHttpResponseCodec.java:187)
	at org.openqa.selenium.remote.http.W3CHttpResponseCodec.decode(W3CHttpResponseCodec.java:122)
	at org.openqa.selenium.remote.http.W3CHttpResponseCodec.decode(W3CHttpResponseCodec.java:49)
	at org.openqa.selenium.remote.HttpCommandExecutor.execute(HttpCommandExecutor.java:158)
	at org.openqa.selenium.remote.service.DriverCommandExecutor.execute(DriverCommandExecutor.java:83)
	at org.openqa.selenium.remote.RemoteWebDriver.execute(RemoteWebDriver.java:543)
	at org.openqa.selenium.remote.RemoteWebDriver.findElement(RemoteWebDriver.java:317)
	at org.openqa.selenium.remote.RemoteWebDriver.findElementByXPath(RemoteWebDriver.java:419)
	at org.openqa.selenium.By$ByXPath.findElement(By.java:353)
	at org.openqa.selenium.remote.RemoteWebDriver.findElement(RemoteWebDriver.java:309)
	at org.openqa.selenium.support.pagefactory.DefaultElementLocator.findElement(DefaultElementLocator.java:69)
	at org.openqa.selenium.support.pagefactory.internal.LocatingElementHandler.invoke(LocatingElementHandler.java:38)
	at com.sun.proxy.$Proxy15.isDisplayed(Unknown Source)
	at org.openqa.selenium.support.ui.ExpectedConditions.elementIfVisible(ExpectedConditions.java:315)
	at org.openqa.selenium.support.ui.ExpectedConditions.access$100(ExpectedConditions.java:44)
	at org.openqa.selenium.support.ui.ExpectedConditions$10.apply(ExpectedConditions.java:301)
	at org.openqa.selenium.support.ui.ExpectedConditions$10.apply(ExpectedConditions.java:298)
	at org.openqa.selenium.support.ui.ExpectedConditions$23.apply(ExpectedConditions.java:686)
	at org.openqa.selenium.support.ui.ExpectedConditions$23.apply(ExpectedConditions.java:682)
	at org.openqa.selenium.support.ui.FluentWait.until(FluentWait.java:248)
	... 26 more
... Removed 28 stack frames]]>
    </failure>
  </testcase> <!-- checkExcessesInStocksVoucherBatchNosByConvertingPendingShortageInStocks -->
  <testcase name="checkExcessesInStocksVoucherBatchNosByWorkFlow" time="800.701" classname="com.focus.testcases.DesignWorkFlowOptionsTest">
    <failure type="org.openqa.selenium.TimeoutException" message="Expected condition failed: waiting for alert to be present (tried for 800 second(s) with 500 milliseconds interval)
Build info: version: &amp;apos;3.12.0&amp;apos;, revision: &amp;apos;7c6e0b3&amp;apos;, time: &amp;apos;2018-05-08T14:04:26.12Z&amp;apos;
System info: host: &amp;apos;FOCUS-QA-133&amp;apos;, ip: &amp;apos;192.168.4.108&amp;apos;, os.name: &amp;apos;Windows 10&amp;apos;, os.arch: &amp;apos;amd64&amp;apos;, os.version: &amp;apos;10.0&amp;apos;, java.version: &amp;apos;1.8.0_111&amp;apos;
Driver info: org.openqa.selenium.chrome.ChromeDriver
Capabilities {acceptInsecureCerts: false, browserName: chrome, browserVersion: 108.0.5359.125, chrome: {chromedriverVersion: 108.0.5359.71 (1e0e3868ee06..., userDataDir: C:\Users\Sanjeev\AppData\Lo...}, goog:chromeOptions: {debuggerAddress: localhost:59364}, javascriptEnabled: true, networkConnectionEnabled: false, pageLoadStrategy: normal, platform: WINDOWS, platformName: WINDOWS, proxy: Proxy(), setWindowRect: true, strictFileInteractability: false, timeouts: {implicit: 0, pageLoad: 300000, script: 30000}, unhandledPromptBehavior: dismiss and notify, webauthn:extension:credBlob: true, webauthn:extension:largeBlob: true, webauthn:virtualAuthenticators: true}
Session ID: 41cf8b003946ab3cc4a004b935051d0b">
      <![CDATA[org.openqa.selenium.TimeoutException: Expected condition failed: waiting for alert to be present (tried for 800 second(s) with 500 milliseconds interval)
Build info: version: '3.12.0', revision: '7c6e0b3', time: '2018-05-08T14:04:26.12Z'
System info: host: 'FOCUS-QA-133', ip: '192.168.4.108', os.name: 'Windows 10', os.arch: 'amd64', os.version: '10.0', java.version: '1.8.0_111'
Driver info: org.openqa.selenium.chrome.ChromeDriver
Capabilities {acceptInsecureCerts: false, browserName: chrome, browserVersion: 108.0.5359.125, chrome: {chromedriverVersion: 108.0.5359.71 (1e0e3868ee06..., userDataDir: C:\Users\Sanjeev\AppData\Lo...}, goog:chromeOptions: {debuggerAddress: localhost:59364}, javascriptEnabled: true, networkConnectionEnabled: false, pageLoadStrategy: normal, platform: WINDOWS, platformName: WINDOWS, proxy: Proxy(), setWindowRect: true, strictFileInteractability: false, timeouts: {implicit: 0, pageLoad: 300000, script: 30000}, unhandledPromptBehavior: dismiss and notify, webauthn:extension:credBlob: true, webauthn:extension:largeBlob: true, webauthn:virtualAuthenticators: true}
Session ID: 41cf8b003946ab3cc4a004b935051d0b
	at org.openqa.selenium.support.ui.WebDriverWait.timeoutException(WebDriverWait.java:81)
	at org.openqa.selenium.support.ui.FluentWait.until(FluentWait.java:271)
	at com.focus.base.BaseEngine.getWaitForAlert(BaseEngine.java:255)
	at com.focus.Pages.DesignWorkFLowOptionsPage.checkExcessesInStocksVoucherBatchNosByWorkFlow(DesignWorkFLowOptionsPage.java:2420)
	at com.focus.testcases.DesignWorkFlowOptionsTest.checkExcessesInStocksVoucherBatchNosByWorkFlow(DesignWorkFlowOptionsTest.java:68)
... Removed 24 stack frames]]>
    </failure>
  </testcase> <!-- checkExcessesInStocksVoucherBatchNosByWorkFlow -->
  <testcase name="checkEraseAllTransactionsAfterExcessesInStocks" time="8.217" classname="com.focus.testcases.DesignWorkFlowOptionsTest"/>
  <testcase name="checkInputingWorkflowNameAsPurchasesFlow" time="6.831" classname="com.focus.testcases.DesignWorkFlowOptionsTest"/>
  <testcase name="checkLinkBetweenPurchaseOrderAndPVN" time="4.856" classname="com.focus.testcases.DesignWorkFlowOptionsTest"/>
  <testcase name="CheckLinkValueDropDownOptions" time="0.317" classname="com.focus.testcases.DesignWorkFlowOptionsTest"/>
  <testcase name="checkSelectingQuantityinLinkValueOptionBetweenPurchaseOrderAndPvn" time="0.211" classname="com.focus.testcases.DesignWorkFlowOptionsTest"/>
  <testcase name="checkSelectingItemOptionBetweenPurchaseOrderAndPvn" time="1.955" classname="com.focus.testcases.DesignWorkFlowOptionsTest"/>
  <testcase name="checkMapOptionAndMappedFields" time="8.878" classname="com.focus.testcases.DesignWorkFlowOptionsTest"/>
  <testcase name="checkSavingPurchaseOrders" time="21.894" classname="com.focus.testcases.DesignWorkFlowOptionsTest"/>
  <testcase name="checkPendingPurchaseOrdersPurchaseVoucherNHomePage" time="8.982" classname="com.focus.testcases.DesignWorkFlowOptionsTest"/>
  <testcase name="checkPendingLinksThroughConvertOptionWithSelectingRow" time="7.7" classname="com.focus.testcases.DesignWorkFlowOptionsTest"/>
  <testcase name="checkSavingPurchaseVoucherWithCovertOptionWithAllMandatoryFields" time="23.286" classname="com.focus.testcases.DesignWorkFlowOptionsTest"/>
  <testcase name="checkEraseAllTransactionsAfterIntialCheck" time="8.136" classname="com.focus.testcases.DesignWorkFlowOptionsTest"/>
  <testcase name="checkSavingPurchaseOrdersAfterUpdatingMapFields" time="20.255" classname="com.focus.testcases.DesignWorkFlowOptionsTest"/>
  <testcase name="checkPendingLinksThroughConvertOptionAfterMapFieldsUpdating" time="18.678" classname="com.focus.testcases.DesignWorkFlowOptionsTest"/>
  <testcase name="CheckSavingAndDeleteAllTransactions" time="61.113" classname="com.focus.testcases.DesignWorkFlowOptionsTest"/>
  <testcase name="checkRaiseLinkDocumentWhenBaseIsSavedOption" time="251.64" classname="com.focus.testcases.DesignWorkFlowOptionsTest">
    <failure type="java.lang.AssertionError" message="expected [true] but found [false]">
      <![CDATA[java.lang.AssertionError: expected [true] but found [false]
	at com.focus.testcases.DesignWorkFlowOptionsTest.checkRaiseLinkDocumentWhenBaseIsSavedOption(DesignWorkFlowOptionsTest.java:200)
... Removed 30 stack frames]]>
    </failure>
  </testcase> <!-- checkRaiseLinkDocumentWhenBaseIsSavedOption -->
  <testcase name="checkAutoCLoseInDaysOption" time="245.592" classname="com.focus.testcases.DesignWorkFlowOptionsTest"/>
  <testcase name="checkConsolidateOnDocumentWhenDisplayingInSelection" time="233.958" classname="com.focus.testcases.DesignWorkFlowOptionsTest">
    <failure type="java.lang.AssertionError" message="expected [true] but found [false]">
      <![CDATA[java.lang.AssertionError: expected [true] but found [false]
	at com.focus.testcases.DesignWorkFlowOptionsTest.checkConsolidateOnDocumentWhenDisplayingInSelection(DesignWorkFlowOptionsTest.java:217)
... Removed 30 stack frames]]>
    </failure>
  </testcase> <!-- checkConsolidateOnDocumentWhenDisplayingInSelection -->
  <testcase name="checkCheckStockWhileLinkingOption" time="369.666" classname="com.focus.testcases.DesignWorkFlowOptionsTest">
    <failure type="java.lang.AssertionError" message="expected [true] but found [false]">
      <![CDATA[java.lang.AssertionError: expected [true] but found [false]
	at com.focus.testcases.DesignWorkFlowOptionsTest.checkCheckStockWhileLinkingOption(DesignWorkFlowOptionsTest.java:226)
... Removed 30 stack frames]]>
    </failure>
  </testcase> <!-- checkCheckStockWhileLinkingOption -->
  <testcase name="checkCannotExceedTheBaseValueOption" time="314.945" classname="com.focus.testcases.DesignWorkFlowOptionsTest">
    <failure type="java.lang.AssertionError" message="expected [true] but found [false]">
      <![CDATA[java.lang.AssertionError: expected [true] but found [false]
	at com.focus.testcases.DesignWorkFlowOptionsTest.checkCannotExceedTheBaseValueOption(DesignWorkFlowOptionsTest.java:233)
... Removed 30 stack frames]]>
    </failure>
  </testcase> <!-- checkCannotExceedTheBaseValueOption -->
  <testcase name="checkBaseDocumentCannotBeEditiedAfterItIsLinkedOption" time="267.945" classname="com.focus.testcases.DesignWorkFlowOptionsTest">
    <failure type="java.lang.AssertionError" message="expected [true] but found [false]">
      <![CDATA[java.lang.AssertionError: expected [true] but found [false]
	at com.focus.testcases.DesignWorkFlowOptionsTest.checkBaseDocumentCannotBeEditiedAfterItIsLinkedOption(DesignWorkFlowOptionsTest.java:240)
... Removed 30 stack frames]]>
    </failure>
  </testcase> <!-- checkBaseDocumentCannotBeEditiedAfterItIsLinkedOption -->
  <testcase name="checkCloseLinkAfterDueDateElapses" time="257.95" classname="com.focus.testcases.DesignWorkFlowOptionsTest"/>
  <testcase name="checkLinkIsMandatoryOption" time="247.672" classname="com.focus.testcases.DesignWorkFlowOptionsTest"/>
  <testcase name="checkDoNotClubWithCommonBaseOption" time="451.753" classname="com.focus.testcases.DesignWorkFlowOptionsTest">
    <failure type="java.lang.AssertionError" message="expected [true] but found [false]">
      <![CDATA[java.lang.AssertionError: expected [true] but found [false]
	at com.focus.testcases.DesignWorkFlowOptionsTest.checkDoNotClubWithCommonBaseOption(DesignWorkFlowOptionsTest.java:261)
... Removed 30 stack frames]]>
    </failure>
  </testcase> <!-- checkDoNotClubWithCommonBaseOption -->
  <testcase name="checkDoNotAllowSelectionIfLinksFieldsAreNotSelectedOption" time="335.777" classname="com.focus.testcases.DesignWorkFlowOptionsTest">
    <failure type="java.lang.AssertionError" message="expected [true] but found [false]">
      <![CDATA[java.lang.AssertionError: expected [true] but found [false]
	at com.focus.testcases.DesignWorkFlowOptionsTest.checkDoNotAllowSelectionIfLinksFieldsAreNotSelectedOption(DesignWorkFlowOptionsTest.java:269)
... Removed 30 stack frames]]>
    </failure>
  </testcase> <!-- checkDoNotAllowSelectionIfLinksFieldsAreNotSelectedOption -->
  <testcase name="checkAllowBackDatedLinkingOption" time="245.667" classname="com.focus.testcases.DesignWorkFlowOptionsTest"/>
  <testcase name="checkRecheckBeforeTheSavingIfLinkIsConsumedElseWhereOnTheNetWorkOption" time="147.53" classname="com.focus.testcases.DesignWorkFlowOptionsTest">
    <failure type="java.lang.IndexOutOfBoundsException" message="Index: 1, Size: 1">
      <![CDATA[java.lang.IndexOutOfBoundsException: Index: 1, Size: 1
	at java.util.ArrayList.rangeCheck(Unknown Source)
	at java.util.ArrayList.get(Unknown Source)
	at com.focus.Pages.DesignWorkFLowOptionsPage.checkRecheckBeforeTheSavingIfLinkIsConsumedElseWhereOnTheNetWorkOption(DesignWorkFLowOptionsPage.java:10162)
	at com.focus.testcases.DesignWorkFlowOptionsTest.checkRecheckBeforeTheSavingIfLinkIsConsumedElseWhereOnTheNetWorkOption(DesignWorkFlowOptionsTest.java:285)
... Removed 24 stack frames]]>
    </failure>
  </testcase> <!-- checkRecheckBeforeTheSavingIfLinkIsConsumedElseWhereOnTheNetWorkOption -->
  <testcase name="checkUseThisLinkOnlyForLoadingOption" time="138.769" classname="com.focus.testcases.DesignWorkFlowOptionsTest">
    <failure type="java.lang.IndexOutOfBoundsException" message="Index: 1, Size: 1">
      <![CDATA[java.lang.IndexOutOfBoundsException: Index: 1, Size: 1
	at java.util.ArrayList.rangeCheck(Unknown Source)
	at java.util.ArrayList.get(Unknown Source)
	at com.focus.Pages.DesignWorkFLowOptionsPage.checkUseThisLinkOnlyForLoadingOption(DesignWorkFLowOptionsPage.java:10582)
	at com.focus.testcases.DesignWorkFlowOptionsTest.checkUseThisLinkOnlyForLoadingOption(DesignWorkFlowOptionsTest.java:292)
... Removed 24 stack frames]]>
    </failure>
  </testcase> <!-- checkUseThisLinkOnlyForLoadingOption -->
  <testcase name="checkLoadTheBaseDocumentDetailsAtTheTimeOfLinkingOption" time="274.858" classname="com.focus.testcases.DesignWorkFlowOptionsTest">
    <failure type="java.lang.AssertionError" message="expected [true] but found [false]">
      <![CDATA[java.lang.AssertionError: expected [true] but found [false]
	at com.focus.testcases.DesignWorkFlowOptionsTest.checkLoadTheBaseDocumentDetailsAtTheTimeOfLinkingOption(DesignWorkFlowOptionsTest.java:300)
... Removed 30 stack frames]]>
    </failure>
  </testcase> <!-- checkLoadTheBaseDocumentDetailsAtTheTimeOfLinkingOption -->
  <testcase name="checkLinkIsOptionalIfTheDocumentIsLinkedToOtherBaseDocumentOption" time="204.826" classname="com.focus.testcases.DesignWorkFlowOptionsTest">
    <failure type="org.openqa.selenium.TimeoutException" message="Expected condition failed: waiting for element to be clickable: Proxy element for: DefaultElementLocator &amp;apos;By.xpath: //div[@id=&amp;apos;myNavbar&amp;apos;]//span[@class=&amp;apos;icon-new icon-font6&amp;apos;]&amp;apos; (tried for 40 second(s) with 5000 milliseconds interval)">
      <![CDATA[org.openqa.selenium.TimeoutException: Expected condition failed: waiting for element to be clickable: Proxy element for: DefaultElementLocator 'By.xpath: //div[@id='myNavbar']//span[@class='icon-new icon-font6']' (tried for 40 second(s) with 5000 milliseconds interval)
	at org.openqa.selenium.support.ui.FluentWait.timeoutException(FluentWait.java:303)
	at org.openqa.selenium.support.ui.FluentWait.until(FluentWait.java:271)
	at com.focus.Pages.DesignWorkFLowOptionsPage.checkLinkIsOptionalIfTheDocumentIsLinkedToOtherBaseDocumentOption(DesignWorkFLowOptionsPage.java:11795)
	at com.focus.testcases.DesignWorkFlowOptionsTest.checkLinkIsOptionalIfTheDocumentIsLinkedToOtherBaseDocumentOption(DesignWorkFlowOptionsTest.java:307)
Caused by: org.openqa.selenium.NoSuchElementException: no such element: Unable to locate element: {"method":"xpath","selector":"//div[@id='myNavbar']//span[@class='icon-new icon-font6']"}
  (Session info: chrome=108.0.5359.125)
For documentation on this error, please visit: http://seleniumhq.org/exceptions/no_such_element.html
Build info: version: '3.12.0', revision: '7c6e0b3', time: '2018-05-08T14:04:26.12Z'
System info: host: 'FOCUS-QA-133', ip: '192.168.4.108', os.name: 'Windows 10', os.arch: 'amd64', os.version: '10.0', java.version: '1.8.0_111'
Driver info: org.openqa.selenium.chrome.ChromeDriver
Capabilities {acceptInsecureCerts: false, browserName: chrome, browserVersion: 108.0.5359.125, chrome: {chromedriverVersion: 108.0.5359.71 (1e0e3868ee06..., userDataDir: C:\Users\Sanjeev\AppData\Lo...}, goog:chromeOptions: {debuggerAddress: localhost:59364}, javascriptEnabled: true, networkConnectionEnabled: false, pageLoadStrategy: normal, platform: WINDOWS, platformName: WINDOWS, proxy: Proxy(), setWindowRect: true, strictFileInteractability: false, timeouts: {implicit: 0, pageLoad: 300000, script: 30000}, unhandledPromptBehavior: dismiss and notify, webauthn:extension:credBlob: true, webauthn:extension:largeBlob: true, webauthn:virtualAuthenticators: true}
Session ID: 41cf8b003946ab3cc4a004b935051d0b
*** Element info: {Using=xpath, value=//div[@id='myNavbar']//span[@class='icon-new icon-font6']}
	at org.openqa.selenium.remote.http.W3CHttpResponseCodec.createException(W3CHttpResponseCodec.java:187)
	at org.openqa.selenium.remote.http.W3CHttpResponseCodec.decode(W3CHttpResponseCodec.java:122)
	at org.openqa.selenium.remote.http.W3CHttpResponseCodec.decode(W3CHttpResponseCodec.java:49)
	at org.openqa.selenium.remote.HttpCommandExecutor.execute(HttpCommandExecutor.java:158)
	at org.openqa.selenium.remote.service.DriverCommandExecutor.execute(DriverCommandExecutor.java:83)
	at org.openqa.selenium.remote.RemoteWebDriver.execute(RemoteWebDriver.java:543)
	at org.openqa.selenium.remote.RemoteWebDriver.findElement(RemoteWebDriver.java:317)
	at org.openqa.selenium.remote.RemoteWebDriver.findElementByXPath(RemoteWebDriver.java:419)
	at org.openqa.selenium.By$ByXPath.findElement(By.java:353)
	at org.openqa.selenium.remote.RemoteWebDriver.findElement(RemoteWebDriver.java:309)
	at org.openqa.selenium.support.pagefactory.DefaultElementLocator.findElement(DefaultElementLocator.java:69)
	at org.openqa.selenium.support.pagefactory.internal.LocatingElementHandler.invoke(LocatingElementHandler.java:38)
	at com.sun.proxy.$Proxy15.isDisplayed(Unknown Source)
	at org.openqa.selenium.support.ui.ExpectedConditions.elementIfVisible(ExpectedConditions.java:315)
	at org.openqa.selenium.support.ui.ExpectedConditions.access$100(ExpectedConditions.java:44)
	at org.openqa.selenium.support.ui.ExpectedConditions$10.apply(ExpectedConditions.java:301)
	at org.openqa.selenium.support.ui.ExpectedConditions$10.apply(ExpectedConditions.java:298)
	at org.openqa.selenium.support.ui.ExpectedConditions$23.apply(ExpectedConditions.java:686)
	at org.openqa.selenium.support.ui.ExpectedConditions$23.apply(ExpectedConditions.java:682)
	at org.openqa.selenium.support.ui.FluentWait.until(FluentWait.java:248)
	... 26 more
... Removed 27 stack frames]]>
    </failure>
  </testcase> <!-- checkLinkIsOptionalIfTheDocumentIsLinkedToOtherBaseDocumentOption -->
  <testcase name="checkRaiseLinkDocumentWhenBaseIsSaved" time="116.599" classname="com.focus.testcases.DesignWorkFlowOptionsTest">
    <failure type="org.openqa.selenium.TimeoutException" message="Expected condition failed: waiting for element to be clickable: Proxy element for: DefaultElementLocator &amp;apos;By.xpath: //div[@id=&amp;apos;myNavbar&amp;apos;]//span[@class=&amp;apos;icon-new icon-font6&amp;apos;]&amp;apos; (tried for 40 second(s) with 5000 milliseconds interval)">
      <![CDATA[org.openqa.selenium.TimeoutException: Expected condition failed: waiting for element to be clickable: Proxy element for: DefaultElementLocator 'By.xpath: //div[@id='myNavbar']//span[@class='icon-new icon-font6']' (tried for 40 second(s) with 5000 milliseconds interval)
	at org.openqa.selenium.support.ui.FluentWait.timeoutException(FluentWait.java:303)
	at org.openqa.selenium.support.ui.FluentWait.until(FluentWait.java:271)
	at com.focus.Pages.DesignWorkFLowOptionsPage.checkRaiseLinkDocumentWhenBaseIsSaved(DesignWorkFLowOptionsPage.java:12345)
	at com.focus.testcases.DesignWorkFlowOptionsTest.checkRaiseLinkDocumentWhenBaseIsSaved(DesignWorkFlowOptionsTest.java:314)
Caused by: org.openqa.selenium.NoSuchElementException: no such element: Unable to locate element: {"method":"xpath","selector":"//div[@id='myNavbar']//span[@class='icon-new icon-font6']"}
  (Session info: chrome=108.0.5359.125)
For documentation on this error, please visit: http://seleniumhq.org/exceptions/no_such_element.html
Build info: version: '3.12.0', revision: '7c6e0b3', time: '2018-05-08T14:04:26.12Z'
System info: host: 'FOCUS-QA-133', ip: '192.168.4.108', os.name: 'Windows 10', os.arch: 'amd64', os.version: '10.0', java.version: '1.8.0_111'
Driver info: org.openqa.selenium.chrome.ChromeDriver
Capabilities {acceptInsecureCerts: false, browserName: chrome, browserVersion: 108.0.5359.125, chrome: {chromedriverVersion: 108.0.5359.71 (1e0e3868ee06..., userDataDir: C:\Users\Sanjeev\AppData\Lo...}, goog:chromeOptions: {debuggerAddress: localhost:59364}, javascriptEnabled: true, networkConnectionEnabled: false, pageLoadStrategy: normal, platform: WINDOWS, platformName: WINDOWS, proxy: Proxy(), setWindowRect: true, strictFileInteractability: false, timeouts: {implicit: 0, pageLoad: 300000, script: 30000}, unhandledPromptBehavior: dismiss and notify, webauthn:extension:credBlob: true, webauthn:extension:largeBlob: true, webauthn:virtualAuthenticators: true}
Session ID: 41cf8b003946ab3cc4a004b935051d0b
*** Element info: {Using=xpath, value=//div[@id='myNavbar']//span[@class='icon-new icon-font6']}
	at org.openqa.selenium.remote.http.W3CHttpResponseCodec.createException(W3CHttpResponseCodec.java:187)
	at org.openqa.selenium.remote.http.W3CHttpResponseCodec.decode(W3CHttpResponseCodec.java:122)
	at org.openqa.selenium.remote.http.W3CHttpResponseCodec.decode(W3CHttpResponseCodec.java:49)
	at org.openqa.selenium.remote.HttpCommandExecutor.execute(HttpCommandExecutor.java:158)
	at org.openqa.selenium.remote.service.DriverCommandExecutor.execute(DriverCommandExecutor.java:83)
	at org.openqa.selenium.remote.RemoteWebDriver.execute(RemoteWebDriver.java:543)
	at org.openqa.selenium.remote.RemoteWebDriver.findElement(RemoteWebDriver.java:317)
	at org.openqa.selenium.remote.RemoteWebDriver.findElementByXPath(RemoteWebDriver.java:419)
	at org.openqa.selenium.By$ByXPath.findElement(By.java:353)
	at org.openqa.selenium.remote.RemoteWebDriver.findElement(RemoteWebDriver.java:309)
	at org.openqa.selenium.support.pagefactory.DefaultElementLocator.findElement(DefaultElementLocator.java:69)
	at org.openqa.selenium.support.pagefactory.internal.LocatingElementHandler.invoke(LocatingElementHandler.java:38)
	at com.sun.proxy.$Proxy15.isDisplayed(Unknown Source)
	at org.openqa.selenium.support.ui.ExpectedConditions.elementIfVisible(ExpectedConditions.java:315)
	at org.openqa.selenium.support.ui.ExpectedConditions.access$100(ExpectedConditions.java:44)
	at org.openqa.selenium.support.ui.ExpectedConditions$10.apply(ExpectedConditions.java:301)
	at org.openqa.selenium.support.ui.ExpectedConditions$10.apply(ExpectedConditions.java:298)
	at org.openqa.selenium.support.ui.ExpectedConditions$23.apply(ExpectedConditions.java:686)
	at org.openqa.selenium.support.ui.ExpectedConditions$23.apply(ExpectedConditions.java:682)
	at org.openqa.selenium.support.ui.FluentWait.until(FluentWait.java:248)
	... 26 more
... Removed 27 stack frames]]>
    </failure>
  </testcase> <!-- checkRaiseLinkDocumentWhenBaseIsSaved -->
  <testcase name="checkLoadPendingDocumentsAndBasedOnFieldOption" time="117.57" classname="com.focus.testcases.DesignWorkFlowOptionsTest">
    <failure type="org.openqa.selenium.TimeoutException" message="Expected condition failed: waiting for element to be clickable: Proxy element for: DefaultElementLocator &amp;apos;By.xpath: //div[@id=&amp;apos;myNavbar&amp;apos;]//span[@class=&amp;apos;icon-new icon-font6&amp;apos;]&amp;apos; (tried for 40 second(s) with 5000 milliseconds interval)">
      <![CDATA[org.openqa.selenium.TimeoutException: Expected condition failed: waiting for element to be clickable: Proxy element for: DefaultElementLocator 'By.xpath: //div[@id='myNavbar']//span[@class='icon-new icon-font6']' (tried for 40 second(s) with 5000 milliseconds interval)
	at org.openqa.selenium.support.ui.FluentWait.timeoutException(FluentWait.java:303)
	at org.openqa.selenium.support.ui.FluentWait.until(FluentWait.java:271)
	at com.focus.Pages.DesignWorkFLowOptionsPage.checkLoadPendingDocumentsAndBasedOnFieldOption(DesignWorkFLowOptionsPage.java:12712)
	at com.focus.testcases.DesignWorkFlowOptionsTest.checkLoadPendingDocumentsAndBasedOnFieldOption(DesignWorkFlowOptionsTest.java:323)
Caused by: org.openqa.selenium.NoSuchElementException: no such element: Unable to locate element: {"method":"xpath","selector":"//div[@id='myNavbar']//span[@class='icon-new icon-font6']"}
  (Session info: chrome=108.0.5359.125)
For documentation on this error, please visit: http://seleniumhq.org/exceptions/no_such_element.html
Build info: version: '3.12.0', revision: '7c6e0b3', time: '2018-05-08T14:04:26.12Z'
System info: host: 'FOCUS-QA-133', ip: '192.168.4.108', os.name: 'Windows 10', os.arch: 'amd64', os.version: '10.0', java.version: '1.8.0_111'
Driver info: org.openqa.selenium.chrome.ChromeDriver
Capabilities {acceptInsecureCerts: false, browserName: chrome, browserVersion: 108.0.5359.125, chrome: {chromedriverVersion: 108.0.5359.71 (1e0e3868ee06..., userDataDir: C:\Users\Sanjeev\AppData\Lo...}, goog:chromeOptions: {debuggerAddress: localhost:59364}, javascriptEnabled: true, networkConnectionEnabled: false, pageLoadStrategy: normal, platform: WINDOWS, platformName: WINDOWS, proxy: Proxy(), setWindowRect: true, strictFileInteractability: false, timeouts: {implicit: 0, pageLoad: 300000, script: 30000}, unhandledPromptBehavior: dismiss and notify, webauthn:extension:credBlob: true, webauthn:extension:largeBlob: true, webauthn:virtualAuthenticators: true}
Session ID: 41cf8b003946ab3cc4a004b935051d0b
*** Element info: {Using=xpath, value=//div[@id='myNavbar']//span[@class='icon-new icon-font6']}
	at org.openqa.selenium.remote.http.W3CHttpResponseCodec.createException(W3CHttpResponseCodec.java:187)
	at org.openqa.selenium.remote.http.W3CHttpResponseCodec.decode(W3CHttpResponseCodec.java:122)
	at org.openqa.selenium.remote.http.W3CHttpResponseCodec.decode(W3CHttpResponseCodec.java:49)
	at org.openqa.selenium.remote.HttpCommandExecutor.execute(HttpCommandExecutor.java:158)
	at org.openqa.selenium.remote.service.DriverCommandExecutor.execute(DriverCommandExecutor.java:83)
	at org.openqa.selenium.remote.RemoteWebDriver.execute(RemoteWebDriver.java:543)
	at org.openqa.selenium.remote.RemoteWebDriver.findElement(RemoteWebDriver.java:317)
	at org.openqa.selenium.remote.RemoteWebDriver.findElementByXPath(RemoteWebDriver.java:419)
	at org.openqa.selenium.By$ByXPath.findElement(By.java:353)
	at org.openqa.selenium.remote.RemoteWebDriver.findElement(RemoteWebDriver.java:309)
	at org.openqa.selenium.support.pagefactory.DefaultElementLocator.findElement(DefaultElementLocator.java:69)
	at org.openqa.selenium.support.pagefactory.internal.LocatingElementHandler.invoke(LocatingElementHandler.java:38)
	at com.sun.proxy.$Proxy15.isDisplayed(Unknown Source)
	at org.openqa.selenium.support.ui.ExpectedConditions.elementIfVisible(ExpectedConditions.java:315)
	at org.openqa.selenium.support.ui.ExpectedConditions.access$100(ExpectedConditions.java:44)
	at org.openqa.selenium.support.ui.ExpectedConditions$10.apply(ExpectedConditions.java:301)
	at org.openqa.selenium.support.ui.ExpectedConditions$10.apply(ExpectedConditions.java:298)
	at org.openqa.selenium.support.ui.ExpectedConditions$23.apply(ExpectedConditions.java:686)
	at org.openqa.selenium.support.ui.ExpectedConditions$23.apply(ExpectedConditions.java:682)
	at org.openqa.selenium.support.ui.FluentWait.until(FluentWait.java:248)
	... 26 more
... Removed 27 stack frames]]>
    </failure>
  </testcase> <!-- checkLoadPendingDocumentsAndBasedOnFieldOption -->
  <testcase name="checkLoadPendingDocumentsAndBasedOnFieldOptionWithExtraField" time="205.351" classname="com.focus.testcases.DesignWorkFlowOptionsTest">
    <failure type="org.openqa.selenium.TimeoutException" message="Expected condition failed: waiting for element to be clickable: Proxy element for: DefaultElementLocator &amp;apos;By.xpath: //div[@id=&amp;apos;myNavbar&amp;apos;]//span[@class=&amp;apos;icon-new icon-font6&amp;apos;]&amp;apos; (tried for 40 second(s) with 5000 milliseconds interval)">
      <![CDATA[org.openqa.selenium.TimeoutException: Expected condition failed: waiting for element to be clickable: Proxy element for: DefaultElementLocator 'By.xpath: //div[@id='myNavbar']//span[@class='icon-new icon-font6']' (tried for 40 second(s) with 5000 milliseconds interval)
	at org.openqa.selenium.support.ui.FluentWait.timeoutException(FluentWait.java:303)
	at org.openqa.selenium.support.ui.FluentWait.until(FluentWait.java:271)
	at com.focus.Pages.DesignWorkFLowOptionsPage.checkLoadPendingDocumentsAndBasedOnFieldOptionWithExtraField(DesignWorkFLowOptionsPage.java:13206)
	at com.focus.testcases.DesignWorkFlowOptionsTest.checkLoadPendingDocumentsAndBasedOnFieldOptionWithExtraField(DesignWorkFlowOptionsTest.java:332)
Caused by: org.openqa.selenium.NoSuchElementException: no such element: Unable to locate element: {"method":"xpath","selector":"//div[@id='myNavbar']//span[@class='icon-new icon-font6']"}
  (Session info: chrome=108.0.5359.125)
For documentation on this error, please visit: http://seleniumhq.org/exceptions/no_such_element.html
Build info: version: '3.12.0', revision: '7c6e0b3', time: '2018-05-08T14:04:26.12Z'
System info: host: 'FOCUS-QA-133', ip: '192.168.4.108', os.name: 'Windows 10', os.arch: 'amd64', os.version: '10.0', java.version: '1.8.0_111'
Driver info: org.openqa.selenium.chrome.ChromeDriver
Capabilities {acceptInsecureCerts: false, browserName: chrome, browserVersion: 108.0.5359.125, chrome: {chromedriverVersion: 108.0.5359.71 (1e0e3868ee06..., userDataDir: C:\Users\Sanjeev\AppData\Lo...}, goog:chromeOptions: {debuggerAddress: localhost:59364}, javascriptEnabled: true, networkConnectionEnabled: false, pageLoadStrategy: normal, platform: WINDOWS, platformName: WINDOWS, proxy: Proxy(), setWindowRect: true, strictFileInteractability: false, timeouts: {implicit: 0, pageLoad: 300000, script: 30000}, unhandledPromptBehavior: dismiss and notify, webauthn:extension:credBlob: true, webauthn:extension:largeBlob: true, webauthn:virtualAuthenticators: true}
Session ID: 41cf8b003946ab3cc4a004b935051d0b
*** Element info: {Using=xpath, value=//div[@id='myNavbar']//span[@class='icon-new icon-font6']}
	at org.openqa.selenium.remote.http.W3CHttpResponseCodec.createException(W3CHttpResponseCodec.java:187)
	at org.openqa.selenium.remote.http.W3CHttpResponseCodec.decode(W3CHttpResponseCodec.java:122)
	at org.openqa.selenium.remote.http.W3CHttpResponseCodec.decode(W3CHttpResponseCodec.java:49)
	at org.openqa.selenium.remote.HttpCommandExecutor.execute(HttpCommandExecutor.java:158)
	at org.openqa.selenium.remote.service.DriverCommandExecutor.execute(DriverCommandExecutor.java:83)
	at org.openqa.selenium.remote.RemoteWebDriver.execute(RemoteWebDriver.java:543)
	at org.openqa.selenium.remote.RemoteWebDriver.findElement(RemoteWebDriver.java:317)
	at org.openqa.selenium.remote.RemoteWebDriver.findElementByXPath(RemoteWebDriver.java:419)
	at org.openqa.selenium.By$ByXPath.findElement(By.java:353)
	at org.openqa.selenium.remote.RemoteWebDriver.findElement(RemoteWebDriver.java:309)
	at org.openqa.selenium.support.pagefactory.DefaultElementLocator.findElement(DefaultElementLocator.java:69)
	at org.openqa.selenium.support.pagefactory.internal.LocatingElementHandler.invoke(LocatingElementHandler.java:38)
	at com.sun.proxy.$Proxy15.isDisplayed(Unknown Source)
	at org.openqa.selenium.support.ui.ExpectedConditions.elementIfVisible(ExpectedConditions.java:315)
	at org.openqa.selenium.support.ui.ExpectedConditions.access$100(ExpectedConditions.java:44)
	at org.openqa.selenium.support.ui.ExpectedConditions$10.apply(ExpectedConditions.java:301)
	at org.openqa.selenium.support.ui.ExpectedConditions$10.apply(ExpectedConditions.java:298)
	at org.openqa.selenium.support.ui.ExpectedConditions$23.apply(ExpectedConditions.java:686)
	at org.openqa.selenium.support.ui.ExpectedConditions$23.apply(ExpectedConditions.java:682)
	at org.openqa.selenium.support.ui.FluentWait.until(FluentWait.java:248)
	... 26 more
... Removed 27 stack frames]]>
    </failure>
  </testcase> <!-- checkLoadPendingDocumentsAndBasedOnFieldOptionWithExtraField -->
  <testcase name="CheckToleranceValueAndUseItemWiseToleranceWhenAvailableOption" time="54.938" classname="com.focus.testcases.DesignWorkFlowOptionsTest">
    <failure type="org.openqa.selenium.ElementClickInterceptedException" message="element click intercepted: Element &amp;lt;a&amp;gt;...&amp;lt;/a&amp;gt; is not clickable at point (1169, 228). Other element would receive the click: &amp;lt;div class=&amp;quot;popup-overlay&amp;quot; id=&amp;quot;id_focus_msgbox&amp;quot;&amp;gt;&amp;lt;/div&amp;gt;
  (Session info: chrome=108.0.5359.125)
Build info: version: &amp;apos;3.12.0&amp;apos;, revision: &amp;apos;7c6e0b3&amp;apos;, time: &amp;apos;2018-05-08T14:04:26.12Z&amp;apos;
System info: host: &amp;apos;FOCUS-QA-133&amp;apos;, ip: &amp;apos;192.168.4.108&amp;apos;, os.name: &amp;apos;Windows 10&amp;apos;, os.arch: &amp;apos;amd64&amp;apos;, os.version: &amp;apos;10.0&amp;apos;, java.version: &amp;apos;1.8.0_111&amp;apos;
Driver info: org.openqa.selenium.chrome.ChromeDriver
Capabilities {acceptInsecureCerts: false, browserName: chrome, browserVersion: 108.0.5359.125, chrome: {chromedriverVersion: 108.0.5359.71 (1e0e3868ee06..., userDataDir: C:\Users\Sanjeev\AppData\Lo...}, goog:chromeOptions: {debuggerAddress: localhost:59364}, javascriptEnabled: true, networkConnectionEnabled: false, pageLoadStrategy: normal, platform: WINDOWS, platformName: WINDOWS, proxy: Proxy(), setWindowRect: true, strictFileInteractability: false, timeouts: {implicit: 0, pageLoad: 300000, script: 30000}, unhandledPromptBehavior: dismiss and notify, webauthn:extension:credBlob: true, webauthn:extension:largeBlob: true, webauthn:virtualAuthenticators: true}
Session ID: 41cf8b003946ab3cc4a004b935051d0b">
      <![CDATA[org.openqa.selenium.ElementClickInterceptedException: element click intercepted: Element <a>...</a> is not clickable at point (1169, 228). Other element would receive the click: <div class="popup-overlay" id="id_focus_msgbox"></div>
  (Session info: chrome=108.0.5359.125)
Build info: version: '3.12.0', revision: '7c6e0b3', time: '2018-05-08T14:04:26.12Z'
System info: host: 'FOCUS-QA-133', ip: '192.168.4.108', os.name: 'Windows 10', os.arch: 'amd64', os.version: '10.0', java.version: '1.8.0_111'
Driver info: org.openqa.selenium.chrome.ChromeDriver
Capabilities {acceptInsecureCerts: false, browserName: chrome, browserVersion: 108.0.5359.125, chrome: {chromedriverVersion: 108.0.5359.71 (1e0e3868ee06..., userDataDir: C:\Users\Sanjeev\AppData\Lo...}, goog:chromeOptions: {debuggerAddress: localhost:59364}, javascriptEnabled: true, networkConnectionEnabled: false, pageLoadStrategy: normal, platform: WINDOWS, platformName: WINDOWS, proxy: Proxy(), setWindowRect: true, strictFileInteractability: false, timeouts: {implicit: 0, pageLoad: 300000, script: 30000}, unhandledPromptBehavior: dismiss and notify, webauthn:extension:credBlob: true, webauthn:extension:largeBlob: true, webauthn:virtualAuthenticators: true}
Session ID: 41cf8b003946ab3cc4a004b935051d0b
	at org.openqa.selenium.remote.http.W3CHttpResponseCodec.createException(W3CHttpResponseCodec.java:187)
	at org.openqa.selenium.remote.http.W3CHttpResponseCodec.decode(W3CHttpResponseCodec.java:122)
	at org.openqa.selenium.remote.http.W3CHttpResponseCodec.decode(W3CHttpResponseCodec.java:49)
	at org.openqa.selenium.remote.HttpCommandExecutor.execute(HttpCommandExecutor.java:158)
	at org.openqa.selenium.remote.service.DriverCommandExecutor.execute(DriverCommandExecutor.java:83)
	at org.openqa.selenium.remote.RemoteWebDriver.execute(RemoteWebDriver.java:543)
	at org.openqa.selenium.remote.RemoteWebElement.execute(RemoteWebElement.java:276)
	at org.openqa.selenium.remote.RemoteWebElement.click(RemoteWebElement.java:83)
	at org.openqa.selenium.support.pagefactory.internal.LocatingElementHandler.invoke(LocatingElementHandler.java:51)
	at com.sun.proxy.$Proxy15.click(Unknown Source)
	at com.focus.Pages.DesignWorkFLowOptionsPage.CheckToleranceValueAndUseItemWiseToleranceWhenAvailableOption(DesignWorkFLowOptionsPage.java:13549)
	at com.focus.testcases.DesignWorkFlowOptionsTest.CheckToleranceValueAndUseItemWiseToleranceWhenAvailableOption(DesignWorkFlowOptionsTest.java:340)
... Removed 31 stack frames]]>
    </failure>
  </testcase> <!-- CheckToleranceValueAndUseItemWiseToleranceWhenAvailableOption -->
  <testcase name="checkCustomizeOptionAndHideThisColumnInControlPlusL" time="4.158" classname="com.focus.testcases.DesignWorkFlowOptionsTest">
    <failure type="org.openqa.selenium.ElementClickInterceptedException" message="element click intercepted: Element &amp;lt;div&amp;gt;...&amp;lt;/div&amp;gt; is not clickable at point (59, 252). Other element would receive the click: &amp;lt;div class=&amp;quot;popup-overlay&amp;quot; id=&amp;quot;id_focus_msgbox&amp;quot;&amp;gt;&amp;lt;/div&amp;gt;
  (Session info: chrome=108.0.5359.125)
Build info: version: &amp;apos;3.12.0&amp;apos;, revision: &amp;apos;7c6e0b3&amp;apos;, time: &amp;apos;2018-05-08T14:04:26.12Z&amp;apos;
System info: host: &amp;apos;FOCUS-QA-133&amp;apos;, ip: &amp;apos;192.168.4.108&amp;apos;, os.name: &amp;apos;Windows 10&amp;apos;, os.arch: &amp;apos;amd64&amp;apos;, os.version: &amp;apos;10.0&amp;apos;, java.version: &amp;apos;1.8.0_111&amp;apos;
Driver info: org.openqa.selenium.chrome.ChromeDriver
Capabilities {acceptInsecureCerts: false, browserName: chrome, browserVersion: 108.0.5359.125, chrome: {chromedriverVersion: 108.0.5359.71 (1e0e3868ee06..., userDataDir: C:\Users\Sanjeev\AppData\Lo...}, goog:chromeOptions: {debuggerAddress: localhost:59364}, javascriptEnabled: true, networkConnectionEnabled: false, pageLoadStrategy: normal, platform: WINDOWS, platformName: WINDOWS, proxy: Proxy(), setWindowRect: true, strictFileInteractability: false, timeouts: {implicit: 0, pageLoad: 300000, script: 30000}, unhandledPromptBehavior: dismiss and notify, webauthn:extension:credBlob: true, webauthn:extension:largeBlob: true, webauthn:virtualAuthenticators: true}
Session ID: 41cf8b003946ab3cc4a004b935051d0b">
      <![CDATA[org.openqa.selenium.ElementClickInterceptedException: element click intercepted: Element <div>...</div> is not clickable at point (59, 252). Other element would receive the click: <div class="popup-overlay" id="id_focus_msgbox"></div>
  (Session info: chrome=108.0.5359.125)
Build info: version: '3.12.0', revision: '7c6e0b3', time: '2018-05-08T14:04:26.12Z'
System info: host: 'FOCUS-QA-133', ip: '192.168.4.108', os.name: 'Windows 10', os.arch: 'amd64', os.version: '10.0', java.version: '1.8.0_111'
Driver info: org.openqa.selenium.chrome.ChromeDriver
Capabilities {acceptInsecureCerts: false, browserName: chrome, browserVersion: 108.0.5359.125, chrome: {chromedriverVersion: 108.0.5359.71 (1e0e3868ee06..., userDataDir: C:\Users\Sanjeev\AppData\Lo...}, goog:chromeOptions: {debuggerAddress: localhost:59364}, javascriptEnabled: true, networkConnectionEnabled: false, pageLoadStrategy: normal, platform: WINDOWS, platformName: WINDOWS, proxy: Proxy(), setWindowRect: true, strictFileInteractability: false, timeouts: {implicit: 0, pageLoad: 300000, script: 30000}, unhandledPromptBehavior: dismiss and notify, webauthn:extension:credBlob: true, webauthn:extension:largeBlob: true, webauthn:virtualAuthenticators: true}
Session ID: 41cf8b003946ab3cc4a004b935051d0b
	at org.openqa.selenium.remote.http.W3CHttpResponseCodec.createException(W3CHttpResponseCodec.java:187)
	at org.openqa.selenium.remote.http.W3CHttpResponseCodec.decode(W3CHttpResponseCodec.java:122)
	at org.openqa.selenium.remote.http.W3CHttpResponseCodec.decode(W3CHttpResponseCodec.java:49)
	at org.openqa.selenium.remote.HttpCommandExecutor.execute(HttpCommandExecutor.java:158)
	at org.openqa.selenium.remote.service.DriverCommandExecutor.execute(DriverCommandExecutor.java:83)
	at org.openqa.selenium.remote.RemoteWebDriver.execute(RemoteWebDriver.java:543)
	at org.openqa.selenium.remote.RemoteWebElement.execute(RemoteWebElement.java:276)
	at org.openqa.selenium.remote.RemoteWebElement.click(RemoteWebElement.java:83)
	at org.openqa.selenium.support.pagefactory.internal.LocatingElementHandler.invoke(LocatingElementHandler.java:51)
	at com.sun.proxy.$Proxy15.click(Unknown Source)
	at com.focus.Pages.DesignWorkFLowOptionsPage.checkCustomizeOptionAndHideThisColumnInControlPlusL(DesignWorkFLowOptionsPage.java:14648)
	at com.focus.testcases.DesignWorkFlowOptionsTest.checkCustomizeOptionAndHideThisColumnInControlPlusL(DesignWorkFlowOptionsTest.java:349)
... Removed 31 stack frames]]>
    </failure>
  </testcase> <!-- checkCustomizeOptionAndHideThisColumnInControlPlusL -->
  <testcase name="checkCustomizeOptionAndAddingExtraFieldsInControlPlusL" time="82.07" classname="com.focus.testcases.DesignWorkFlowOptionsTest">
    <failure type="org.openqa.selenium.TimeoutException" message="Expected condition failed: waiting for element to be clickable: Proxy element for: DefaultElementLocator &amp;apos;By.xpath: //input[@id=&amp;apos;id_header_4&amp;apos;]&amp;apos; (tried for 40 second(s) with 5000 milliseconds interval)">
      <![CDATA[org.openqa.selenium.TimeoutException: Expected condition failed: waiting for element to be clickable: Proxy element for: DefaultElementLocator 'By.xpath: //input[@id='id_header_4']' (tried for 40 second(s) with 5000 milliseconds interval)
	at org.openqa.selenium.support.ui.FluentWait.timeoutException(FluentWait.java:303)
	at org.openqa.selenium.support.ui.FluentWait.until(FluentWait.java:271)
	at com.focus.Pages.DesignWorkFLowOptionsPage.checkCustomizeOptionAndAddingExtraFieldsInControlPlusL(DesignWorkFLowOptionsPage.java:14921)
	at com.focus.testcases.DesignWorkFlowOptionsTest.checkCustomizeOptionAndAddingExtraFieldsInControlPlusL(DesignWorkFlowOptionsTest.java:356)
Caused by: org.openqa.selenium.NoSuchElementException: no such element: Unable to locate element: {"method":"xpath","selector":"//input[@id='id_header_4']"}
  (Session info: chrome=108.0.5359.125)
For documentation on this error, please visit: http://seleniumhq.org/exceptions/no_such_element.html
Build info: version: '3.12.0', revision: '7c6e0b3', time: '2018-05-08T14:04:26.12Z'
System info: host: 'FOCUS-QA-133', ip: '192.168.4.108', os.name: 'Windows 10', os.arch: 'amd64', os.version: '10.0', java.version: '1.8.0_111'
Driver info: org.openqa.selenium.chrome.ChromeDriver
Capabilities {acceptInsecureCerts: false, browserName: chrome, browserVersion: 108.0.5359.125, chrome: {chromedriverVersion: 108.0.5359.71 (1e0e3868ee06..., userDataDir: C:\Users\Sanjeev\AppData\Lo...}, goog:chromeOptions: {debuggerAddress: localhost:59364}, javascriptEnabled: true, networkConnectionEnabled: false, pageLoadStrategy: normal, platform: WINDOWS, platformName: WINDOWS, proxy: Proxy(), setWindowRect: true, strictFileInteractability: false, timeouts: {implicit: 0, pageLoad: 300000, script: 30000}, unhandledPromptBehavior: dismiss and notify, webauthn:extension:credBlob: true, webauthn:extension:largeBlob: true, webauthn:virtualAuthenticators: true}
Session ID: 41cf8b003946ab3cc4a004b935051d0b
*** Element info: {Using=xpath, value=//input[@id='id_header_4']}
	at org.openqa.selenium.remote.http.W3CHttpResponseCodec.createException(W3CHttpResponseCodec.java:187)
	at org.openqa.selenium.remote.http.W3CHttpResponseCodec.decode(W3CHttpResponseCodec.java:122)
	at org.openqa.selenium.remote.http.W3CHttpResponseCodec.decode(W3CHttpResponseCodec.java:49)
	at org.openqa.selenium.remote.HttpCommandExecutor.execute(HttpCommandExecutor.java:158)
	at org.openqa.selenium.remote.service.DriverCommandExecutor.execute(DriverCommandExecutor.java:83)
	at org.openqa.selenium.remote.RemoteWebDriver.execute(RemoteWebDriver.java:543)
	at org.openqa.selenium.remote.RemoteWebDriver.findElement(RemoteWebDriver.java:317)
	at org.openqa.selenium.remote.RemoteWebDriver.findElementByXPath(RemoteWebDriver.java:419)
	at org.openqa.selenium.By$ByXPath.findElement(By.java:353)
	at org.openqa.selenium.remote.RemoteWebDriver.findElement(RemoteWebDriver.java:309)
	at org.openqa.selenium.support.pagefactory.DefaultElementLocator.findElement(DefaultElementLocator.java:69)
	at org.openqa.selenium.support.pagefactory.internal.LocatingElementHandler.invoke(LocatingElementHandler.java:38)
	at com.sun.proxy.$Proxy15.isDisplayed(Unknown Source)
	at org.openqa.selenium.support.ui.ExpectedConditions.elementIfVisible(ExpectedConditions.java:315)
	at org.openqa.selenium.support.ui.ExpectedConditions.access$100(ExpectedConditions.java:44)
	at org.openqa.selenium.support.ui.ExpectedConditions$10.apply(ExpectedConditions.java:301)
	at org.openqa.selenium.support.ui.ExpectedConditions$10.apply(ExpectedConditions.java:298)
	at org.openqa.selenium.support.ui.ExpectedConditions$23.apply(ExpectedConditions.java:686)
	at org.openqa.selenium.support.ui.ExpectedConditions$23.apply(ExpectedConditions.java:682)
	at org.openqa.selenium.support.ui.FluentWait.until(FluentWait.java:248)
	... 26 more
... Removed 27 stack frames]]>
    </failure>
  </testcase> <!-- checkCustomizeOptionAndAddingExtraFieldsInControlPlusL -->
  <testcase name="checkCustomizeOptionAndHideThisColumnInLineWise" time="4.188" classname="com.focus.testcases.DesignWorkFlowOptionsTest">
    <failure type="org.openqa.selenium.ElementClickInterceptedException" message="element click intercepted: Element &amp;lt;div&amp;gt;...&amp;lt;/div&amp;gt; is not clickable at point (59, 252). Other element would receive the click: &amp;lt;div class=&amp;quot;popup-overlay&amp;quot; id=&amp;quot;id_focus_msgbox&amp;quot;&amp;gt;&amp;lt;/div&amp;gt;
  (Session info: chrome=108.0.5359.125)
Build info: version: &amp;apos;3.12.0&amp;apos;, revision: &amp;apos;7c6e0b3&amp;apos;, time: &amp;apos;2018-05-08T14:04:26.12Z&amp;apos;
System info: host: &amp;apos;FOCUS-QA-133&amp;apos;, ip: &amp;apos;192.168.4.108&amp;apos;, os.name: &amp;apos;Windows 10&amp;apos;, os.arch: &amp;apos;amd64&amp;apos;, os.version: &amp;apos;10.0&amp;apos;, java.version: &amp;apos;1.8.0_111&amp;apos;
Driver info: org.openqa.selenium.chrome.ChromeDriver
Capabilities {acceptInsecureCerts: false, browserName: chrome, browserVersion: 108.0.5359.125, chrome: {chromedriverVersion: 108.0.5359.71 (1e0e3868ee06..., userDataDir: C:\Users\Sanjeev\AppData\Lo...}, goog:chromeOptions: {debuggerAddress: localhost:59364}, javascriptEnabled: true, networkConnectionEnabled: false, pageLoadStrategy: normal, platform: WINDOWS, platformName: WINDOWS, proxy: Proxy(), setWindowRect: true, strictFileInteractability: false, timeouts: {implicit: 0, pageLoad: 300000, script: 30000}, unhandledPromptBehavior: dismiss and notify, webauthn:extension:credBlob: true, webauthn:extension:largeBlob: true, webauthn:virtualAuthenticators: true}
Session ID: 41cf8b003946ab3cc4a004b935051d0b">
      <![CDATA[org.openqa.selenium.ElementClickInterceptedException: element click intercepted: Element <div>...</div> is not clickable at point (59, 252). Other element would receive the click: <div class="popup-overlay" id="id_focus_msgbox"></div>
  (Session info: chrome=108.0.5359.125)
Build info: version: '3.12.0', revision: '7c6e0b3', time: '2018-05-08T14:04:26.12Z'
System info: host: 'FOCUS-QA-133', ip: '192.168.4.108', os.name: 'Windows 10', os.arch: 'amd64', os.version: '10.0', java.version: '1.8.0_111'
Driver info: org.openqa.selenium.chrome.ChromeDriver
Capabilities {acceptInsecureCerts: false, browserName: chrome, browserVersion: 108.0.5359.125, chrome: {chromedriverVersion: 108.0.5359.71 (1e0e3868ee06..., userDataDir: C:\Users\Sanjeev\AppData\Lo...}, goog:chromeOptions: {debuggerAddress: localhost:59364}, javascriptEnabled: true, networkConnectionEnabled: false, pageLoadStrategy: normal, platform: WINDOWS, platformName: WINDOWS, proxy: Proxy(), setWindowRect: true, strictFileInteractability: false, timeouts: {implicit: 0, pageLoad: 300000, script: 30000}, unhandledPromptBehavior: dismiss and notify, webauthn:extension:credBlob: true, webauthn:extension:largeBlob: true, webauthn:virtualAuthenticators: true}
Session ID: 41cf8b003946ab3cc4a004b935051d0b
	at org.openqa.selenium.remote.http.W3CHttpResponseCodec.createException(W3CHttpResponseCodec.java:187)
	at org.openqa.selenium.remote.http.W3CHttpResponseCodec.decode(W3CHttpResponseCodec.java:122)
	at org.openqa.selenium.remote.http.W3CHttpResponseCodec.decode(W3CHttpResponseCodec.java:49)
	at org.openqa.selenium.remote.HttpCommandExecutor.execute(HttpCommandExecutor.java:158)
	at org.openqa.selenium.remote.service.DriverCommandExecutor.execute(DriverCommandExecutor.java:83)
	at org.openqa.selenium.remote.RemoteWebDriver.execute(RemoteWebDriver.java:543)
	at org.openqa.selenium.remote.RemoteWebElement.execute(RemoteWebElement.java:276)
	at org.openqa.selenium.remote.RemoteWebElement.click(RemoteWebElement.java:83)
	at org.openqa.selenium.support.pagefactory.internal.LocatingElementHandler.invoke(LocatingElementHandler.java:51)
	at com.sun.proxy.$Proxy15.click(Unknown Source)
	at com.focus.Pages.DesignWorkFLowOptionsPage.checkCustomizeOptionAndHideThisColumnInLineWise(DesignWorkFLowOptionsPage.java:15069)
	at com.focus.testcases.DesignWorkFlowOptionsTest.checkCustomizeOptionAndHideThisColumnInLineWise(DesignWorkFlowOptionsTest.java:364)
... Removed 31 stack frames]]>
    </failure>
  </testcase> <!-- checkCustomizeOptionAndHideThisColumnInLineWise -->
  <testcase name="checkCustomizeOptionAndAddingExtraFieldsInLineWise" time="83.093" classname="com.focus.testcases.DesignWorkFlowOptionsTest">
    <failure type="org.openqa.selenium.TimeoutException" message="Expected condition failed: waiting for element to be clickable: Proxy element for: DefaultElementLocator &amp;apos;By.xpath: //*[@id=&amp;apos;id_transaction_entry_detail_table_body&amp;apos;]/tr[1]/td[7]&amp;apos; (tried for 40 second(s) with 5000 milliseconds interval)">
      <![CDATA[org.openqa.selenium.TimeoutException: Expected condition failed: waiting for element to be clickable: Proxy element for: DefaultElementLocator 'By.xpath: //*[@id='id_transaction_entry_detail_table_body']/tr[1]/td[7]' (tried for 40 second(s) with 5000 milliseconds interval)
	at org.openqa.selenium.support.ui.FluentWait.timeoutException(FluentWait.java:303)
	at org.openqa.selenium.support.ui.FluentWait.until(FluentWait.java:271)
	at com.focus.Pages.DesignWorkFLowOptionsPage.checkCustomizeOptionAndAddingExtraFieldsInLineWise(DesignWorkFLowOptionsPage.java:15448)
	at com.focus.testcases.DesignWorkFlowOptionsTest.checkCustomizeOptionAndAddingExtraFieldsInLineWise(DesignWorkFlowOptionsTest.java:371)
Caused by: org.openqa.selenium.NoSuchElementException: no such element: Unable to locate element: {"method":"xpath","selector":"//*[@id='id_transaction_entry_detail_table_body']/tr[1]/td[7]"}
  (Session info: chrome=108.0.5359.125)
For documentation on this error, please visit: http://seleniumhq.org/exceptions/no_such_element.html
Build info: version: '3.12.0', revision: '7c6e0b3', time: '2018-05-08T14:04:26.12Z'
System info: host: 'FOCUS-QA-133', ip: '192.168.4.108', os.name: 'Windows 10', os.arch: 'amd64', os.version: '10.0', java.version: '1.8.0_111'
Driver info: org.openqa.selenium.chrome.ChromeDriver
Capabilities {acceptInsecureCerts: false, browserName: chrome, browserVersion: 108.0.5359.125, chrome: {chromedriverVersion: 108.0.5359.71 (1e0e3868ee06..., userDataDir: C:\Users\Sanjeev\AppData\Lo...}, goog:chromeOptions: {debuggerAddress: localhost:59364}, javascriptEnabled: true, networkConnectionEnabled: false, pageLoadStrategy: normal, platform: WINDOWS, platformName: WINDOWS, proxy: Proxy(), setWindowRect: true, strictFileInteractability: false, timeouts: {implicit: 0, pageLoad: 300000, script: 30000}, unhandledPromptBehavior: dismiss and notify, webauthn:extension:credBlob: true, webauthn:extension:largeBlob: true, webauthn:virtualAuthenticators: true}
Session ID: 41cf8b003946ab3cc4a004b935051d0b
*** Element info: {Using=xpath, value=//*[@id='id_transaction_entry_detail_table_body']/tr[1]/td[7]}
	at org.openqa.selenium.remote.http.W3CHttpResponseCodec.createException(W3CHttpResponseCodec.java:187)
	at org.openqa.selenium.remote.http.W3CHttpResponseCodec.decode(W3CHttpResponseCodec.java:122)
	at org.openqa.selenium.remote.http.W3CHttpResponseCodec.decode(W3CHttpResponseCodec.java:49)
	at org.openqa.selenium.remote.HttpCommandExecutor.execute(HttpCommandExecutor.java:158)
	at org.openqa.selenium.remote.service.DriverCommandExecutor.execute(DriverCommandExecutor.java:83)
	at org.openqa.selenium.remote.RemoteWebDriver.execute(RemoteWebDriver.java:543)
	at org.openqa.selenium.remote.RemoteWebDriver.findElement(RemoteWebDriver.java:317)
	at org.openqa.selenium.remote.RemoteWebDriver.findElementByXPath(RemoteWebDriver.java:419)
	at org.openqa.selenium.By$ByXPath.findElement(By.java:353)
	at org.openqa.selenium.remote.RemoteWebDriver.findElement(RemoteWebDriver.java:309)
	at org.openqa.selenium.support.pagefactory.DefaultElementLocator.findElement(DefaultElementLocator.java:69)
	at org.openqa.selenium.support.pagefactory.internal.LocatingElementHandler.invoke(LocatingElementHandler.java:38)
	at com.sun.proxy.$Proxy15.isDisplayed(Unknown Source)
	at org.openqa.selenium.support.ui.ExpectedConditions.elementIfVisible(ExpectedConditions.java:315)
	at org.openqa.selenium.support.ui.ExpectedConditions.access$100(ExpectedConditions.java:44)
	at org.openqa.selenium.support.ui.ExpectedConditions$10.apply(ExpectedConditions.java:301)
	at org.openqa.selenium.support.ui.ExpectedConditions$10.apply(ExpectedConditions.java:298)
	at org.openqa.selenium.support.ui.ExpectedConditions$23.apply(ExpectedConditions.java:686)
	at org.openqa.selenium.support.ui.ExpectedConditions$23.apply(ExpectedConditions.java:682)
	at org.openqa.selenium.support.ui.FluentWait.until(FluentWait.java:248)
	... 26 more
... Removed 27 stack frames]]>
    </failure>
  </testcase> <!-- checkCustomizeOptionAndAddingExtraFieldsInLineWise -->
  <testcase name="checkRestoringForLinks" time="1.197" classname="com.focus.testcases.DesignWorkFlowOptionsTest">
    <failure type="org.openqa.selenium.ElementClickInterceptedException" message="element click intercepted: Element &amp;lt;span class=&amp;quot;icon-home icon-font1&amp;quot;&amp;gt;&amp;lt;/span&amp;gt; is not clickable at point (59, 80). Other element would receive the click: &amp;lt;div class=&amp;quot;popup-overlay&amp;quot; id=&amp;quot;id_focus_msgbox&amp;quot;&amp;gt;&amp;lt;/div&amp;gt;
  (Session info: chrome=108.0.5359.125)
Build info: version: &amp;apos;3.12.0&amp;apos;, revision: &amp;apos;7c6e0b3&amp;apos;, time: &amp;apos;2018-05-08T14:04:26.12Z&amp;apos;
System info: host: &amp;apos;FOCUS-QA-133&amp;apos;, ip: &amp;apos;192.168.4.108&amp;apos;, os.name: &amp;apos;Windows 10&amp;apos;, os.arch: &amp;apos;amd64&amp;apos;, os.version: &amp;apos;10.0&amp;apos;, java.version: &amp;apos;1.8.0_111&amp;apos;
Driver info: org.openqa.selenium.chrome.ChromeDriver
Capabilities {acceptInsecureCerts: false, browserName: chrome, browserVersion: 108.0.5359.125, chrome: {chromedriverVersion: 108.0.5359.71 (1e0e3868ee06..., userDataDir: C:\Users\Sanjeev\AppData\Lo...}, goog:chromeOptions: {debuggerAddress: localhost:59364}, javascriptEnabled: true, networkConnectionEnabled: false, pageLoadStrategy: normal, platform: WINDOWS, platformName: WINDOWS, proxy: Proxy(), setWindowRect: true, strictFileInteractability: false, timeouts: {implicit: 0, pageLoad: 300000, script: 30000}, unhandledPromptBehavior: dismiss and notify, webauthn:extension:credBlob: true, webauthn:extension:largeBlob: true, webauthn:virtualAuthenticators: true}
Session ID: 41cf8b003946ab3cc4a004b935051d0b">
      <![CDATA[org.openqa.selenium.ElementClickInterceptedException: element click intercepted: Element <span class="icon-home icon-font1"></span> is not clickable at point (59, 80). Other element would receive the click: <div class="popup-overlay" id="id_focus_msgbox"></div>
  (Session info: chrome=108.0.5359.125)
Build info: version: '3.12.0', revision: '7c6e0b3', time: '2018-05-08T14:04:26.12Z'
System info: host: 'FOCUS-QA-133', ip: '192.168.4.108', os.name: 'Windows 10', os.arch: 'amd64', os.version: '10.0', java.version: '1.8.0_111'
Driver info: org.openqa.selenium.chrome.ChromeDriver
Capabilities {acceptInsecureCerts: false, browserName: chrome, browserVersion: 108.0.5359.125, chrome: {chromedriverVersion: 108.0.5359.71 (1e0e3868ee06..., userDataDir: C:\Users\Sanjeev\AppData\Lo...}, goog:chromeOptions: {debuggerAddress: localhost:59364}, javascriptEnabled: true, networkConnectionEnabled: false, pageLoadStrategy: normal, platform: WINDOWS, platformName: WINDOWS, proxy: Proxy(), setWindowRect: true, strictFileInteractability: false, timeouts: {implicit: 0, pageLoad: 300000, script: 30000}, unhandledPromptBehavior: dismiss and notify, webauthn:extension:credBlob: true, webauthn:extension:largeBlob: true, webauthn:virtualAuthenticators: true}
Session ID: 41cf8b003946ab3cc4a004b935051d0b
	at org.openqa.selenium.remote.http.W3CHttpResponseCodec.createException(W3CHttpResponseCodec.java:187)
	at org.openqa.selenium.remote.http.W3CHttpResponseCodec.decode(W3CHttpResponseCodec.java:122)
	at org.openqa.selenium.remote.http.W3CHttpResponseCodec.decode(W3CHttpResponseCodec.java:49)
	at org.openqa.selenium.remote.HttpCommandExecutor.execute(HttpCommandExecutor.java:158)
	at org.openqa.selenium.remote.service.DriverCommandExecutor.execute(DriverCommandExecutor.java:83)
	at org.openqa.selenium.remote.RemoteWebDriver.execute(RemoteWebDriver.java:543)
	at org.openqa.selenium.remote.RemoteWebElement.execute(RemoteWebElement.java:276)
	at org.openqa.selenium.remote.RemoteWebElement.click(RemoteWebElement.java:83)
	at org.openqa.selenium.support.pagefactory.internal.LocatingElementHandler.invoke(LocatingElementHandler.java:51)
	at com.sun.proxy.$Proxy15.click(Unknown Source)
	at com.focus.Pages.DesignWorkFLowOptionsPage.checkRestoreOfCompany(DesignWorkFLowOptionsPage.java:1219)
	at com.focus.testcases.DesignWorkFlowOptionsTest.checkRestoringForLinks(DesignWorkFlowOptionsTest.java:381)
... Removed 31 stack frames]]>
    </failure>
  </testcase> <!-- checkRestoringForLinks -->
  <testcase name="checkCloseLinkAndPartialOptionInPurchaseOrderHavingTwoLinkDocuments" time="1.207" classname="com.focus.testcases.DesignWorkFlowOptionsTest">
    <failure type="org.openqa.selenium.ElementClickInterceptedException" message="element click intercepted: Element &amp;lt;div&amp;gt;...&amp;lt;/div&amp;gt; is not clickable at point (59, 252). Other element would receive the click: &amp;lt;div class=&amp;quot;popup-overlay&amp;quot; id=&amp;quot;id_focus_msgbox&amp;quot;&amp;gt;&amp;lt;/div&amp;gt;
  (Session info: chrome=108.0.5359.125)
Build info: version: &amp;apos;3.12.0&amp;apos;, revision: &amp;apos;7c6e0b3&amp;apos;, time: &amp;apos;2018-05-08T14:04:26.12Z&amp;apos;
System info: host: &amp;apos;FOCUS-QA-133&amp;apos;, ip: &amp;apos;192.168.4.108&amp;apos;, os.name: &amp;apos;Windows 10&amp;apos;, os.arch: &amp;apos;amd64&amp;apos;, os.version: &amp;apos;10.0&amp;apos;, java.version: &amp;apos;1.8.0_111&amp;apos;
Driver info: org.openqa.selenium.chrome.ChromeDriver
Capabilities {acceptInsecureCerts: false, browserName: chrome, browserVersion: 108.0.5359.125, chrome: {chromedriverVersion: 108.0.5359.71 (1e0e3868ee06..., userDataDir: C:\Users\Sanjeev\AppData\Lo...}, goog:chromeOptions: {debuggerAddress: localhost:59364}, javascriptEnabled: true, networkConnectionEnabled: false, pageLoadStrategy: normal, platform: WINDOWS, platformName: WINDOWS, proxy: Proxy(), setWindowRect: true, strictFileInteractability: false, timeouts: {implicit: 0, pageLoad: 300000, script: 30000}, unhandledPromptBehavior: dismiss and notify, webauthn:extension:credBlob: true, webauthn:extension:largeBlob: true, webauthn:virtualAuthenticators: true}
Session ID: 41cf8b003946ab3cc4a004b935051d0b">
      <![CDATA[org.openqa.selenium.ElementClickInterceptedException: element click intercepted: Element <div>...</div> is not clickable at point (59, 252). Other element would receive the click: <div class="popup-overlay" id="id_focus_msgbox"></div>
  (Session info: chrome=108.0.5359.125)
Build info: version: '3.12.0', revision: '7c6e0b3', time: '2018-05-08T14:04:26.12Z'
System info: host: 'FOCUS-QA-133', ip: '192.168.4.108', os.name: 'Windows 10', os.arch: 'amd64', os.version: '10.0', java.version: '1.8.0_111'
Driver info: org.openqa.selenium.chrome.ChromeDriver
Capabilities {acceptInsecureCerts: false, browserName: chrome, browserVersion: 108.0.5359.125, chrome: {chromedriverVersion: 108.0.5359.71 (1e0e3868ee06..., userDataDir: C:\Users\Sanjeev\AppData\Lo...}, goog:chromeOptions: {debuggerAddress: localhost:59364}, javascriptEnabled: true, networkConnectionEnabled: false, pageLoadStrategy: normal, platform: WINDOWS, platformName: WINDOWS, proxy: Proxy(), setWindowRect: true, strictFileInteractability: false, timeouts: {implicit: 0, pageLoad: 300000, script: 30000}, unhandledPromptBehavior: dismiss and notify, webauthn:extension:credBlob: true, webauthn:extension:largeBlob: true, webauthn:virtualAuthenticators: true}
Session ID: 41cf8b003946ab3cc4a004b935051d0b
	at org.openqa.selenium.remote.http.W3CHttpResponseCodec.createException(W3CHttpResponseCodec.java:187)
	at org.openqa.selenium.remote.http.W3CHttpResponseCodec.decode(W3CHttpResponseCodec.java:122)
	at org.openqa.selenium.remote.http.W3CHttpResponseCodec.decode(W3CHttpResponseCodec.java:49)
	at org.openqa.selenium.remote.HttpCommandExecutor.execute(HttpCommandExecutor.java:158)
	at org.openqa.selenium.remote.service.DriverCommandExecutor.execute(DriverCommandExecutor.java:83)
	at org.openqa.selenium.remote.RemoteWebDriver.execute(RemoteWebDriver.java:543)
	at org.openqa.selenium.remote.RemoteWebElement.execute(RemoteWebElement.java:276)
	at org.openqa.selenium.remote.RemoteWebElement.click(RemoteWebElement.java:83)
	at org.openqa.selenium.support.pagefactory.internal.LocatingElementHandler.invoke(LocatingElementHandler.java:51)
	at com.sun.proxy.$Proxy15.click(Unknown Source)
	at com.focus.Pages.DesignWorkFLowOptionsPage.checkCloseLinkAndPartialOptionInPurchaseOrderHavingTwoLinkDocuments(DesignWorkFLowOptionsPage.java:15655)
	at com.focus.testcases.DesignWorkFlowOptionsTest.checkCloseLinkAndPartialOptionInPurchaseOrderHavingTwoLinkDocuments(DesignWorkFlowOptionsTest.java:393)
... Removed 31 stack frames]]>
    </failure>
  </testcase> <!-- checkCloseLinkAndPartialOptionInPurchaseOrderHavingTwoLinkDocuments -->
  <testcase name="checkCloseLinkOptionOnPartialRowSelectionInPurchaseOrderHavingTwoLinkDocuments" time="1.156" classname="com.focus.testcases.DesignWorkFlowOptionsTest">
    <failure type="org.openqa.selenium.ElementClickInterceptedException" message="element click intercepted: Element &amp;lt;span class=&amp;quot;hidden-xs&amp;quot;&amp;gt;...&amp;lt;/span&amp;gt; is not clickable at point (1223, 23). Other element would receive the click: &amp;lt;div class=&amp;quot;popup-overlay&amp;quot; id=&amp;quot;id_focus_msgbox&amp;quot;&amp;gt;&amp;lt;/div&amp;gt;
  (Session info: chrome=108.0.5359.125)
Build info: version: &amp;apos;3.12.0&amp;apos;, revision: &amp;apos;7c6e0b3&amp;apos;, time: &amp;apos;2018-05-08T14:04:26.12Z&amp;apos;
System info: host: &amp;apos;FOCUS-QA-133&amp;apos;, ip: &amp;apos;192.168.4.108&amp;apos;, os.name: &amp;apos;Windows 10&amp;apos;, os.arch: &amp;apos;amd64&amp;apos;, os.version: &amp;apos;10.0&amp;apos;, java.version: &amp;apos;1.8.0_111&amp;apos;
Driver info: org.openqa.selenium.chrome.ChromeDriver
Capabilities {acceptInsecureCerts: false, browserName: chrome, browserVersion: 108.0.5359.125, chrome: {chromedriverVersion: 108.0.5359.71 (1e0e3868ee06..., userDataDir: C:\Users\Sanjeev\AppData\Lo...}, goog:chromeOptions: {debuggerAddress: localhost:59364}, javascriptEnabled: true, networkConnectionEnabled: false, pageLoadStrategy: normal, platform: WINDOWS, platformName: WINDOWS, proxy: Proxy(), setWindowRect: true, strictFileInteractability: false, timeouts: {implicit: 0, pageLoad: 300000, script: 30000}, unhandledPromptBehavior: dismiss and notify, webauthn:extension:credBlob: true, webauthn:extension:largeBlob: true, webauthn:virtualAuthenticators: true}
Session ID: 41cf8b003946ab3cc4a004b935051d0b">
      <![CDATA[org.openqa.selenium.ElementClickInterceptedException: element click intercepted: Element <span class="hidden-xs">...</span> is not clickable at point (1223, 23). Other element would receive the click: <div class="popup-overlay" id="id_focus_msgbox"></div>
  (Session info: chrome=108.0.5359.125)
Build info: version: '3.12.0', revision: '7c6e0b3', time: '2018-05-08T14:04:26.12Z'
System info: host: 'FOCUS-QA-133', ip: '192.168.4.108', os.name: 'Windows 10', os.arch: 'amd64', os.version: '10.0', java.version: '1.8.0_111'
Driver info: org.openqa.selenium.chrome.ChromeDriver
Capabilities {acceptInsecureCerts: false, browserName: chrome, browserVersion: 108.0.5359.125, chrome: {chromedriverVersion: 108.0.5359.71 (1e0e3868ee06..., userDataDir: C:\Users\Sanjeev\AppData\Lo...}, goog:chromeOptions: {debuggerAddress: localhost:59364}, javascriptEnabled: true, networkConnectionEnabled: false, pageLoadStrategy: normal, platform: WINDOWS, platformName: WINDOWS, proxy: Proxy(), setWindowRect: true, strictFileInteractability: false, timeouts: {implicit: 0, pageLoad: 300000, script: 30000}, unhandledPromptBehavior: dismiss and notify, webauthn:extension:credBlob: true, webauthn:extension:largeBlob: true, webauthn:virtualAuthenticators: true}
Session ID: 41cf8b003946ab3cc4a004b935051d0b
	at org.openqa.selenium.remote.http.W3CHttpResponseCodec.createException(W3CHttpResponseCodec.java:187)
	at org.openqa.selenium.remote.http.W3CHttpResponseCodec.decode(W3CHttpResponseCodec.java:122)
	at org.openqa.selenium.remote.http.W3CHttpResponseCodec.decode(W3CHttpResponseCodec.java:49)
	at org.openqa.selenium.remote.HttpCommandExecutor.execute(HttpCommandExecutor.java:158)
	at org.openqa.selenium.remote.service.DriverCommandExecutor.execute(DriverCommandExecutor.java:83)
	at org.openqa.selenium.remote.RemoteWebDriver.execute(RemoteWebDriver.java:543)
	at org.openqa.selenium.remote.RemoteWebElement.execute(RemoteWebElement.java:276)
	at org.openqa.selenium.remote.RemoteWebElement.click(RemoteWebElement.java:83)
	at org.openqa.selenium.support.pagefactory.internal.LocatingElementHandler.invoke(LocatingElementHandler.java:51)
	at com.sun.proxy.$Proxy15.click(Unknown Source)
	at com.focus.Pages.DesignWorkFLowOptionsPage.checkCloseLinkOptionOnPartialRowSelectionInPurchaseOrderHavingTwoLinkDocuments(DesignWorkFLowOptionsPage.java:15971)
	at com.focus.testcases.DesignWorkFlowOptionsTest.checkCloseLinkOptionOnPartialRowSelectionInPurchaseOrderHavingTwoLinkDocuments(DesignWorkFlowOptionsTest.java:401)
... Removed 31 stack frames]]>
    </failure>
  </testcase> <!-- checkCloseLinkOptionOnPartialRowSelectionInPurchaseOrderHavingTwoLinkDocuments -->
  <testcase name="checkDeletingPurchaseFlowAndSavingNewFlowWithOneBaseAndOneLinkDocument" time="19.159" classname="com.focus.testcases.DesignWorkFlowOptionsTest">
    <failure type="org.openqa.selenium.ElementClickInterceptedException" message="element click intercepted: Element &amp;lt;span class=&amp;quot;hidden-xs&amp;quot;&amp;gt;...&amp;lt;/span&amp;gt; is not clickable at point (1223, 23). Other element would receive the click: &amp;lt;div class=&amp;quot;popup-overlay&amp;quot; id=&amp;quot;id_focus_msgbox&amp;quot;&amp;gt;&amp;lt;/div&amp;gt;
  (Session info: chrome=108.0.5359.125)
Build info: version: &amp;apos;3.12.0&amp;apos;, revision: &amp;apos;7c6e0b3&amp;apos;, time: &amp;apos;2018-05-08T14:04:26.12Z&amp;apos;
System info: host: &amp;apos;FOCUS-QA-133&amp;apos;, ip: &amp;apos;192.168.4.108&amp;apos;, os.name: &amp;apos;Windows 10&amp;apos;, os.arch: &amp;apos;amd64&amp;apos;, os.version: &amp;apos;10.0&amp;apos;, java.version: &amp;apos;1.8.0_111&amp;apos;
Driver info: org.openqa.selenium.chrome.ChromeDriver
Capabilities {acceptInsecureCerts: false, browserName: chrome, browserVersion: 108.0.5359.125, chrome: {chromedriverVersion: 108.0.5359.71 (1e0e3868ee06..., userDataDir: C:\Users\Sanjeev\AppData\Lo...}, goog:chromeOptions: {debuggerAddress: localhost:59364}, javascriptEnabled: true, networkConnectionEnabled: false, pageLoadStrategy: normal, platform: WINDOWS, platformName: WINDOWS, proxy: Proxy(), setWindowRect: true, strictFileInteractability: false, timeouts: {implicit: 0, pageLoad: 300000, script: 30000}, unhandledPromptBehavior: dismiss and notify, webauthn:extension:credBlob: true, webauthn:extension:largeBlob: true, webauthn:virtualAuthenticators: true}
Session ID: 41cf8b003946ab3cc4a004b935051d0b">
      <![CDATA[org.openqa.selenium.ElementClickInterceptedException: element click intercepted: Element <span class="hidden-xs">...</span> is not clickable at point (1223, 23). Other element would receive the click: <div class="popup-overlay" id="id_focus_msgbox"></div>
  (Session info: chrome=108.0.5359.125)
Build info: version: '3.12.0', revision: '7c6e0b3', time: '2018-05-08T14:04:26.12Z'
System info: host: 'FOCUS-QA-133', ip: '192.168.4.108', os.name: 'Windows 10', os.arch: 'amd64', os.version: '10.0', java.version: '1.8.0_111'
Driver info: org.openqa.selenium.chrome.ChromeDriver
Capabilities {acceptInsecureCerts: false, browserName: chrome, browserVersion: 108.0.5359.125, chrome: {chromedriverVersion: 108.0.5359.71 (1e0e3868ee06..., userDataDir: C:\Users\Sanjeev\AppData\Lo...}, goog:chromeOptions: {debuggerAddress: localhost:59364}, javascriptEnabled: true, networkConnectionEnabled: false, pageLoadStrategy: normal, platform: WINDOWS, platformName: WINDOWS, proxy: Proxy(), setWindowRect: true, strictFileInteractability: false, timeouts: {implicit: 0, pageLoad: 300000, script: 30000}, unhandledPromptBehavior: dismiss and notify, webauthn:extension:credBlob: true, webauthn:extension:largeBlob: true, webauthn:virtualAuthenticators: true}
Session ID: 41cf8b003946ab3cc4a004b935051d0b
	at org.openqa.selenium.remote.http.W3CHttpResponseCodec.createException(W3CHttpResponseCodec.java:187)
	at org.openqa.selenium.remote.http.W3CHttpResponseCodec.decode(W3CHttpResponseCodec.java:122)
	at org.openqa.selenium.remote.http.W3CHttpResponseCodec.decode(W3CHttpResponseCodec.java:49)
	at org.openqa.selenium.remote.HttpCommandExecutor.execute(HttpCommandExecutor.java:158)
	at org.openqa.selenium.remote.service.DriverCommandExecutor.execute(DriverCommandExecutor.java:83)
	at org.openqa.selenium.remote.RemoteWebDriver.execute(RemoteWebDriver.java:543)
	at org.openqa.selenium.remote.RemoteWebElement.execute(RemoteWebElement.java:276)
	at org.openqa.selenium.remote.RemoteWebElement.click(RemoteWebElement.java:83)
	at org.openqa.selenium.support.pagefactory.internal.LocatingElementHandler.invoke(LocatingElementHandler.java:51)
	at com.sun.proxy.$Proxy15.click(Unknown Source)
	at com.focus.Pages.DesignWorkFLowOptionsPage.checkLogoutAndLoginWithoutPronghorn(DesignWorkFLowOptionsPage.java:1386)
	at com.focus.Pages.DesignWorkFLowOptionsPage.checkDeletingPurchaseFlowAndSavingNewFlowWithOneBaseAndOneLinkDocument(DesignWorkFLowOptionsPage.java:16478)
	at com.focus.testcases.DesignWorkFlowOptionsTest.checkDeletingPurchaseFlowAndSavingNewFlowWithOneBaseAndOneLinkDocument(DesignWorkFlowOptionsTest.java:409)
... Removed 31 stack frames]]>
    </failure>
  </testcase> <!-- checkDeletingPurchaseFlowAndSavingNewFlowWithOneBaseAndOneLinkDocument -->
  <testcase name="checkCloseLinkAndPartialOptionInPurchaseOrderHavingOneLinkDocument" time="4.167" classname="com.focus.testcases.DesignWorkFlowOptionsTest">
    <failure type="org.openqa.selenium.ElementClickInterceptedException" message="element click intercepted: Element &amp;lt;div&amp;gt;...&amp;lt;/div&amp;gt; is not clickable at point (59, 252). Other element would receive the click: &amp;lt;div class=&amp;quot;popup-overlay&amp;quot; id=&amp;quot;id_focus_msgbox&amp;quot;&amp;gt;&amp;lt;/div&amp;gt;
  (Session info: chrome=108.0.5359.125)
Build info: version: &amp;apos;3.12.0&amp;apos;, revision: &amp;apos;7c6e0b3&amp;apos;, time: &amp;apos;2018-05-08T14:04:26.12Z&amp;apos;
System info: host: &amp;apos;FOCUS-QA-133&amp;apos;, ip: &amp;apos;192.168.4.108&amp;apos;, os.name: &amp;apos;Windows 10&amp;apos;, os.arch: &amp;apos;amd64&amp;apos;, os.version: &amp;apos;10.0&amp;apos;, java.version: &amp;apos;1.8.0_111&amp;apos;
Driver info: org.openqa.selenium.chrome.ChromeDriver
Capabilities {acceptInsecureCerts: false, browserName: chrome, browserVersion: 108.0.5359.125, chrome: {chromedriverVersion: 108.0.5359.71 (1e0e3868ee06..., userDataDir: C:\Users\Sanjeev\AppData\Lo...}, goog:chromeOptions: {debuggerAddress: localhost:59364}, javascriptEnabled: true, networkConnectionEnabled: false, pageLoadStrategy: normal, platform: WINDOWS, platformName: WINDOWS, proxy: Proxy(), setWindowRect: true, strictFileInteractability: false, timeouts: {implicit: 0, pageLoad: 300000, script: 30000}, unhandledPromptBehavior: dismiss and notify, webauthn:extension:credBlob: true, webauthn:extension:largeBlob: true, webauthn:virtualAuthenticators: true}
Session ID: 41cf8b003946ab3cc4a004b935051d0b">
      <![CDATA[org.openqa.selenium.ElementClickInterceptedException: element click intercepted: Element <div>...</div> is not clickable at point (59, 252). Other element would receive the click: <div class="popup-overlay" id="id_focus_msgbox"></div>
  (Session info: chrome=108.0.5359.125)
Build info: version: '3.12.0', revision: '7c6e0b3', time: '2018-05-08T14:04:26.12Z'
System info: host: 'FOCUS-QA-133', ip: '192.168.4.108', os.name: 'Windows 10', os.arch: 'amd64', os.version: '10.0', java.version: '1.8.0_111'
Driver info: org.openqa.selenium.chrome.ChromeDriver
Capabilities {acceptInsecureCerts: false, browserName: chrome, browserVersion: 108.0.5359.125, chrome: {chromedriverVersion: 108.0.5359.71 (1e0e3868ee06..., userDataDir: C:\Users\Sanjeev\AppData\Lo...}, goog:chromeOptions: {debuggerAddress: localhost:59364}, javascriptEnabled: true, networkConnectionEnabled: false, pageLoadStrategy: normal, platform: WINDOWS, platformName: WINDOWS, proxy: Proxy(), setWindowRect: true, strictFileInteractability: false, timeouts: {implicit: 0, pageLoad: 300000, script: 30000}, unhandledPromptBehavior: dismiss and notify, webauthn:extension:credBlob: true, webauthn:extension:largeBlob: true, webauthn:virtualAuthenticators: true}
Session ID: 41cf8b003946ab3cc4a004b935051d0b
	at org.openqa.selenium.remote.http.W3CHttpResponseCodec.createException(W3CHttpResponseCodec.java:187)
	at org.openqa.selenium.remote.http.W3CHttpResponseCodec.decode(W3CHttpResponseCodec.java:122)
	at org.openqa.selenium.remote.http.W3CHttpResponseCodec.decode(W3CHttpResponseCodec.java:49)
	at org.openqa.selenium.remote.HttpCommandExecutor.execute(HttpCommandExecutor.java:158)
	at org.openqa.selenium.remote.service.DriverCommandExecutor.execute(DriverCommandExecutor.java:83)
	at org.openqa.selenium.remote.RemoteWebDriver.execute(RemoteWebDriver.java:543)
	at org.openqa.selenium.remote.RemoteWebElement.execute(RemoteWebElement.java:276)
	at org.openqa.selenium.remote.RemoteWebElement.click(RemoteWebElement.java:83)
	at org.openqa.selenium.support.pagefactory.internal.LocatingElementHandler.invoke(LocatingElementHandler.java:51)
	at com.sun.proxy.$Proxy15.click(Unknown Source)
	at com.focus.Pages.DesignWorkFLowOptionsPage.checkCloseLinkAndPartialOptionInPurchaseOrderHavingOneLinkDocument(DesignWorkFLowOptionsPage.java:16689)
	at com.focus.testcases.DesignWorkFlowOptionsTest.checkCloseLinkAndPartialOptionInPurchaseOrderHavingOneLinkDocument(DesignWorkFlowOptionsTest.java:418)
... Removed 31 stack frames]]>
    </failure>
  </testcase> <!-- checkCloseLinkAndPartialOptionInPurchaseOrderHavingOneLinkDocument -->
  <testcase name="checkCloseLinkOptionOnPartialRowSelectionInPurchaseOrderHavingOneLinkDocument" time="1.203" classname="com.focus.testcases.DesignWorkFlowOptionsTest">
    <failure type="org.openqa.selenium.ElementClickInterceptedException" message="element click intercepted: Element &amp;lt;span class=&amp;quot;hidden-xs&amp;quot;&amp;gt;...&amp;lt;/span&amp;gt; is not clickable at point (1223, 23). Other element would receive the click: &amp;lt;div class=&amp;quot;popup-overlay&amp;quot; id=&amp;quot;id_focus_msgbox&amp;quot;&amp;gt;&amp;lt;/div&amp;gt;
  (Session info: chrome=108.0.5359.125)
Build info: version: &amp;apos;3.12.0&amp;apos;, revision: &amp;apos;7c6e0b3&amp;apos;, time: &amp;apos;2018-05-08T14:04:26.12Z&amp;apos;
System info: host: &amp;apos;FOCUS-QA-133&amp;apos;, ip: &amp;apos;192.168.4.108&amp;apos;, os.name: &amp;apos;Windows 10&amp;apos;, os.arch: &amp;apos;amd64&amp;apos;, os.version: &amp;apos;10.0&amp;apos;, java.version: &amp;apos;1.8.0_111&amp;apos;
Driver info: org.openqa.selenium.chrome.ChromeDriver
Capabilities {acceptInsecureCerts: false, browserName: chrome, browserVersion: 108.0.5359.125, chrome: {chromedriverVersion: 108.0.5359.71 (1e0e3868ee06..., userDataDir: C:\Users\Sanjeev\AppData\Lo...}, goog:chromeOptions: {debuggerAddress: localhost:59364}, javascriptEnabled: true, networkConnectionEnabled: false, pageLoadStrategy: normal, platform: WINDOWS, platformName: WINDOWS, proxy: Proxy(), setWindowRect: true, strictFileInteractability: false, timeouts: {implicit: 0, pageLoad: 300000, script: 30000}, unhandledPromptBehavior: dismiss and notify, webauthn:extension:credBlob: true, webauthn:extension:largeBlob: true, webauthn:virtualAuthenticators: true}
Session ID: 41cf8b003946ab3cc4a004b935051d0b">
      <![CDATA[org.openqa.selenium.ElementClickInterceptedException: element click intercepted: Element <span class="hidden-xs">...</span> is not clickable at point (1223, 23). Other element would receive the click: <div class="popup-overlay" id="id_focus_msgbox"></div>
  (Session info: chrome=108.0.5359.125)
Build info: version: '3.12.0', revision: '7c6e0b3', time: '2018-05-08T14:04:26.12Z'
System info: host: 'FOCUS-QA-133', ip: '192.168.4.108', os.name: 'Windows 10', os.arch: 'amd64', os.version: '10.0', java.version: '1.8.0_111'
Driver info: org.openqa.selenium.chrome.ChromeDriver
Capabilities {acceptInsecureCerts: false, browserName: chrome, browserVersion: 108.0.5359.125, chrome: {chromedriverVersion: 108.0.5359.71 (1e0e3868ee06..., userDataDir: C:\Users\Sanjeev\AppData\Lo...}, goog:chromeOptions: {debuggerAddress: localhost:59364}, javascriptEnabled: true, networkConnectionEnabled: false, pageLoadStrategy: normal, platform: WINDOWS, platformName: WINDOWS, proxy: Proxy(), setWindowRect: true, strictFileInteractability: false, timeouts: {implicit: 0, pageLoad: 300000, script: 30000}, unhandledPromptBehavior: dismiss and notify, webauthn:extension:credBlob: true, webauthn:extension:largeBlob: true, webauthn:virtualAuthenticators: true}
Session ID: 41cf8b003946ab3cc4a004b935051d0b
	at org.openqa.selenium.remote.http.W3CHttpResponseCodec.createException(W3CHttpResponseCodec.java:187)
	at org.openqa.selenium.remote.http.W3CHttpResponseCodec.decode(W3CHttpResponseCodec.java:122)
	at org.openqa.selenium.remote.http.W3CHttpResponseCodec.decode(W3CHttpResponseCodec.java:49)
	at org.openqa.selenium.remote.HttpCommandExecutor.execute(HttpCommandExecutor.java:158)
	at org.openqa.selenium.remote.service.DriverCommandExecutor.execute(DriverCommandExecutor.java:83)
	at org.openqa.selenium.remote.RemoteWebDriver.execute(RemoteWebDriver.java:543)
	at org.openqa.selenium.remote.RemoteWebElement.execute(RemoteWebElement.java:276)
	at org.openqa.selenium.remote.RemoteWebElement.click(RemoteWebElement.java:83)
	at org.openqa.selenium.support.pagefactory.internal.LocatingElementHandler.invoke(LocatingElementHandler.java:51)
	at com.sun.proxy.$Proxy15.click(Unknown Source)
	at com.focus.Pages.DesignWorkFLowOptionsPage.checkCloseLinkOptionOnPartialRowSelectionInPurchaseOrderHavingOneLinkDocument(DesignWorkFLowOptionsPage.java:17014)
	at com.focus.testcases.DesignWorkFlowOptionsTest.checkCloseLinkOptionOnPartialRowSelectionInPurchaseOrderHavingOneLinkDocument(DesignWorkFlowOptionsTest.java:426)
... Removed 31 stack frames]]>
    </failure>
  </testcase> <!-- checkCloseLinkOptionOnPartialRowSelectionInPurchaseOrderHavingOneLinkDocument -->
  <testcase name="checkRestoringForTransactionsForOrderManagement" time="1.194" classname="com.focus.testcases.DesignWorkFlowOptionsTest">
    <failure type="org.openqa.selenium.ElementClickInterceptedException" message="element click intercepted: Element &amp;lt;span class=&amp;quot;icon-home icon-font1&amp;quot;&amp;gt;&amp;lt;/span&amp;gt; is not clickable at point (59, 80). Other element would receive the click: &amp;lt;div class=&amp;quot;popup-overlay&amp;quot; id=&amp;quot;id_focus_msgbox&amp;quot;&amp;gt;&amp;lt;/div&amp;gt;
  (Session info: chrome=108.0.5359.125)
Build info: version: &amp;apos;3.12.0&amp;apos;, revision: &amp;apos;7c6e0b3&amp;apos;, time: &amp;apos;2018-05-08T14:04:26.12Z&amp;apos;
System info: host: &amp;apos;FOCUS-QA-133&amp;apos;, ip: &amp;apos;192.168.4.108&amp;apos;, os.name: &amp;apos;Windows 10&amp;apos;, os.arch: &amp;apos;amd64&amp;apos;, os.version: &amp;apos;10.0&amp;apos;, java.version: &amp;apos;1.8.0_111&amp;apos;
Driver info: org.openqa.selenium.chrome.ChromeDriver
Capabilities {acceptInsecureCerts: false, browserName: chrome, browserVersion: 108.0.5359.125, chrome: {chromedriverVersion: 108.0.5359.71 (1e0e3868ee06..., userDataDir: C:\Users\Sanjeev\AppData\Lo...}, goog:chromeOptions: {debuggerAddress: localhost:59364}, javascriptEnabled: true, networkConnectionEnabled: false, pageLoadStrategy: normal, platform: WINDOWS, platformName: WINDOWS, proxy: Proxy(), setWindowRect: true, strictFileInteractability: false, timeouts: {implicit: 0, pageLoad: 300000, script: 30000}, unhandledPromptBehavior: dismiss and notify, webauthn:extension:credBlob: true, webauthn:extension:largeBlob: true, webauthn:virtualAuthenticators: true}
Session ID: 41cf8b003946ab3cc4a004b935051d0b">
      <![CDATA[org.openqa.selenium.ElementClickInterceptedException: element click intercepted: Element <span class="icon-home icon-font1"></span> is not clickable at point (59, 80). Other element would receive the click: <div class="popup-overlay" id="id_focus_msgbox"></div>
  (Session info: chrome=108.0.5359.125)
Build info: version: '3.12.0', revision: '7c6e0b3', time: '2018-05-08T14:04:26.12Z'
System info: host: 'FOCUS-QA-133', ip: '192.168.4.108', os.name: 'Windows 10', os.arch: 'amd64', os.version: '10.0', java.version: '1.8.0_111'
Driver info: org.openqa.selenium.chrome.ChromeDriver
Capabilities {acceptInsecureCerts: false, browserName: chrome, browserVersion: 108.0.5359.125, chrome: {chromedriverVersion: 108.0.5359.71 (1e0e3868ee06..., userDataDir: C:\Users\Sanjeev\AppData\Lo...}, goog:chromeOptions: {debuggerAddress: localhost:59364}, javascriptEnabled: true, networkConnectionEnabled: false, pageLoadStrategy: normal, platform: WINDOWS, platformName: WINDOWS, proxy: Proxy(), setWindowRect: true, strictFileInteractability: false, timeouts: {implicit: 0, pageLoad: 300000, script: 30000}, unhandledPromptBehavior: dismiss and notify, webauthn:extension:credBlob: true, webauthn:extension:largeBlob: true, webauthn:virtualAuthenticators: true}
Session ID: 41cf8b003946ab3cc4a004b935051d0b
	at org.openqa.selenium.remote.http.W3CHttpResponseCodec.createException(W3CHttpResponseCodec.java:187)
	at org.openqa.selenium.remote.http.W3CHttpResponseCodec.decode(W3CHttpResponseCodec.java:122)
	at org.openqa.selenium.remote.http.W3CHttpResponseCodec.decode(W3CHttpResponseCodec.java:49)
	at org.openqa.selenium.remote.HttpCommandExecutor.execute(HttpCommandExecutor.java:158)
	at org.openqa.selenium.remote.service.DriverCommandExecutor.execute(DriverCommandExecutor.java:83)
	at org.openqa.selenium.remote.RemoteWebDriver.execute(RemoteWebDriver.java:543)
	at org.openqa.selenium.remote.RemoteWebElement.execute(RemoteWebElement.java:276)
	at org.openqa.selenium.remote.RemoteWebElement.click(RemoteWebElement.java:83)
	at org.openqa.selenium.support.pagefactory.internal.LocatingElementHandler.invoke(LocatingElementHandler.java:51)
	at com.sun.proxy.$Proxy15.click(Unknown Source)
	at com.focus.Pages.DesignWorkFLowOptionsPage.checkRestoreOfCompany(DesignWorkFLowOptionsPage.java:1219)
	at com.focus.testcases.DesignWorkFlowOptionsTest.checkRestoringForTransactionsForOrderManagement(DesignWorkFlowOptionsTest.java:436)
... Removed 31 stack frames]]>
    </failure>
  </testcase> <!-- checkRestoringForTransactionsForOrderManagement -->
  <testcase name="checkSavingPurchaseOrderAndPurchaseVoucherNPartialConsumeCloseLink" time="1.159" classname="com.focus.testcases.DesignWorkFlowOptionsTest">
    <failure type="org.openqa.selenium.ElementClickInterceptedException" message="element click intercepted: Element &amp;lt;div&amp;gt;...&amp;lt;/div&amp;gt; is not clickable at point (59, 252). Other element would receive the click: &amp;lt;div class=&amp;quot;popup-overlay&amp;quot; id=&amp;quot;id_focus_msgbox&amp;quot;&amp;gt;&amp;lt;/div&amp;gt;
  (Session info: chrome=108.0.5359.125)
Build info: version: &amp;apos;3.12.0&amp;apos;, revision: &amp;apos;7c6e0b3&amp;apos;, time: &amp;apos;2018-05-08T14:04:26.12Z&amp;apos;
System info: host: &amp;apos;FOCUS-QA-133&amp;apos;, ip: &amp;apos;192.168.4.108&amp;apos;, os.name: &amp;apos;Windows 10&amp;apos;, os.arch: &amp;apos;amd64&amp;apos;, os.version: &amp;apos;10.0&amp;apos;, java.version: &amp;apos;1.8.0_111&amp;apos;
Driver info: org.openqa.selenium.chrome.ChromeDriver
Capabilities {acceptInsecureCerts: false, browserName: chrome, browserVersion: 108.0.5359.125, chrome: {chromedriverVersion: 108.0.5359.71 (1e0e3868ee06..., userDataDir: C:\Users\Sanjeev\AppData\Lo...}, goog:chromeOptions: {debuggerAddress: localhost:59364}, javascriptEnabled: true, networkConnectionEnabled: false, pageLoadStrategy: normal, platform: WINDOWS, platformName: WINDOWS, proxy: Proxy(), setWindowRect: true, strictFileInteractability: false, timeouts: {implicit: 0, pageLoad: 300000, script: 30000}, unhandledPromptBehavior: dismiss and notify, webauthn:extension:credBlob: true, webauthn:extension:largeBlob: true, webauthn:virtualAuthenticators: true}
Session ID: 41cf8b003946ab3cc4a004b935051d0b">
      <![CDATA[org.openqa.selenium.ElementClickInterceptedException: element click intercepted: Element <div>...</div> is not clickable at point (59, 252). Other element would receive the click: <div class="popup-overlay" id="id_focus_msgbox"></div>
  (Session info: chrome=108.0.5359.125)
Build info: version: '3.12.0', revision: '7c6e0b3', time: '2018-05-08T14:04:26.12Z'
System info: host: 'FOCUS-QA-133', ip: '192.168.4.108', os.name: 'Windows 10', os.arch: 'amd64', os.version: '10.0', java.version: '1.8.0_111'
Driver info: org.openqa.selenium.chrome.ChromeDriver
Capabilities {acceptInsecureCerts: false, browserName: chrome, browserVersion: 108.0.5359.125, chrome: {chromedriverVersion: 108.0.5359.71 (1e0e3868ee06..., userDataDir: C:\Users\Sanjeev\AppData\Lo...}, goog:chromeOptions: {debuggerAddress: localhost:59364}, javascriptEnabled: true, networkConnectionEnabled: false, pageLoadStrategy: normal, platform: WINDOWS, platformName: WINDOWS, proxy: Proxy(), setWindowRect: true, strictFileInteractability: false, timeouts: {implicit: 0, pageLoad: 300000, script: 30000}, unhandledPromptBehavior: dismiss and notify, webauthn:extension:credBlob: true, webauthn:extension:largeBlob: true, webauthn:virtualAuthenticators: true}
Session ID: 41cf8b003946ab3cc4a004b935051d0b
	at org.openqa.selenium.remote.http.W3CHttpResponseCodec.createException(W3CHttpResponseCodec.java:187)
	at org.openqa.selenium.remote.http.W3CHttpResponseCodec.decode(W3CHttpResponseCodec.java:122)
	at org.openqa.selenium.remote.http.W3CHttpResponseCodec.decode(W3CHttpResponseCodec.java:49)
	at org.openqa.selenium.remote.HttpCommandExecutor.execute(HttpCommandExecutor.java:158)
	at org.openqa.selenium.remote.service.DriverCommandExecutor.execute(DriverCommandExecutor.java:83)
	at org.openqa.selenium.remote.RemoteWebDriver.execute(RemoteWebDriver.java:543)
	at org.openqa.selenium.remote.RemoteWebElement.execute(RemoteWebElement.java:276)
	at org.openqa.selenium.remote.RemoteWebElement.click(RemoteWebElement.java:83)
	at org.openqa.selenium.support.pagefactory.internal.LocatingElementHandler.invoke(LocatingElementHandler.java:51)
	at com.sun.proxy.$Proxy15.click(Unknown Source)
	at com.focus.Pages.DesignWorkFLowOptionsPage.checkSavingPurchaseOrderAndPurchaseVoucherNPartialConsumeCloseLink(DesignWorkFLowOptionsPage.java:17482)
	at com.focus.testcases.DesignWorkFlowOptionsTest.checkSavingPurchaseOrderAndPurchaseVoucherNPartialConsumeCloseLink(DesignWorkFlowOptionsTest.java:447)
... Removed 31 stack frames]]>
    </failure>
  </testcase> <!-- checkSavingPurchaseOrderAndPurchaseVoucherNPartialConsumeCloseLink -->
  <testcase name="checkSavingPurchaseOrderAndPurchaseVoucherNRowWisePartialConsumeCloseLink" time="1.124" classname="com.focus.testcases.DesignWorkFlowOptionsTest">
    <failure type="org.openqa.selenium.ElementClickInterceptedException" message="element click intercepted: Element &amp;lt;div&amp;gt;...&amp;lt;/div&amp;gt; is not clickable at point (59, 252). Other element would receive the click: &amp;lt;div class=&amp;quot;popup-overlay&amp;quot; id=&amp;quot;id_focus_msgbox&amp;quot;&amp;gt;&amp;lt;/div&amp;gt;
  (Session info: chrome=108.0.5359.125)
Build info: version: &amp;apos;3.12.0&amp;apos;, revision: &amp;apos;7c6e0b3&amp;apos;, time: &amp;apos;2018-05-08T14:04:26.12Z&amp;apos;
System info: host: &amp;apos;FOCUS-QA-133&amp;apos;, ip: &amp;apos;192.168.4.108&amp;apos;, os.name: &amp;apos;Windows 10&amp;apos;, os.arch: &amp;apos;amd64&amp;apos;, os.version: &amp;apos;10.0&amp;apos;, java.version: &amp;apos;1.8.0_111&amp;apos;
Driver info: org.openqa.selenium.chrome.ChromeDriver
Capabilities {acceptInsecureCerts: false, browserName: chrome, browserVersion: 108.0.5359.125, chrome: {chromedriverVersion: 108.0.5359.71 (1e0e3868ee06..., userDataDir: C:\Users\Sanjeev\AppData\Lo...}, goog:chromeOptions: {debuggerAddress: localhost:59364}, javascriptEnabled: true, networkConnectionEnabled: false, pageLoadStrategy: normal, platform: WINDOWS, platformName: WINDOWS, proxy: Proxy(), setWindowRect: true, strictFileInteractability: false, timeouts: {implicit: 0, pageLoad: 300000, script: 30000}, unhandledPromptBehavior: dismiss and notify, webauthn:extension:credBlob: true, webauthn:extension:largeBlob: true, webauthn:virtualAuthenticators: true}
Session ID: 41cf8b003946ab3cc4a004b935051d0b">
      <![CDATA[org.openqa.selenium.ElementClickInterceptedException: element click intercepted: Element <div>...</div> is not clickable at point (59, 252). Other element would receive the click: <div class="popup-overlay" id="id_focus_msgbox"></div>
  (Session info: chrome=108.0.5359.125)
Build info: version: '3.12.0', revision: '7c6e0b3', time: '2018-05-08T14:04:26.12Z'
System info: host: 'FOCUS-QA-133', ip: '192.168.4.108', os.name: 'Windows 10', os.arch: 'amd64', os.version: '10.0', java.version: '1.8.0_111'
Driver info: org.openqa.selenium.chrome.ChromeDriver
Capabilities {acceptInsecureCerts: false, browserName: chrome, browserVersion: 108.0.5359.125, chrome: {chromedriverVersion: 108.0.5359.71 (1e0e3868ee06..., userDataDir: C:\Users\Sanjeev\AppData\Lo...}, goog:chromeOptions: {debuggerAddress: localhost:59364}, javascriptEnabled: true, networkConnectionEnabled: false, pageLoadStrategy: normal, platform: WINDOWS, platformName: WINDOWS, proxy: Proxy(), setWindowRect: true, strictFileInteractability: false, timeouts: {implicit: 0, pageLoad: 300000, script: 30000}, unhandledPromptBehavior: dismiss and notify, webauthn:extension:credBlob: true, webauthn:extension:largeBlob: true, webauthn:virtualAuthenticators: true}
Session ID: 41cf8b003946ab3cc4a004b935051d0b
	at org.openqa.selenium.remote.http.W3CHttpResponseCodec.createException(W3CHttpResponseCodec.java:187)
	at org.openqa.selenium.remote.http.W3CHttpResponseCodec.decode(W3CHttpResponseCodec.java:122)
	at org.openqa.selenium.remote.http.W3CHttpResponseCodec.decode(W3CHttpResponseCodec.java:49)
	at org.openqa.selenium.remote.HttpCommandExecutor.execute(HttpCommandExecutor.java:158)
	at org.openqa.selenium.remote.service.DriverCommandExecutor.execute(DriverCommandExecutor.java:83)
	at org.openqa.selenium.remote.RemoteWebDriver.execute(RemoteWebDriver.java:543)
	at org.openqa.selenium.remote.RemoteWebElement.execute(RemoteWebElement.java:276)
	at org.openqa.selenium.remote.RemoteWebElement.click(RemoteWebElement.java:83)
	at org.openqa.selenium.support.pagefactory.internal.LocatingElementHandler.invoke(LocatingElementHandler.java:51)
	at com.sun.proxy.$Proxy15.click(Unknown Source)
	at com.focus.Pages.DesignWorkFLowOptionsPage.checkSavingPurchaseOrderAndPurchaseVoucherNRowWisePartialConsumeCloseLink(DesignWorkFLowOptionsPage.java:17944)
	at com.focus.testcases.DesignWorkFlowOptionsTest.checkSavingPurchaseOrderAndPurchaseVoucherNRowWisePartialConsumeCloseLink(DesignWorkFlowOptionsTest.java:454)
... Removed 31 stack frames]]>
    </failure>
  </testcase> <!-- checkSavingPurchaseOrderAndPurchaseVoucherNRowWisePartialConsumeCloseLink -->
  <testcase name="checkSavingPurchaseOrderVoucherForCloseLinkAndEditingLinkOptionAndSlabChangeVoucherSave" time="1.177" classname="com.focus.testcases.DesignWorkFlowOptionsTest">
    <failure type="org.openqa.selenium.ElementClickInterceptedException" message="element click intercepted: Element &amp;lt;div&amp;gt;...&amp;lt;/div&amp;gt; is not clickable at point (59, 252). Other element would receive the click: &amp;lt;div class=&amp;quot;popup-overlay&amp;quot; id=&amp;quot;id_focus_msgbox&amp;quot;&amp;gt;&amp;lt;/div&amp;gt;
  (Session info: chrome=108.0.5359.125)
Build info: version: &amp;apos;3.12.0&amp;apos;, revision: &amp;apos;7c6e0b3&amp;apos;, time: &amp;apos;2018-05-08T14:04:26.12Z&amp;apos;
System info: host: &amp;apos;FOCUS-QA-133&amp;apos;, ip: &amp;apos;192.168.4.108&amp;apos;, os.name: &amp;apos;Windows 10&amp;apos;, os.arch: &amp;apos;amd64&amp;apos;, os.version: &amp;apos;10.0&amp;apos;, java.version: &amp;apos;1.8.0_111&amp;apos;
Driver info: org.openqa.selenium.chrome.ChromeDriver
Capabilities {acceptInsecureCerts: false, browserName: chrome, browserVersion: 108.0.5359.125, chrome: {chromedriverVersion: 108.0.5359.71 (1e0e3868ee06..., userDataDir: C:\Users\Sanjeev\AppData\Lo...}, goog:chromeOptions: {debuggerAddress: localhost:59364}, javascriptEnabled: true, networkConnectionEnabled: false, pageLoadStrategy: normal, platform: WINDOWS, platformName: WINDOWS, proxy: Proxy(), setWindowRect: true, strictFileInteractability: false, timeouts: {implicit: 0, pageLoad: 300000, script: 30000}, unhandledPromptBehavior: dismiss and notify, webauthn:extension:credBlob: true, webauthn:extension:largeBlob: true, webauthn:virtualAuthenticators: true}
Session ID: 41cf8b003946ab3cc4a004b935051d0b">
      <![CDATA[org.openqa.selenium.ElementClickInterceptedException: element click intercepted: Element <div>...</div> is not clickable at point (59, 252). Other element would receive the click: <div class="popup-overlay" id="id_focus_msgbox"></div>
  (Session info: chrome=108.0.5359.125)
Build info: version: '3.12.0', revision: '7c6e0b3', time: '2018-05-08T14:04:26.12Z'
System info: host: 'FOCUS-QA-133', ip: '192.168.4.108', os.name: 'Windows 10', os.arch: 'amd64', os.version: '10.0', java.version: '1.8.0_111'
Driver info: org.openqa.selenium.chrome.ChromeDriver
Capabilities {acceptInsecureCerts: false, browserName: chrome, browserVersion: 108.0.5359.125, chrome: {chromedriverVersion: 108.0.5359.71 (1e0e3868ee06..., userDataDir: C:\Users\Sanjeev\AppData\Lo...}, goog:chromeOptions: {debuggerAddress: localhost:59364}, javascriptEnabled: true, networkConnectionEnabled: false, pageLoadStrategy: normal, platform: WINDOWS, platformName: WINDOWS, proxy: Proxy(), setWindowRect: true, strictFileInteractability: false, timeouts: {implicit: 0, pageLoad: 300000, script: 30000}, unhandledPromptBehavior: dismiss and notify, webauthn:extension:credBlob: true, webauthn:extension:largeBlob: true, webauthn:virtualAuthenticators: true}
Session ID: 41cf8b003946ab3cc4a004b935051d0b
	at org.openqa.selenium.remote.http.W3CHttpResponseCodec.createException(W3CHttpResponseCodec.java:187)
	at org.openqa.selenium.remote.http.W3CHttpResponseCodec.decode(W3CHttpResponseCodec.java:122)
	at org.openqa.selenium.remote.http.W3CHttpResponseCodec.decode(W3CHttpResponseCodec.java:49)
	at org.openqa.selenium.remote.HttpCommandExecutor.execute(HttpCommandExecutor.java:158)
	at org.openqa.selenium.remote.service.DriverCommandExecutor.execute(DriverCommandExecutor.java:83)
	at org.openqa.selenium.remote.RemoteWebDriver.execute(RemoteWebDriver.java:543)
	at org.openqa.selenium.remote.RemoteWebElement.execute(RemoteWebElement.java:276)
	at org.openqa.selenium.remote.RemoteWebElement.click(RemoteWebElement.java:83)
	at org.openqa.selenium.support.pagefactory.internal.LocatingElementHandler.invoke(LocatingElementHandler.java:51)
	at com.sun.proxy.$Proxy15.click(Unknown Source)
	at com.focus.Pages.DesignWorkFLowOptionsPage.checkSavingPurchaseOrderVoucherForCloseLinkAndEditingLinkOptionAndSlabChangeVoucherSave(DesignWorkFLowOptionsPage.java:18430)
	at com.focus.testcases.DesignWorkFlowOptionsTest.checkSavingPurchaseOrderVoucherForCloseLinkAndEditingLinkOptionAndSlabChangeVoucherSave(DesignWorkFlowOptionsTest.java:461)
... Removed 31 stack frames]]>
    </failure>
  </testcase> <!-- checkSavingPurchaseOrderVoucherForCloseLinkAndEditingLinkOptionAndSlabChangeVoucherSave -->
  <testcase name="checkAuthorizingPurchaseVoucher" time="1.128" classname="com.focus.testcases.DesignWorkFlowOptionsTest">
    <failure type="org.openqa.selenium.ElementClickInterceptedException" message="element click intercepted: Element &amp;lt;span class=&amp;quot;hidden-xs&amp;quot;&amp;gt;...&amp;lt;/span&amp;gt; is not clickable at point (1223, 23). Other element would receive the click: &amp;lt;div class=&amp;quot;popup-overlay&amp;quot; id=&amp;quot;id_focus_msgbox&amp;quot;&amp;gt;&amp;lt;/div&amp;gt;
  (Session info: chrome=108.0.5359.125)
Build info: version: &amp;apos;3.12.0&amp;apos;, revision: &amp;apos;7c6e0b3&amp;apos;, time: &amp;apos;2018-05-08T14:04:26.12Z&amp;apos;
System info: host: &amp;apos;FOCUS-QA-133&amp;apos;, ip: &amp;apos;192.168.4.108&amp;apos;, os.name: &amp;apos;Windows 10&amp;apos;, os.arch: &amp;apos;amd64&amp;apos;, os.version: &amp;apos;10.0&amp;apos;, java.version: &amp;apos;1.8.0_111&amp;apos;
Driver info: org.openqa.selenium.chrome.ChromeDriver
Capabilities {acceptInsecureCerts: false, browserName: chrome, browserVersion: 108.0.5359.125, chrome: {chromedriverVersion: 108.0.5359.71 (1e0e3868ee06..., userDataDir: C:\Users\Sanjeev\AppData\Lo...}, goog:chromeOptions: {debuggerAddress: localhost:59364}, javascriptEnabled: true, networkConnectionEnabled: false, pageLoadStrategy: normal, platform: WINDOWS, platformName: WINDOWS, proxy: Proxy(), setWindowRect: true, strictFileInteractability: false, timeouts: {implicit: 0, pageLoad: 300000, script: 30000}, unhandledPromptBehavior: dismiss and notify, webauthn:extension:credBlob: true, webauthn:extension:largeBlob: true, webauthn:virtualAuthenticators: true}
Session ID: 41cf8b003946ab3cc4a004b935051d0b">
      <![CDATA[org.openqa.selenium.ElementClickInterceptedException: element click intercepted: Element <span class="hidden-xs">...</span> is not clickable at point (1223, 23). Other element would receive the click: <div class="popup-overlay" id="id_focus_msgbox"></div>
  (Session info: chrome=108.0.5359.125)
Build info: version: '3.12.0', revision: '7c6e0b3', time: '2018-05-08T14:04:26.12Z'
System info: host: 'FOCUS-QA-133', ip: '192.168.4.108', os.name: 'Windows 10', os.arch: 'amd64', os.version: '10.0', java.version: '1.8.0_111'
Driver info: org.openqa.selenium.chrome.ChromeDriver
Capabilities {acceptInsecureCerts: false, browserName: chrome, browserVersion: 108.0.5359.125, chrome: {chromedriverVersion: 108.0.5359.71 (1e0e3868ee06..., userDataDir: C:\Users\Sanjeev\AppData\Lo...}, goog:chromeOptions: {debuggerAddress: localhost:59364}, javascriptEnabled: true, networkConnectionEnabled: false, pageLoadStrategy: normal, platform: WINDOWS, platformName: WINDOWS, proxy: Proxy(), setWindowRect: true, strictFileInteractability: false, timeouts: {implicit: 0, pageLoad: 300000, script: 30000}, unhandledPromptBehavior: dismiss and notify, webauthn:extension:credBlob: true, webauthn:extension:largeBlob: true, webauthn:virtualAuthenticators: true}
Session ID: 41cf8b003946ab3cc4a004b935051d0b
	at org.openqa.selenium.remote.http.W3CHttpResponseCodec.createException(W3CHttpResponseCodec.java:187)
	at org.openqa.selenium.remote.http.W3CHttpResponseCodec.decode(W3CHttpResponseCodec.java:122)
	at org.openqa.selenium.remote.http.W3CHttpResponseCodec.decode(W3CHttpResponseCodec.java:49)
	at org.openqa.selenium.remote.HttpCommandExecutor.execute(HttpCommandExecutor.java:158)
	at org.openqa.selenium.remote.service.DriverCommandExecutor.execute(DriverCommandExecutor.java:83)
	at org.openqa.selenium.remote.RemoteWebDriver.execute(RemoteWebDriver.java:543)
	at org.openqa.selenium.remote.RemoteWebElement.execute(RemoteWebElement.java:276)
	at org.openqa.selenium.remote.RemoteWebElement.click(RemoteWebElement.java:83)
	at org.openqa.selenium.support.pagefactory.internal.LocatingElementHandler.invoke(LocatingElementHandler.java:51)
	at com.sun.proxy.$Proxy15.click(Unknown Source)
	at com.focus.Pages.DesignWorkFLowOptionsPage.checkAuthorizingPurchaseVoucher(DesignWorkFLowOptionsPage.java:18916)
	at com.focus.testcases.DesignWorkFlowOptionsTest.checkAuthorizingPurchaseVoucher(DesignWorkFlowOptionsTest.java:468)
... Removed 31 stack frames]]>
    </failure>
  </testcase> <!-- checkAuthorizingPurchaseVoucher -->
  <testcase name="checkListingOfDocumentsReport" time="3.142" classname="com.focus.testcases.DesignWorkFlowOptionsTest">
    <failure type="org.openqa.selenium.ElementClickInterceptedException" message="element click intercepted: Element &amp;lt;div&amp;gt;...&amp;lt;/div&amp;gt; is not clickable at point (59, 252). Other element would receive the click: &amp;lt;div class=&amp;quot;popup-overlay&amp;quot; id=&amp;quot;id_focus_msgbox&amp;quot;&amp;gt;&amp;lt;/div&amp;gt;
  (Session info: chrome=108.0.5359.125)
Build info: version: &amp;apos;3.12.0&amp;apos;, revision: &amp;apos;7c6e0b3&amp;apos;, time: &amp;apos;2018-05-08T14:04:26.12Z&amp;apos;
System info: host: &amp;apos;FOCUS-QA-133&amp;apos;, ip: &amp;apos;192.168.4.108&amp;apos;, os.name: &amp;apos;Windows 10&amp;apos;, os.arch: &amp;apos;amd64&amp;apos;, os.version: &amp;apos;10.0&amp;apos;, java.version: &amp;apos;1.8.0_111&amp;apos;
Driver info: org.openqa.selenium.chrome.ChromeDriver
Capabilities {acceptInsecureCerts: false, browserName: chrome, browserVersion: 108.0.5359.125, chrome: {chromedriverVersion: 108.0.5359.71 (1e0e3868ee06..., userDataDir: C:\Users\Sanjeev\AppData\Lo...}, goog:chromeOptions: {debuggerAddress: localhost:59364}, javascriptEnabled: true, networkConnectionEnabled: false, pageLoadStrategy: normal, platform: WINDOWS, platformName: WINDOWS, proxy: Proxy(), setWindowRect: true, strictFileInteractability: false, timeouts: {implicit: 0, pageLoad: 300000, script: 30000}, unhandledPromptBehavior: dismiss and notify, webauthn:extension:credBlob: true, webauthn:extension:largeBlob: true, webauthn:virtualAuthenticators: true}
Session ID: 41cf8b003946ab3cc4a004b935051d0b">
      <![CDATA[org.openqa.selenium.ElementClickInterceptedException: element click intercepted: Element <div>...</div> is not clickable at point (59, 252). Other element would receive the click: <div class="popup-overlay" id="id_focus_msgbox"></div>
  (Session info: chrome=108.0.5359.125)
Build info: version: '3.12.0', revision: '7c6e0b3', time: '2018-05-08T14:04:26.12Z'
System info: host: 'FOCUS-QA-133', ip: '192.168.4.108', os.name: 'Windows 10', os.arch: 'amd64', os.version: '10.0', java.version: '1.8.0_111'
Driver info: org.openqa.selenium.chrome.ChromeDriver
Capabilities {acceptInsecureCerts: false, browserName: chrome, browserVersion: 108.0.5359.125, chrome: {chromedriverVersion: 108.0.5359.71 (1e0e3868ee06..., userDataDir: C:\Users\Sanjeev\AppData\Lo...}, goog:chromeOptions: {debuggerAddress: localhost:59364}, javascriptEnabled: true, networkConnectionEnabled: false, pageLoadStrategy: normal, platform: WINDOWS, platformName: WINDOWS, proxy: Proxy(), setWindowRect: true, strictFileInteractability: false, timeouts: {implicit: 0, pageLoad: 300000, script: 30000}, unhandledPromptBehavior: dismiss and notify, webauthn:extension:credBlob: true, webauthn:extension:largeBlob: true, webauthn:virtualAuthenticators: true}
Session ID: 41cf8b003946ab3cc4a004b935051d0b
	at org.openqa.selenium.remote.http.W3CHttpResponseCodec.createException(W3CHttpResponseCodec.java:187)
	at org.openqa.selenium.remote.http.W3CHttpResponseCodec.decode(W3CHttpResponseCodec.java:122)
	at org.openqa.selenium.remote.http.W3CHttpResponseCodec.decode(W3CHttpResponseCodec.java:49)
	at org.openqa.selenium.remote.HttpCommandExecutor.execute(HttpCommandExecutor.java:158)
	at org.openqa.selenium.remote.service.DriverCommandExecutor.execute(DriverCommandExecutor.java:83)
	at org.openqa.selenium.remote.RemoteWebDriver.execute(RemoteWebDriver.java:543)
	at org.openqa.selenium.remote.RemoteWebElement.execute(RemoteWebElement.java:276)
	at org.openqa.selenium.remote.RemoteWebElement.click(RemoteWebElement.java:83)
	at org.openqa.selenium.support.pagefactory.internal.LocatingElementHandler.invoke(LocatingElementHandler.java:51)
	at com.sun.proxy.$Proxy15.click(Unknown Source)
	at com.focus.Pages.DesignWorkFLowOptionsPage.checkListingOfDocumentsReport(DesignWorkFLowOptionsPage.java:19130)
	at com.focus.testcases.DesignWorkFlowOptionsTest.checkListingOfDocumentsReport(DesignWorkFlowOptionsTest.java:480)
... Removed 31 stack frames]]>
    </failure>
  </testcase> <!-- checkListingOfDocumentsReport -->
  <testcase name="checkListingOfDocumentsByDueDateReport" time="4.183" classname="com.focus.testcases.DesignWorkFlowOptionsTest">
    <failure type="org.openqa.selenium.ElementClickInterceptedException" message="element click intercepted: Element &amp;lt;div&amp;gt;...&amp;lt;/div&amp;gt; is not clickable at point (59, 252). Other element would receive the click: &amp;lt;div class=&amp;quot;popup-overlay&amp;quot; id=&amp;quot;id_focus_msgbox&amp;quot;&amp;gt;&amp;lt;/div&amp;gt;
  (Session info: chrome=108.0.5359.125)
Build info: version: &amp;apos;3.12.0&amp;apos;, revision: &amp;apos;7c6e0b3&amp;apos;, time: &amp;apos;2018-05-08T14:04:26.12Z&amp;apos;
System info: host: &amp;apos;FOCUS-QA-133&amp;apos;, ip: &amp;apos;192.168.4.108&amp;apos;, os.name: &amp;apos;Windows 10&amp;apos;, os.arch: &amp;apos;amd64&amp;apos;, os.version: &amp;apos;10.0&amp;apos;, java.version: &amp;apos;1.8.0_111&amp;apos;
Driver info: org.openqa.selenium.chrome.ChromeDriver
Capabilities {acceptInsecureCerts: false, browserName: chrome, browserVersion: 108.0.5359.125, chrome: {chromedriverVersion: 108.0.5359.71 (1e0e3868ee06..., userDataDir: C:\Users\Sanjeev\AppData\Lo...}, goog:chromeOptions: {debuggerAddress: localhost:59364}, javascriptEnabled: true, networkConnectionEnabled: false, pageLoadStrategy: normal, platform: WINDOWS, platformName: WINDOWS, proxy: Proxy(), setWindowRect: true, strictFileInteractability: false, timeouts: {implicit: 0, pageLoad: 300000, script: 30000}, unhandledPromptBehavior: dismiss and notify, webauthn:extension:credBlob: true, webauthn:extension:largeBlob: true, webauthn:virtualAuthenticators: true}
Session ID: 41cf8b003946ab3cc4a004b935051d0b">
      <![CDATA[org.openqa.selenium.ElementClickInterceptedException: element click intercepted: Element <div>...</div> is not clickable at point (59, 252). Other element would receive the click: <div class="popup-overlay" id="id_focus_msgbox"></div>
  (Session info: chrome=108.0.5359.125)
Build info: version: '3.12.0', revision: '7c6e0b3', time: '2018-05-08T14:04:26.12Z'
System info: host: 'FOCUS-QA-133', ip: '192.168.4.108', os.name: 'Windows 10', os.arch: 'amd64', os.version: '10.0', java.version: '1.8.0_111'
Driver info: org.openqa.selenium.chrome.ChromeDriver
Capabilities {acceptInsecureCerts: false, browserName: chrome, browserVersion: 108.0.5359.125, chrome: {chromedriverVersion: 108.0.5359.71 (1e0e3868ee06..., userDataDir: C:\Users\Sanjeev\AppData\Lo...}, goog:chromeOptions: {debuggerAddress: localhost:59364}, javascriptEnabled: true, networkConnectionEnabled: false, pageLoadStrategy: normal, platform: WINDOWS, platformName: WINDOWS, proxy: Proxy(), setWindowRect: true, strictFileInteractability: false, timeouts: {implicit: 0, pageLoad: 300000, script: 30000}, unhandledPromptBehavior: dismiss and notify, webauthn:extension:credBlob: true, webauthn:extension:largeBlob: true, webauthn:virtualAuthenticators: true}
Session ID: 41cf8b003946ab3cc4a004b935051d0b
	at org.openqa.selenium.remote.http.W3CHttpResponseCodec.createException(W3CHttpResponseCodec.java:187)
	at org.openqa.selenium.remote.http.W3CHttpResponseCodec.decode(W3CHttpResponseCodec.java:122)
	at org.openqa.selenium.remote.http.W3CHttpResponseCodec.decode(W3CHttpResponseCodec.java:49)
	at org.openqa.selenium.remote.HttpCommandExecutor.execute(HttpCommandExecutor.java:158)
	at org.openqa.selenium.remote.service.DriverCommandExecutor.execute(DriverCommandExecutor.java:83)
	at org.openqa.selenium.remote.RemoteWebDriver.execute(RemoteWebDriver.java:543)
	at org.openqa.selenium.remote.RemoteWebElement.execute(RemoteWebElement.java:276)
	at org.openqa.selenium.remote.RemoteWebElement.click(RemoteWebElement.java:83)
	at org.openqa.selenium.support.pagefactory.internal.LocatingElementHandler.invoke(LocatingElementHandler.java:51)
	at com.sun.proxy.$Proxy15.click(Unknown Source)
	at com.focus.Pages.DesignWorkFLowOptionsPage.checkListingOfDocumentsByDueDateReport(DesignWorkFLowOptionsPage.java:19339)
	at com.focus.testcases.DesignWorkFlowOptionsTest.checkListingOfDocumentsByDueDateReport(DesignWorkFlowOptionsTest.java:488)
... Removed 31 stack frames]]>
    </failure>
  </testcase> <!-- checkListingOfDocumentsByDueDateReport -->
  <testcase name="checkAgeingOfPendingDocumentsReport" time="4.234" classname="com.focus.testcases.DesignWorkFlowOptionsTest">
    <failure type="org.openqa.selenium.ElementClickInterceptedException" message="element click intercepted: Element &amp;lt;div&amp;gt;...&amp;lt;/div&amp;gt; is not clickable at point (59, 252). Other element would receive the click: &amp;lt;div class=&amp;quot;popup-overlay&amp;quot; id=&amp;quot;id_focus_msgbox&amp;quot;&amp;gt;&amp;lt;/div&amp;gt;
  (Session info: chrome=108.0.5359.125)
Build info: version: &amp;apos;3.12.0&amp;apos;, revision: &amp;apos;7c6e0b3&amp;apos;, time: &amp;apos;2018-05-08T14:04:26.12Z&amp;apos;
System info: host: &amp;apos;FOCUS-QA-133&amp;apos;, ip: &amp;apos;192.168.4.108&amp;apos;, os.name: &amp;apos;Windows 10&amp;apos;, os.arch: &amp;apos;amd64&amp;apos;, os.version: &amp;apos;10.0&amp;apos;, java.version: &amp;apos;1.8.0_111&amp;apos;
Driver info: org.openqa.selenium.chrome.ChromeDriver
Capabilities {acceptInsecureCerts: false, browserName: chrome, browserVersion: 108.0.5359.125, chrome: {chromedriverVersion: 108.0.5359.71 (1e0e3868ee06..., userDataDir: C:\Users\Sanjeev\AppData\Lo...}, goog:chromeOptions: {debuggerAddress: localhost:59364}, javascriptEnabled: true, networkConnectionEnabled: false, pageLoadStrategy: normal, platform: WINDOWS, platformName: WINDOWS, proxy: Proxy(), setWindowRect: true, strictFileInteractability: false, timeouts: {implicit: 0, pageLoad: 300000, script: 30000}, unhandledPromptBehavior: dismiss and notify, webauthn:extension:credBlob: true, webauthn:extension:largeBlob: true, webauthn:virtualAuthenticators: true}
Session ID: 41cf8b003946ab3cc4a004b935051d0b">
      <![CDATA[org.openqa.selenium.ElementClickInterceptedException: element click intercepted: Element <div>...</div> is not clickable at point (59, 252). Other element would receive the click: <div class="popup-overlay" id="id_focus_msgbox"></div>
  (Session info: chrome=108.0.5359.125)
Build info: version: '3.12.0', revision: '7c6e0b3', time: '2018-05-08T14:04:26.12Z'
System info: host: 'FOCUS-QA-133', ip: '192.168.4.108', os.name: 'Windows 10', os.arch: 'amd64', os.version: '10.0', java.version: '1.8.0_111'
Driver info: org.openqa.selenium.chrome.ChromeDriver
Capabilities {acceptInsecureCerts: false, browserName: chrome, browserVersion: 108.0.5359.125, chrome: {chromedriverVersion: 108.0.5359.71 (1e0e3868ee06..., userDataDir: C:\Users\Sanjeev\AppData\Lo...}, goog:chromeOptions: {debuggerAddress: localhost:59364}, javascriptEnabled: true, networkConnectionEnabled: false, pageLoadStrategy: normal, platform: WINDOWS, platformName: WINDOWS, proxy: Proxy(), setWindowRect: true, strictFileInteractability: false, timeouts: {implicit: 0, pageLoad: 300000, script: 30000}, unhandledPromptBehavior: dismiss and notify, webauthn:extension:credBlob: true, webauthn:extension:largeBlob: true, webauthn:virtualAuthenticators: true}
Session ID: 41cf8b003946ab3cc4a004b935051d0b
	at org.openqa.selenium.remote.http.W3CHttpResponseCodec.createException(W3CHttpResponseCodec.java:187)
	at org.openqa.selenium.remote.http.W3CHttpResponseCodec.decode(W3CHttpResponseCodec.java:122)
	at org.openqa.selenium.remote.http.W3CHttpResponseCodec.decode(W3CHttpResponseCodec.java:49)
	at org.openqa.selenium.remote.HttpCommandExecutor.execute(HttpCommandExecutor.java:158)
	at org.openqa.selenium.remote.service.DriverCommandExecutor.execute(DriverCommandExecutor.java:83)
	at org.openqa.selenium.remote.RemoteWebDriver.execute(RemoteWebDriver.java:543)
	at org.openqa.selenium.remote.RemoteWebElement.execute(RemoteWebElement.java:276)
	at org.openqa.selenium.remote.RemoteWebElement.click(RemoteWebElement.java:83)
	at org.openqa.selenium.support.pagefactory.internal.LocatingElementHandler.invoke(LocatingElementHandler.java:51)
	at com.sun.proxy.$Proxy15.click(Unknown Source)
	at com.focus.Pages.DesignWorkFLowOptionsPage.checkAgeingOfPendingDocumentsReport(DesignWorkFLowOptionsPage.java:19552)
	at com.focus.testcases.DesignWorkFlowOptionsTest.checkAgeingOfPendingDocumentsReport(DesignWorkFlowOptionsTest.java:496)
... Removed 30 stack frames]]>
    </failure>
  </testcase> <!-- checkAgeingOfPendingDocumentsReport -->
  <testcase name="checkAgeingOfPendingDocumentsByDueDateReport" time="4.192" classname="com.focus.testcases.DesignWorkFlowOptionsTest">
    <failure type="org.openqa.selenium.ElementClickInterceptedException" message="element click intercepted: Element &amp;lt;div&amp;gt;...&amp;lt;/div&amp;gt; is not clickable at point (59, 252). Other element would receive the click: &amp;lt;div class=&amp;quot;popup-overlay&amp;quot; id=&amp;quot;id_focus_msgbox&amp;quot;&amp;gt;&amp;lt;/div&amp;gt;
  (Session info: chrome=108.0.5359.125)
Build info: version: &amp;apos;3.12.0&amp;apos;, revision: &amp;apos;7c6e0b3&amp;apos;, time: &amp;apos;2018-05-08T14:04:26.12Z&amp;apos;
System info: host: &amp;apos;FOCUS-QA-133&amp;apos;, ip: &amp;apos;192.168.4.108&amp;apos;, os.name: &amp;apos;Windows 10&amp;apos;, os.arch: &amp;apos;amd64&amp;apos;, os.version: &amp;apos;10.0&amp;apos;, java.version: &amp;apos;1.8.0_111&amp;apos;
Driver info: org.openqa.selenium.chrome.ChromeDriver
Capabilities {acceptInsecureCerts: false, browserName: chrome, browserVersion: 108.0.5359.125, chrome: {chromedriverVersion: 108.0.5359.71 (1e0e3868ee06..., userDataDir: C:\Users\Sanjeev\AppData\Lo...}, goog:chromeOptions: {debuggerAddress: localhost:59364}, javascriptEnabled: true, networkConnectionEnabled: false, pageLoadStrategy: normal, platform: WINDOWS, platformName: WINDOWS, proxy: Proxy(), setWindowRect: true, strictFileInteractability: false, timeouts: {implicit: 0, pageLoad: 300000, script: 30000}, unhandledPromptBehavior: dismiss and notify, webauthn:extension:credBlob: true, webauthn:extension:largeBlob: true, webauthn:virtualAuthenticators: true}
Session ID: 41cf8b003946ab3cc4a004b935051d0b">
      <![CDATA[org.openqa.selenium.ElementClickInterceptedException: element click intercepted: Element <div>...</div> is not clickable at point (59, 252). Other element would receive the click: <div class="popup-overlay" id="id_focus_msgbox"></div>
  (Session info: chrome=108.0.5359.125)
Build info: version: '3.12.0', revision: '7c6e0b3', time: '2018-05-08T14:04:26.12Z'
System info: host: 'FOCUS-QA-133', ip: '192.168.4.108', os.name: 'Windows 10', os.arch: 'amd64', os.version: '10.0', java.version: '1.8.0_111'
Driver info: org.openqa.selenium.chrome.ChromeDriver
Capabilities {acceptInsecureCerts: false, browserName: chrome, browserVersion: 108.0.5359.125, chrome: {chromedriverVersion: 108.0.5359.71 (1e0e3868ee06..., userDataDir: C:\Users\Sanjeev\AppData\Lo...}, goog:chromeOptions: {debuggerAddress: localhost:59364}, javascriptEnabled: true, networkConnectionEnabled: false, pageLoadStrategy: normal, platform: WINDOWS, platformName: WINDOWS, proxy: Proxy(), setWindowRect: true, strictFileInteractability: false, timeouts: {implicit: 0, pageLoad: 300000, script: 30000}, unhandledPromptBehavior: dismiss and notify, webauthn:extension:credBlob: true, webauthn:extension:largeBlob: true, webauthn:virtualAuthenticators: true}
Session ID: 41cf8b003946ab3cc4a004b935051d0b
	at org.openqa.selenium.remote.http.W3CHttpResponseCodec.createException(W3CHttpResponseCodec.java:187)
	at org.openqa.selenium.remote.http.W3CHttpResponseCodec.decode(W3CHttpResponseCodec.java:122)
	at org.openqa.selenium.remote.http.W3CHttpResponseCodec.decode(W3CHttpResponseCodec.java:49)
	at org.openqa.selenium.remote.HttpCommandExecutor.execute(HttpCommandExecutor.java:158)
	at org.openqa.selenium.remote.service.DriverCommandExecutor.execute(DriverCommandExecutor.java:83)
	at org.openqa.selenium.remote.RemoteWebDriver.execute(RemoteWebDriver.java:543)
	at org.openqa.selenium.remote.RemoteWebElement.execute(RemoteWebElement.java:276)
	at org.openqa.selenium.remote.RemoteWebElement.click(RemoteWebElement.java:83)
	at org.openqa.selenium.support.pagefactory.internal.LocatingElementHandler.invoke(LocatingElementHandler.java:51)
	at com.sun.proxy.$Proxy15.click(Unknown Source)
	at com.focus.Pages.DesignWorkFLowOptionsPage.checkAgeingOfPendingDocumentsByDueDateReport(DesignWorkFLowOptionsPage.java:19667)
	at com.focus.testcases.DesignWorkFlowOptionsTest.checkAgeingOfPendingDocumentsByDueDateReport(DesignWorkFlowOptionsTest.java:504)
... Removed 30 stack frames]]>
    </failure>
  </testcase> <!-- checkAgeingOfPendingDocumentsByDueDateReport -->
  <testcase name="checkLinkChainAnalysisReport" time="4.193" classname="com.focus.testcases.DesignWorkFlowOptionsTest">
    <failure type="org.openqa.selenium.ElementClickInterceptedException" message="element click intercepted: Element &amp;lt;div&amp;gt;...&amp;lt;/div&amp;gt; is not clickable at point (59, 252). Other element would receive the click: &amp;lt;div class=&amp;quot;popup-overlay&amp;quot; id=&amp;quot;id_focus_msgbox&amp;quot;&amp;gt;&amp;lt;/div&amp;gt;
  (Session info: chrome=108.0.5359.125)
Build info: version: &amp;apos;3.12.0&amp;apos;, revision: &amp;apos;7c6e0b3&amp;apos;, time: &amp;apos;2018-05-08T14:04:26.12Z&amp;apos;
System info: host: &amp;apos;FOCUS-QA-133&amp;apos;, ip: &amp;apos;192.168.4.108&amp;apos;, os.name: &amp;apos;Windows 10&amp;apos;, os.arch: &amp;apos;amd64&amp;apos;, os.version: &amp;apos;10.0&amp;apos;, java.version: &amp;apos;1.8.0_111&amp;apos;
Driver info: org.openqa.selenium.chrome.ChromeDriver
Capabilities {acceptInsecureCerts: false, browserName: chrome, browserVersion: 108.0.5359.125, chrome: {chromedriverVersion: 108.0.5359.71 (1e0e3868ee06..., userDataDir: C:\Users\Sanjeev\AppData\Lo...}, goog:chromeOptions: {debuggerAddress: localhost:59364}, javascriptEnabled: true, networkConnectionEnabled: false, pageLoadStrategy: normal, platform: WINDOWS, platformName: WINDOWS, proxy: Proxy(), setWindowRect: true, strictFileInteractability: false, timeouts: {implicit: 0, pageLoad: 300000, script: 30000}, unhandledPromptBehavior: dismiss and notify, webauthn:extension:credBlob: true, webauthn:extension:largeBlob: true, webauthn:virtualAuthenticators: true}
Session ID: 41cf8b003946ab3cc4a004b935051d0b">
      <![CDATA[org.openqa.selenium.ElementClickInterceptedException: element click intercepted: Element <div>...</div> is not clickable at point (59, 252). Other element would receive the click: <div class="popup-overlay" id="id_focus_msgbox"></div>
  (Session info: chrome=108.0.5359.125)
Build info: version: '3.12.0', revision: '7c6e0b3', time: '2018-05-08T14:04:26.12Z'
System info: host: 'FOCUS-QA-133', ip: '192.168.4.108', os.name: 'Windows 10', os.arch: 'amd64', os.version: '10.0', java.version: '1.8.0_111'
Driver info: org.openqa.selenium.chrome.ChromeDriver
Capabilities {acceptInsecureCerts: false, browserName: chrome, browserVersion: 108.0.5359.125, chrome: {chromedriverVersion: 108.0.5359.71 (1e0e3868ee06..., userDataDir: C:\Users\Sanjeev\AppData\Lo...}, goog:chromeOptions: {debuggerAddress: localhost:59364}, javascriptEnabled: true, networkConnectionEnabled: false, pageLoadStrategy: normal, platform: WINDOWS, platformName: WINDOWS, proxy: Proxy(), setWindowRect: true, strictFileInteractability: false, timeouts: {implicit: 0, pageLoad: 300000, script: 30000}, unhandledPromptBehavior: dismiss and notify, webauthn:extension:credBlob: true, webauthn:extension:largeBlob: true, webauthn:virtualAuthenticators: true}
Session ID: 41cf8b003946ab3cc4a004b935051d0b
	at org.openqa.selenium.remote.http.W3CHttpResponseCodec.createException(W3CHttpResponseCodec.java:187)
	at org.openqa.selenium.remote.http.W3CHttpResponseCodec.decode(W3CHttpResponseCodec.java:122)
	at org.openqa.selenium.remote.http.W3CHttpResponseCodec.decode(W3CHttpResponseCodec.java:49)
	at org.openqa.selenium.remote.HttpCommandExecutor.execute(HttpCommandExecutor.java:158)
	at org.openqa.selenium.remote.service.DriverCommandExecutor.execute(DriverCommandExecutor.java:83)
	at org.openqa.selenium.remote.RemoteWebDriver.execute(RemoteWebDriver.java:543)
	at org.openqa.selenium.remote.RemoteWebElement.execute(RemoteWebElement.java:276)
	at org.openqa.selenium.remote.RemoteWebElement.click(RemoteWebElement.java:83)
	at org.openqa.selenium.support.pagefactory.internal.LocatingElementHandler.invoke(LocatingElementHandler.java:51)
	at com.sun.proxy.$Proxy15.click(Unknown Source)
	at com.focus.Pages.DesignWorkFLowOptionsPage.checkLinkChainAnalysisReport(DesignWorkFLowOptionsPage.java:19965)
	at com.focus.testcases.DesignWorkFlowOptionsTest.checkLinkChainAnalysisReport(DesignWorkFlowOptionsTest.java:511)
... Removed 30 stack frames]]>
    </failure>
  </testcase> <!-- checkLinkChainAnalysisReport -->
  <testcase name="checkPendingVoucherReport" time="4.141" classname="com.focus.testcases.DesignWorkFlowOptionsTest">
    <failure type="org.openqa.selenium.ElementClickInterceptedException" message="element click intercepted: Element &amp;lt;div&amp;gt;...&amp;lt;/div&amp;gt; is not clickable at point (59, 252). Other element would receive the click: &amp;lt;div class=&amp;quot;popup-overlay&amp;quot; id=&amp;quot;id_focus_msgbox&amp;quot;&amp;gt;&amp;lt;/div&amp;gt;
  (Session info: chrome=108.0.5359.125)
Build info: version: &amp;apos;3.12.0&amp;apos;, revision: &amp;apos;7c6e0b3&amp;apos;, time: &amp;apos;2018-05-08T14:04:26.12Z&amp;apos;
System info: host: &amp;apos;FOCUS-QA-133&amp;apos;, ip: &amp;apos;192.168.4.108&amp;apos;, os.name: &amp;apos;Windows 10&amp;apos;, os.arch: &amp;apos;amd64&amp;apos;, os.version: &amp;apos;10.0&amp;apos;, java.version: &amp;apos;1.8.0_111&amp;apos;
Driver info: org.openqa.selenium.chrome.ChromeDriver
Capabilities {acceptInsecureCerts: false, browserName: chrome, browserVersion: 108.0.5359.125, chrome: {chromedriverVersion: 108.0.5359.71 (1e0e3868ee06..., userDataDir: C:\Users\Sanjeev\AppData\Lo...}, goog:chromeOptions: {debuggerAddress: localhost:59364}, javascriptEnabled: true, networkConnectionEnabled: false, pageLoadStrategy: normal, platform: WINDOWS, platformName: WINDOWS, proxy: Proxy(), setWindowRect: true, strictFileInteractability: false, timeouts: {implicit: 0, pageLoad: 300000, script: 30000}, unhandledPromptBehavior: dismiss and notify, webauthn:extension:credBlob: true, webauthn:extension:largeBlob: true, webauthn:virtualAuthenticators: true}
Session ID: 41cf8b003946ab3cc4a004b935051d0b">
      <![CDATA[org.openqa.selenium.ElementClickInterceptedException: element click intercepted: Element <div>...</div> is not clickable at point (59, 252). Other element would receive the click: <div class="popup-overlay" id="id_focus_msgbox"></div>
  (Session info: chrome=108.0.5359.125)
Build info: version: '3.12.0', revision: '7c6e0b3', time: '2018-05-08T14:04:26.12Z'
System info: host: 'FOCUS-QA-133', ip: '192.168.4.108', os.name: 'Windows 10', os.arch: 'amd64', os.version: '10.0', java.version: '1.8.0_111'
Driver info: org.openqa.selenium.chrome.ChromeDriver
Capabilities {acceptInsecureCerts: false, browserName: chrome, browserVersion: 108.0.5359.125, chrome: {chromedriverVersion: 108.0.5359.71 (1e0e3868ee06..., userDataDir: C:\Users\Sanjeev\AppData\Lo...}, goog:chromeOptions: {debuggerAddress: localhost:59364}, javascriptEnabled: true, networkConnectionEnabled: false, pageLoadStrategy: normal, platform: WINDOWS, platformName: WINDOWS, proxy: Proxy(), setWindowRect: true, strictFileInteractability: false, timeouts: {implicit: 0, pageLoad: 300000, script: 30000}, unhandledPromptBehavior: dismiss and notify, webauthn:extension:credBlob: true, webauthn:extension:largeBlob: true, webauthn:virtualAuthenticators: true}
Session ID: 41cf8b003946ab3cc4a004b935051d0b
	at org.openqa.selenium.remote.http.W3CHttpResponseCodec.createException(W3CHttpResponseCodec.java:187)
	at org.openqa.selenium.remote.http.W3CHttpResponseCodec.decode(W3CHttpResponseCodec.java:122)
	at org.openqa.selenium.remote.http.W3CHttpResponseCodec.decode(W3CHttpResponseCodec.java:49)
	at org.openqa.selenium.remote.HttpCommandExecutor.execute(HttpCommandExecutor.java:158)
	at org.openqa.selenium.remote.service.DriverCommandExecutor.execute(DriverCommandExecutor.java:83)
	at org.openqa.selenium.remote.RemoteWebDriver.execute(RemoteWebDriver.java:543)
	at org.openqa.selenium.remote.RemoteWebElement.execute(RemoteWebElement.java:276)
	at org.openqa.selenium.remote.RemoteWebElement.click(RemoteWebElement.java:83)
	at org.openqa.selenium.support.pagefactory.internal.LocatingElementHandler.invoke(LocatingElementHandler.java:51)
	at com.sun.proxy.$Proxy15.click(Unknown Source)
	at com.focus.Pages.DesignWorkFLowOptionsPage.checkPendingVoucherReport(DesignWorkFLowOptionsPage.java:20174)
	at com.focus.testcases.DesignWorkFlowOptionsTest.checkPendingVoucherReport(DesignWorkFlowOptionsTest.java:518)
... Removed 30 stack frames]]>
    </failure>
  </testcase> <!-- checkPendingVoucherReport -->
  <testcase name="checkValidatingAddingNewFieldInLinksCustomization" time="4.211" classname="com.focus.testcases.DesignWorkFlowOptionsTest">
    <failure type="org.openqa.selenium.ElementClickInterceptedException" message="element click intercepted: Element &amp;lt;div class=&amp;quot;form-group theme_menu_color&amp;quot;&amp;gt;...&amp;lt;/div&amp;gt; is not clickable at point (59, 160). Other element would receive the click: &amp;lt;div class=&amp;quot;popup-overlay&amp;quot; id=&amp;quot;id_focus_msgbox&amp;quot;&amp;gt;&amp;lt;/div&amp;gt;
  (Session info: chrome=108.0.5359.125)
Build info: version: &amp;apos;3.12.0&amp;apos;, revision: &amp;apos;7c6e0b3&amp;apos;, time: &amp;apos;2018-05-08T14:04:26.12Z&amp;apos;
System info: host: &amp;apos;FOCUS-QA-133&amp;apos;, ip: &amp;apos;192.168.4.108&amp;apos;, os.name: &amp;apos;Windows 10&amp;apos;, os.arch: &amp;apos;amd64&amp;apos;, os.version: &amp;apos;10.0&amp;apos;, java.version: &amp;apos;1.8.0_111&amp;apos;
Driver info: org.openqa.selenium.chrome.ChromeDriver
Capabilities {acceptInsecureCerts: false, browserName: chrome, browserVersion: 108.0.5359.125, chrome: {chromedriverVersion: 108.0.5359.71 (1e0e3868ee06..., userDataDir: C:\Users\Sanjeev\AppData\Lo...}, goog:chromeOptions: {debuggerAddress: localhost:59364}, javascriptEnabled: true, networkConnectionEnabled: false, pageLoadStrategy: normal, platform: WINDOWS, platformName: WINDOWS, proxy: Proxy(), setWindowRect: true, strictFileInteractability: false, timeouts: {implicit: 0, pageLoad: 300000, script: 30000}, unhandledPromptBehavior: dismiss and notify, webauthn:extension:credBlob: true, webauthn:extension:largeBlob: true, webauthn:virtualAuthenticators: true}
Session ID: 41cf8b003946ab3cc4a004b935051d0b">
      <![CDATA[org.openqa.selenium.ElementClickInterceptedException: element click intercepted: Element <div class="form-group theme_menu_color">...</div> is not clickable at point (59, 160). Other element would receive the click: <div class="popup-overlay" id="id_focus_msgbox"></div>
  (Session info: chrome=108.0.5359.125)
Build info: version: '3.12.0', revision: '7c6e0b3', time: '2018-05-08T14:04:26.12Z'
System info: host: 'FOCUS-QA-133', ip: '192.168.4.108', os.name: 'Windows 10', os.arch: 'amd64', os.version: '10.0', java.version: '1.8.0_111'
Driver info: org.openqa.selenium.chrome.ChromeDriver
Capabilities {acceptInsecureCerts: false, browserName: chrome, browserVersion: 108.0.5359.125, chrome: {chromedriverVersion: 108.0.5359.71 (1e0e3868ee06..., userDataDir: C:\Users\Sanjeev\AppData\Lo...}, goog:chromeOptions: {debuggerAddress: localhost:59364}, javascriptEnabled: true, networkConnectionEnabled: false, pageLoadStrategy: normal, platform: WINDOWS, platformName: WINDOWS, proxy: Proxy(), setWindowRect: true, strictFileInteractability: false, timeouts: {implicit: 0, pageLoad: 300000, script: 30000}, unhandledPromptBehavior: dismiss and notify, webauthn:extension:credBlob: true, webauthn:extension:largeBlob: true, webauthn:virtualAuthenticators: true}
Session ID: 41cf8b003946ab3cc4a004b935051d0b
	at org.openqa.selenium.remote.http.W3CHttpResponseCodec.createException(W3CHttpResponseCodec.java:187)
	at org.openqa.selenium.remote.http.W3CHttpResponseCodec.decode(W3CHttpResponseCodec.java:122)
	at org.openqa.selenium.remote.http.W3CHttpResponseCodec.decode(W3CHttpResponseCodec.java:49)
	at org.openqa.selenium.remote.HttpCommandExecutor.execute(HttpCommandExecutor.java:158)
	at org.openqa.selenium.remote.service.DriverCommandExecutor.execute(DriverCommandExecutor.java:83)
	at org.openqa.selenium.remote.RemoteWebDriver.execute(RemoteWebDriver.java:543)
	at org.openqa.selenium.remote.RemoteWebElement.execute(RemoteWebElement.java:276)
	at org.openqa.selenium.remote.RemoteWebElement.click(RemoteWebElement.java:83)
	at org.openqa.selenium.support.pagefactory.internal.LocatingElementHandler.invoke(LocatingElementHandler.java:51)
	at com.sun.proxy.$Proxy15.click(Unknown Source)
	at com.focus.Pages.DesignWorkFLowOptionsPage.checkValidatingAddingNewFieldInLinksCustomization(DesignWorkFLowOptionsPage.java:20300)
	at com.focus.testcases.DesignWorkFlowOptionsTest.checkValidatingAddingNewFieldInLinksCustomization(DesignWorkFlowOptionsTest.java:525)
... Removed 30 stack frames]]>
    </failure>
  </testcase> <!-- checkValidatingAddingNewFieldInLinksCustomization -->
  <testcase name="checkValidatingExportFunctionalityInLinksCustomization" time="1.158" classname="com.focus.testcases.DesignWorkFlowOptionsTest">
    <failure type="org.openqa.selenium.ElementClickInterceptedException" message="element click intercepted: Element &amp;lt;div class=&amp;quot;form-group theme_menu_color&amp;quot;&amp;gt;...&amp;lt;/div&amp;gt; is not clickable at point (59, 160). Other element would receive the click: &amp;lt;div class=&amp;quot;popup-overlay&amp;quot; id=&amp;quot;id_focus_msgbox&amp;quot;&amp;gt;&amp;lt;/div&amp;gt;
  (Session info: chrome=108.0.5359.125)
Build info: version: &amp;apos;3.12.0&amp;apos;, revision: &amp;apos;7c6e0b3&amp;apos;, time: &amp;apos;2018-05-08T14:04:26.12Z&amp;apos;
System info: host: &amp;apos;FOCUS-QA-133&amp;apos;, ip: &amp;apos;192.168.4.108&amp;apos;, os.name: &amp;apos;Windows 10&amp;apos;, os.arch: &amp;apos;amd64&amp;apos;, os.version: &amp;apos;10.0&amp;apos;, java.version: &amp;apos;1.8.0_111&amp;apos;
Driver info: org.openqa.selenium.chrome.ChromeDriver
Capabilities {acceptInsecureCerts: false, browserName: chrome, browserVersion: 108.0.5359.125, chrome: {chromedriverVersion: 108.0.5359.71 (1e0e3868ee06..., userDataDir: C:\Users\Sanjeev\AppData\Lo...}, goog:chromeOptions: {debuggerAddress: localhost:59364}, javascriptEnabled: true, networkConnectionEnabled: false, pageLoadStrategy: normal, platform: WINDOWS, platformName: WINDOWS, proxy: Proxy(), setWindowRect: true, strictFileInteractability: false, timeouts: {implicit: 0, pageLoad: 300000, script: 30000}, unhandledPromptBehavior: dismiss and notify, webauthn:extension:credBlob: true, webauthn:extension:largeBlob: true, webauthn:virtualAuthenticators: true}
Session ID: 41cf8b003946ab3cc4a004b935051d0b">
      <![CDATA[org.openqa.selenium.ElementClickInterceptedException: element click intercepted: Element <div class="form-group theme_menu_color">...</div> is not clickable at point (59, 160). Other element would receive the click: <div class="popup-overlay" id="id_focus_msgbox"></div>
  (Session info: chrome=108.0.5359.125)
Build info: version: '3.12.0', revision: '7c6e0b3', time: '2018-05-08T14:04:26.12Z'
System info: host: 'FOCUS-QA-133', ip: '192.168.4.108', os.name: 'Windows 10', os.arch: 'amd64', os.version: '10.0', java.version: '1.8.0_111'
Driver info: org.openqa.selenium.chrome.ChromeDriver
Capabilities {acceptInsecureCerts: false, browserName: chrome, browserVersion: 108.0.5359.125, chrome: {chromedriverVersion: 108.0.5359.71 (1e0e3868ee06..., userDataDir: C:\Users\Sanjeev\AppData\Lo...}, goog:chromeOptions: {debuggerAddress: localhost:59364}, javascriptEnabled: true, networkConnectionEnabled: false, pageLoadStrategy: normal, platform: WINDOWS, platformName: WINDOWS, proxy: Proxy(), setWindowRect: true, strictFileInteractability: false, timeouts: {implicit: 0, pageLoad: 300000, script: 30000}, unhandledPromptBehavior: dismiss and notify, webauthn:extension:credBlob: true, webauthn:extension:largeBlob: true, webauthn:virtualAuthenticators: true}
Session ID: 41cf8b003946ab3cc4a004b935051d0b
	at org.openqa.selenium.remote.http.W3CHttpResponseCodec.createException(W3CHttpResponseCodec.java:187)
	at org.openqa.selenium.remote.http.W3CHttpResponseCodec.decode(W3CHttpResponseCodec.java:122)
	at org.openqa.selenium.remote.http.W3CHttpResponseCodec.decode(W3CHttpResponseCodec.java:49)
	at org.openqa.selenium.remote.HttpCommandExecutor.execute(HttpCommandExecutor.java:158)
	at org.openqa.selenium.remote.service.DriverCommandExecutor.execute(DriverCommandExecutor.java:83)
	at org.openqa.selenium.remote.RemoteWebDriver.execute(RemoteWebDriver.java:543)
	at org.openqa.selenium.remote.RemoteWebElement.execute(RemoteWebElement.java:276)
	at org.openqa.selenium.remote.RemoteWebElement.click(RemoteWebElement.java:83)
	at org.openqa.selenium.support.pagefactory.internal.LocatingElementHandler.invoke(LocatingElementHandler.java:51)
	at com.sun.proxy.$Proxy15.click(Unknown Source)
	at com.focus.Pages.DesignWorkFLowOptionsPage.checkValidatingExportFunctionalityInLinksCustomization(DesignWorkFLowOptionsPage.java:20654)
	at com.focus.testcases.DesignWorkFlowOptionsTest.checkValidatingExportFunctionalityInLinksCustomization(DesignWorkFlowOptionsTest.java:533)
... Removed 30 stack frames]]>
    </failure>
  </testcase> <!-- checkValidatingExportFunctionalityInLinksCustomization -->
  <testcase name="checkValidatingImportFunctionalityInLinksCustomization" time="3.199" classname="com.focus.testcases.DesignWorkFlowOptionsTest">
    <failure type="org.openqa.selenium.ElementClickInterceptedException" message="element click intercepted: Element &amp;lt;div class=&amp;quot;form-group theme_menu_color&amp;quot;&amp;gt;...&amp;lt;/div&amp;gt; is not clickable at point (59, 160). Other element would receive the click: &amp;lt;div class=&amp;quot;popup-overlay&amp;quot; id=&amp;quot;id_focus_msgbox&amp;quot;&amp;gt;&amp;lt;/div&amp;gt;
  (Session info: chrome=108.0.5359.125)
Build info: version: &amp;apos;3.12.0&amp;apos;, revision: &amp;apos;7c6e0b3&amp;apos;, time: &amp;apos;2018-05-08T14:04:26.12Z&amp;apos;
System info: host: &amp;apos;FOCUS-QA-133&amp;apos;, ip: &amp;apos;192.168.4.108&amp;apos;, os.name: &amp;apos;Windows 10&amp;apos;, os.arch: &amp;apos;amd64&amp;apos;, os.version: &amp;apos;10.0&amp;apos;, java.version: &amp;apos;1.8.0_111&amp;apos;
Driver info: org.openqa.selenium.chrome.ChromeDriver
Capabilities {acceptInsecureCerts: false, browserName: chrome, browserVersion: 108.0.5359.125, chrome: {chromedriverVersion: 108.0.5359.71 (1e0e3868ee06..., userDataDir: C:\Users\Sanjeev\AppData\Lo...}, goog:chromeOptions: {debuggerAddress: localhost:59364}, javascriptEnabled: true, networkConnectionEnabled: false, pageLoadStrategy: normal, platform: WINDOWS, platformName: WINDOWS, proxy: Proxy(), setWindowRect: true, strictFileInteractability: false, timeouts: {implicit: 0, pageLoad: 300000, script: 30000}, unhandledPromptBehavior: dismiss and notify, webauthn:extension:credBlob: true, webauthn:extension:largeBlob: true, webauthn:virtualAuthenticators: true}
Session ID: 41cf8b003946ab3cc4a004b935051d0b">
      <![CDATA[org.openqa.selenium.ElementClickInterceptedException: element click intercepted: Element <div class="form-group theme_menu_color">...</div> is not clickable at point (59, 160). Other element would receive the click: <div class="popup-overlay" id="id_focus_msgbox"></div>
  (Session info: chrome=108.0.5359.125)
Build info: version: '3.12.0', revision: '7c6e0b3', time: '2018-05-08T14:04:26.12Z'
System info: host: 'FOCUS-QA-133', ip: '192.168.4.108', os.name: 'Windows 10', os.arch: 'amd64', os.version: '10.0', java.version: '1.8.0_111'
Driver info: org.openqa.selenium.chrome.ChromeDriver
Capabilities {acceptInsecureCerts: false, browserName: chrome, browserVersion: 108.0.5359.125, chrome: {chromedriverVersion: 108.0.5359.71 (1e0e3868ee06..., userDataDir: C:\Users\Sanjeev\AppData\Lo...}, goog:chromeOptions: {debuggerAddress: localhost:59364}, javascriptEnabled: true, networkConnectionEnabled: false, pageLoadStrategy: normal, platform: WINDOWS, platformName: WINDOWS, proxy: Proxy(), setWindowRect: true, strictFileInteractability: false, timeouts: {implicit: 0, pageLoad: 300000, script: 30000}, unhandledPromptBehavior: dismiss and notify, webauthn:extension:credBlob: true, webauthn:extension:largeBlob: true, webauthn:virtualAuthenticators: true}
Session ID: 41cf8b003946ab3cc4a004b935051d0b
	at org.openqa.selenium.remote.http.W3CHttpResponseCodec.createException(W3CHttpResponseCodec.java:187)
	at org.openqa.selenium.remote.http.W3CHttpResponseCodec.decode(W3CHttpResponseCodec.java:122)
	at org.openqa.selenium.remote.http.W3CHttpResponseCodec.decode(W3CHttpResponseCodec.java:49)
	at org.openqa.selenium.remote.HttpCommandExecutor.execute(HttpCommandExecutor.java:158)
	at org.openqa.selenium.remote.service.DriverCommandExecutor.execute(DriverCommandExecutor.java:83)
	at org.openqa.selenium.remote.RemoteWebDriver.execute(RemoteWebDriver.java:543)
	at org.openqa.selenium.remote.RemoteWebElement.execute(RemoteWebElement.java:276)
	at org.openqa.selenium.remote.RemoteWebElement.click(RemoteWebElement.java:83)
	at org.openqa.selenium.support.pagefactory.internal.LocatingElementHandler.invoke(LocatingElementHandler.java:51)
	at com.sun.proxy.$Proxy15.click(Unknown Source)
	at com.focus.Pages.DesignWorkFLowOptionsPage.checkValidatingImportFunctionalityInLinksCustomization(DesignWorkFLowOptionsPage.java:20776)
	at com.focus.testcases.DesignWorkFlowOptionsTest.checkValidatingImportFunctionalityInLinksCustomization(DesignWorkFlowOptionsTest.java:540)
... Removed 30 stack frames]]>
    </failure>
  </testcase> <!-- checkValidatingImportFunctionalityInLinksCustomization -->
  <testcase name="checkValidatingDeleteFunctionalityInLinksCustomization" time="1.256" classname="com.focus.testcases.DesignWorkFlowOptionsTest">
    <failure type="org.openqa.selenium.ElementClickInterceptedException" message="element click intercepted: Element &amp;lt;div class=&amp;quot;form-group theme_menu_color&amp;quot;&amp;gt;...&amp;lt;/div&amp;gt; is not clickable at point (59, 160). Other element would receive the click: &amp;lt;div class=&amp;quot;popup-overlay&amp;quot; id=&amp;quot;id_focus_msgbox&amp;quot;&amp;gt;&amp;lt;/div&amp;gt;
  (Session info: chrome=108.0.5359.125)
Build info: version: &amp;apos;3.12.0&amp;apos;, revision: &amp;apos;7c6e0b3&amp;apos;, time: &amp;apos;2018-05-08T14:04:26.12Z&amp;apos;
System info: host: &amp;apos;FOCUS-QA-133&amp;apos;, ip: &amp;apos;192.168.4.108&amp;apos;, os.name: &amp;apos;Windows 10&amp;apos;, os.arch: &amp;apos;amd64&amp;apos;, os.version: &amp;apos;10.0&amp;apos;, java.version: &amp;apos;1.8.0_111&amp;apos;
Driver info: org.openqa.selenium.chrome.ChromeDriver
Capabilities {acceptInsecureCerts: false, browserName: chrome, browserVersion: 108.0.5359.125, chrome: {chromedriverVersion: 108.0.5359.71 (1e0e3868ee06..., userDataDir: C:\Users\Sanjeev\AppData\Lo...}, goog:chromeOptions: {debuggerAddress: localhost:59364}, javascriptEnabled: true, networkConnectionEnabled: false, pageLoadStrategy: normal, platform: WINDOWS, platformName: WINDOWS, proxy: Proxy(), setWindowRect: true, strictFileInteractability: false, timeouts: {implicit: 0, pageLoad: 300000, script: 30000}, unhandledPromptBehavior: dismiss and notify, webauthn:extension:credBlob: true, webauthn:extension:largeBlob: true, webauthn:virtualAuthenticators: true}
Session ID: 41cf8b003946ab3cc4a004b935051d0b">
      <![CDATA[org.openqa.selenium.ElementClickInterceptedException: element click intercepted: Element <div class="form-group theme_menu_color">...</div> is not clickable at point (59, 160). Other element would receive the click: <div class="popup-overlay" id="id_focus_msgbox"></div>
  (Session info: chrome=108.0.5359.125)
Build info: version: '3.12.0', revision: '7c6e0b3', time: '2018-05-08T14:04:26.12Z'
System info: host: 'FOCUS-QA-133', ip: '192.168.4.108', os.name: 'Windows 10', os.arch: 'amd64', os.version: '10.0', java.version: '1.8.0_111'
Driver info: org.openqa.selenium.chrome.ChromeDriver
Capabilities {acceptInsecureCerts: false, browserName: chrome, browserVersion: 108.0.5359.125, chrome: {chromedriverVersion: 108.0.5359.71 (1e0e3868ee06..., userDataDir: C:\Users\Sanjeev\AppData\Lo...}, goog:chromeOptions: {debuggerAddress: localhost:59364}, javascriptEnabled: true, networkConnectionEnabled: false, pageLoadStrategy: normal, platform: WINDOWS, platformName: WINDOWS, proxy: Proxy(), setWindowRect: true, strictFileInteractability: false, timeouts: {implicit: 0, pageLoad: 300000, script: 30000}, unhandledPromptBehavior: dismiss and notify, webauthn:extension:credBlob: true, webauthn:extension:largeBlob: true, webauthn:virtualAuthenticators: true}
Session ID: 41cf8b003946ab3cc4a004b935051d0b
	at org.openqa.selenium.remote.http.W3CHttpResponseCodec.createException(W3CHttpResponseCodec.java:187)
	at org.openqa.selenium.remote.http.W3CHttpResponseCodec.decode(W3CHttpResponseCodec.java:122)
	at org.openqa.selenium.remote.http.W3CHttpResponseCodec.decode(W3CHttpResponseCodec.java:49)
	at org.openqa.selenium.remote.HttpCommandExecutor.execute(HttpCommandExecutor.java:158)
	at org.openqa.selenium.remote.service.DriverCommandExecutor.execute(DriverCommandExecutor.java:83)
	at org.openqa.selenium.remote.RemoteWebDriver.execute(RemoteWebDriver.java:543)
	at org.openqa.selenium.remote.RemoteWebElement.execute(RemoteWebElement.java:276)
	at org.openqa.selenium.remote.RemoteWebElement.click(RemoteWebElement.java:83)
	at org.openqa.selenium.support.pagefactory.internal.LocatingElementHandler.invoke(LocatingElementHandler.java:51)
	at com.sun.proxy.$Proxy15.click(Unknown Source)
	at com.focus.Pages.DesignWorkFLowOptionsPage.checkValidatingDeleteFunctionalityInLinksCustomization(DesignWorkFLowOptionsPage.java:20922)
	at com.focus.testcases.DesignWorkFlowOptionsTest.checkValidatingDeleteFunctionalityInLinksCustomization(DesignWorkFlowOptionsTest.java:547)
... Removed 30 stack frames]]>
    </failure>
  </testcase> <!-- checkValidatingDeleteFunctionalityInLinksCustomization -->
  <testcase name="checkFilterOptionsUnderPendingPurchaseOrderLink" time="4.213" classname="com.focus.testcases.DesignWorkFlowOptionsTest">
    <failure type="org.openqa.selenium.ElementClickInterceptedException" message="element click intercepted: Element &amp;lt;div class=&amp;quot;form-group theme_menu_color&amp;quot;&amp;gt;...&amp;lt;/div&amp;gt; is not clickable at point (59, 160). Other element would receive the click: &amp;lt;div class=&amp;quot;popup-overlay&amp;quot; id=&amp;quot;id_focus_msgbox&amp;quot;&amp;gt;&amp;lt;/div&amp;gt;
  (Session info: chrome=108.0.5359.125)
Build info: version: &amp;apos;3.12.0&amp;apos;, revision: &amp;apos;7c6e0b3&amp;apos;, time: &amp;apos;2018-05-08T14:04:26.12Z&amp;apos;
System info: host: &amp;apos;FOCUS-QA-133&amp;apos;, ip: &amp;apos;192.168.4.108&amp;apos;, os.name: &amp;apos;Windows 10&amp;apos;, os.arch: &amp;apos;amd64&amp;apos;, os.version: &amp;apos;10.0&amp;apos;, java.version: &amp;apos;1.8.0_111&amp;apos;
Driver info: org.openqa.selenium.chrome.ChromeDriver
Capabilities {acceptInsecureCerts: false, browserName: chrome, browserVersion: 108.0.5359.125, chrome: {chromedriverVersion: 108.0.5359.71 (1e0e3868ee06..., userDataDir: C:\Users\Sanjeev\AppData\Lo...}, goog:chromeOptions: {debuggerAddress: localhost:59364}, javascriptEnabled: true, networkConnectionEnabled: false, pageLoadStrategy: normal, platform: WINDOWS, platformName: WINDOWS, proxy: Proxy(), setWindowRect: true, strictFileInteractability: false, timeouts: {implicit: 0, pageLoad: 300000, script: 30000}, unhandledPromptBehavior: dismiss and notify, webauthn:extension:credBlob: true, webauthn:extension:largeBlob: true, webauthn:virtualAuthenticators: true}
Session ID: 41cf8b003946ab3cc4a004b935051d0b">
      <![CDATA[org.openqa.selenium.ElementClickInterceptedException: element click intercepted: Element <div class="form-group theme_menu_color">...</div> is not clickable at point (59, 160). Other element would receive the click: <div class="popup-overlay" id="id_focus_msgbox"></div>
  (Session info: chrome=108.0.5359.125)
Build info: version: '3.12.0', revision: '7c6e0b3', time: '2018-05-08T14:04:26.12Z'
System info: host: 'FOCUS-QA-133', ip: '192.168.4.108', os.name: 'Windows 10', os.arch: 'amd64', os.version: '10.0', java.version: '1.8.0_111'
Driver info: org.openqa.selenium.chrome.ChromeDriver
Capabilities {acceptInsecureCerts: false, browserName: chrome, browserVersion: 108.0.5359.125, chrome: {chromedriverVersion: 108.0.5359.71 (1e0e3868ee06..., userDataDir: C:\Users\Sanjeev\AppData\Lo...}, goog:chromeOptions: {debuggerAddress: localhost:59364}, javascriptEnabled: true, networkConnectionEnabled: false, pageLoadStrategy: normal, platform: WINDOWS, platformName: WINDOWS, proxy: Proxy(), setWindowRect: true, strictFileInteractability: false, timeouts: {implicit: 0, pageLoad: 300000, script: 30000}, unhandledPromptBehavior: dismiss and notify, webauthn:extension:credBlob: true, webauthn:extension:largeBlob: true, webauthn:virtualAuthenticators: true}
Session ID: 41cf8b003946ab3cc4a004b935051d0b
	at org.openqa.selenium.remote.http.W3CHttpResponseCodec.createException(W3CHttpResponseCodec.java:187)
	at org.openqa.selenium.remote.http.W3CHttpResponseCodec.decode(W3CHttpResponseCodec.java:122)
	at org.openqa.selenium.remote.http.W3CHttpResponseCodec.decode(W3CHttpResponseCodec.java:49)
	at org.openqa.selenium.remote.HttpCommandExecutor.execute(HttpCommandExecutor.java:158)
	at org.openqa.selenium.remote.service.DriverCommandExecutor.execute(DriverCommandExecutor.java:83)
	at org.openqa.selenium.remote.RemoteWebDriver.execute(RemoteWebDriver.java:543)
	at org.openqa.selenium.remote.RemoteWebElement.execute(RemoteWebElement.java:276)
	at org.openqa.selenium.remote.RemoteWebElement.click(RemoteWebElement.java:83)
	at org.openqa.selenium.support.pagefactory.internal.LocatingElementHandler.invoke(LocatingElementHandler.java:51)
	at com.sun.proxy.$Proxy15.click(Unknown Source)
	at com.focus.Pages.DesignWorkFLowOptionsPage.checkFilterOptionsUnderPendingPurchaseOrderLink(DesignWorkFLowOptionsPage.java:21038)
	at com.focus.testcases.DesignWorkFlowOptionsTest.checkFilterOptionsUnderPendingPurchaseOrderLink(DesignWorkFlowOptionsTest.java:554)
... Removed 30 stack frames]]>
    </failure>
  </testcase> <!-- checkFilterOptionsUnderPendingPurchaseOrderLink -->
  <testcase name="checkCannotExceedTheBaseValueOptionForMultipleRowsWithSameItem" time="1.228" classname="com.focus.testcases.DesignWorkFlowOptionsTest">
    <failure type="org.openqa.selenium.ElementClickInterceptedException" message="element click intercepted: Element &amp;lt;span class=&amp;quot;icon-home icon-font1&amp;quot;&amp;gt;&amp;lt;/span&amp;gt; is not clickable at point (59, 80). Other element would receive the click: &amp;lt;div class=&amp;quot;popup-overlay&amp;quot; id=&amp;quot;id_focus_msgbox&amp;quot;&amp;gt;&amp;lt;/div&amp;gt;
  (Session info: chrome=108.0.5359.125)
Build info: version: &amp;apos;3.12.0&amp;apos;, revision: &amp;apos;7c6e0b3&amp;apos;, time: &amp;apos;2018-05-08T14:04:26.12Z&amp;apos;
System info: host: &amp;apos;FOCUS-QA-133&amp;apos;, ip: &amp;apos;192.168.4.108&amp;apos;, os.name: &amp;apos;Windows 10&amp;apos;, os.arch: &amp;apos;amd64&amp;apos;, os.version: &amp;apos;10.0&amp;apos;, java.version: &amp;apos;1.8.0_111&amp;apos;
Driver info: org.openqa.selenium.chrome.ChromeDriver
Capabilities {acceptInsecureCerts: false, browserName: chrome, browserVersion: 108.0.5359.125, chrome: {chromedriverVersion: 108.0.5359.71 (1e0e3868ee06..., userDataDir: C:\Users\Sanjeev\AppData\Lo...}, goog:chromeOptions: {debuggerAddress: localhost:59364}, javascriptEnabled: true, networkConnectionEnabled: false, pageLoadStrategy: normal, platform: WINDOWS, platformName: WINDOWS, proxy: Proxy(), setWindowRect: true, strictFileInteractability: false, timeouts: {implicit: 0, pageLoad: 300000, script: 30000}, unhandledPromptBehavior: dismiss and notify, webauthn:extension:credBlob: true, webauthn:extension:largeBlob: true, webauthn:virtualAuthenticators: true}
Session ID: 41cf8b003946ab3cc4a004b935051d0b">
      <![CDATA[org.openqa.selenium.ElementClickInterceptedException: element click intercepted: Element <span class="icon-home icon-font1"></span> is not clickable at point (59, 80). Other element would receive the click: <div class="popup-overlay" id="id_focus_msgbox"></div>
  (Session info: chrome=108.0.5359.125)
Build info: version: '3.12.0', revision: '7c6e0b3', time: '2018-05-08T14:04:26.12Z'
System info: host: 'FOCUS-QA-133', ip: '192.168.4.108', os.name: 'Windows 10', os.arch: 'amd64', os.version: '10.0', java.version: '1.8.0_111'
Driver info: org.openqa.selenium.chrome.ChromeDriver
Capabilities {acceptInsecureCerts: false, browserName: chrome, browserVersion: 108.0.5359.125, chrome: {chromedriverVersion: 108.0.5359.71 (1e0e3868ee06..., userDataDir: C:\Users\Sanjeev\AppData\Lo...}, goog:chromeOptions: {debuggerAddress: localhost:59364}, javascriptEnabled: true, networkConnectionEnabled: false, pageLoadStrategy: normal, platform: WINDOWS, platformName: WINDOWS, proxy: Proxy(), setWindowRect: true, strictFileInteractability: false, timeouts: {implicit: 0, pageLoad: 300000, script: 30000}, unhandledPromptBehavior: dismiss and notify, webauthn:extension:credBlob: true, webauthn:extension:largeBlob: true, webauthn:virtualAuthenticators: true}
Session ID: 41cf8b003946ab3cc4a004b935051d0b
	at org.openqa.selenium.remote.http.W3CHttpResponseCodec.createException(W3CHttpResponseCodec.java:187)
	at org.openqa.selenium.remote.http.W3CHttpResponseCodec.decode(W3CHttpResponseCodec.java:122)
	at org.openqa.selenium.remote.http.W3CHttpResponseCodec.decode(W3CHttpResponseCodec.java:49)
	at org.openqa.selenium.remote.HttpCommandExecutor.execute(HttpCommandExecutor.java:158)
	at org.openqa.selenium.remote.service.DriverCommandExecutor.execute(DriverCommandExecutor.java:83)
	at org.openqa.selenium.remote.RemoteWebDriver.execute(RemoteWebDriver.java:543)
	at org.openqa.selenium.remote.RemoteWebElement.execute(RemoteWebElement.java:276)
	at org.openqa.selenium.remote.RemoteWebElement.click(RemoteWebElement.java:83)
	at org.openqa.selenium.support.pagefactory.internal.LocatingElementHandler.invoke(LocatingElementHandler.java:51)
	at com.sun.proxy.$Proxy15.click(Unknown Source)
	at com.focus.Pages.DesignWorkFLowOptionsPage.checkEraseAllTransactions(DesignWorkFLowOptionsPage.java:1528)
	at com.focus.Pages.DesignWorkFLowOptionsPage.checkEraseAllTransactionsLogoutAndLogin(DesignWorkFLowOptionsPage.java:1465)
	at com.focus.Pages.DesignWorkFLowOptionsPage.checkCannotExceedTheBaseValueOptionForMultipleRowsWithSameItem(DesignWorkFLowOptionsPage.java:21526)
	at com.focus.testcases.DesignWorkFlowOptionsTest.checkCannotExceedTheBaseValueOptionForMultipleRowsWithSameItem(DesignWorkFlowOptionsTest.java:561)
... Removed 30 stack frames]]>
    </failure>
  </testcase> <!-- checkCannotExceedTheBaseValueOptionForMultipleRowsWithSameItem -->
  <testcase name="checkCannotExceedTheBaseValueOptionForMultipleRowsWithDifferentItem" time="1.181" classname="com.focus.testcases.DesignWorkFlowOptionsTest">
    <failure type="org.openqa.selenium.ElementClickInterceptedException" message="element click intercepted: Element &amp;lt;div&amp;gt;...&amp;lt;/div&amp;gt; is not clickable at point (59, 252). Other element would receive the click: &amp;lt;div class=&amp;quot;popup-overlay&amp;quot; id=&amp;quot;id_focus_msgbox&amp;quot;&amp;gt;&amp;lt;/div&amp;gt;
  (Session info: chrome=108.0.5359.125)
Build info: version: &amp;apos;3.12.0&amp;apos;, revision: &amp;apos;7c6e0b3&amp;apos;, time: &amp;apos;2018-05-08T14:04:26.12Z&amp;apos;
System info: host: &amp;apos;FOCUS-QA-133&amp;apos;, ip: &amp;apos;192.168.4.108&amp;apos;, os.name: &amp;apos;Windows 10&amp;apos;, os.arch: &amp;apos;amd64&amp;apos;, os.version: &amp;apos;10.0&amp;apos;, java.version: &amp;apos;1.8.0_111&amp;apos;
Driver info: org.openqa.selenium.chrome.ChromeDriver
Capabilities {acceptInsecureCerts: false, browserName: chrome, browserVersion: 108.0.5359.125, chrome: {chromedriverVersion: 108.0.5359.71 (1e0e3868ee06..., userDataDir: C:\Users\Sanjeev\AppData\Lo...}, goog:chromeOptions: {debuggerAddress: localhost:59364}, javascriptEnabled: true, networkConnectionEnabled: false, pageLoadStrategy: normal, platform: WINDOWS, platformName: WINDOWS, proxy: Proxy(), setWindowRect: true, strictFileInteractability: false, timeouts: {implicit: 0, pageLoad: 300000, script: 30000}, unhandledPromptBehavior: dismiss and notify, webauthn:extension:credBlob: true, webauthn:extension:largeBlob: true, webauthn:virtualAuthenticators: true}
Session ID: 41cf8b003946ab3cc4a004b935051d0b">
      <![CDATA[org.openqa.selenium.ElementClickInterceptedException: element click intercepted: Element <div>...</div> is not clickable at point (59, 252). Other element would receive the click: <div class="popup-overlay" id="id_focus_msgbox"></div>
  (Session info: chrome=108.0.5359.125)
Build info: version: '3.12.0', revision: '7c6e0b3', time: '2018-05-08T14:04:26.12Z'
System info: host: 'FOCUS-QA-133', ip: '192.168.4.108', os.name: 'Windows 10', os.arch: 'amd64', os.version: '10.0', java.version: '1.8.0_111'
Driver info: org.openqa.selenium.chrome.ChromeDriver
Capabilities {acceptInsecureCerts: false, browserName: chrome, browserVersion: 108.0.5359.125, chrome: {chromedriverVersion: 108.0.5359.71 (1e0e3868ee06..., userDataDir: C:\Users\Sanjeev\AppData\Lo...}, goog:chromeOptions: {debuggerAddress: localhost:59364}, javascriptEnabled: true, networkConnectionEnabled: false, pageLoadStrategy: normal, platform: WINDOWS, platformName: WINDOWS, proxy: Proxy(), setWindowRect: true, strictFileInteractability: false, timeouts: {implicit: 0, pageLoad: 300000, script: 30000}, unhandledPromptBehavior: dismiss and notify, webauthn:extension:credBlob: true, webauthn:extension:largeBlob: true, webauthn:virtualAuthenticators: true}
Session ID: 41cf8b003946ab3cc4a004b935051d0b
	at org.openqa.selenium.remote.http.W3CHttpResponseCodec.createException(W3CHttpResponseCodec.java:187)
	at org.openqa.selenium.remote.http.W3CHttpResponseCodec.decode(W3CHttpResponseCodec.java:122)
	at org.openqa.selenium.remote.http.W3CHttpResponseCodec.decode(W3CHttpResponseCodec.java:49)
	at org.openqa.selenium.remote.HttpCommandExecutor.execute(HttpCommandExecutor.java:158)
	at org.openqa.selenium.remote.service.DriverCommandExecutor.execute(DriverCommandExecutor.java:83)
	at org.openqa.selenium.remote.RemoteWebDriver.execute(RemoteWebDriver.java:543)
	at org.openqa.selenium.remote.RemoteWebElement.execute(RemoteWebElement.java:276)
	at org.openqa.selenium.remote.RemoteWebElement.click(RemoteWebElement.java:83)
	at org.openqa.selenium.support.pagefactory.internal.LocatingElementHandler.invoke(LocatingElementHandler.java:51)
	at com.sun.proxy.$Proxy15.click(Unknown Source)
	at com.focus.Pages.DesignWorkFLowOptionsPage.checkCannotExceedTheBaseValueOptionForMultipleRowsWithDifferentItem(DesignWorkFLowOptionsPage.java:22274)
	at com.focus.testcases.DesignWorkFlowOptionsTest.checkCannotExceedTheBaseValueOptionForMultipleRowsWithDifferentItem(DesignWorkFlowOptionsTest.java:568)
... Removed 30 stack frames]]>
    </failure>
  </testcase> <!-- checkCannotExceedTheBaseValueOptionForMultipleRowsWithDifferentItem -->
  <testcase name="checkCannotExceedTheBaseValueOptionForMultipleRowsWithSameItem1" time="1.167" classname="com.focus.testcases.DesignWorkFlowOptionsTest">
    <failure type="org.openqa.selenium.ElementClickInterceptedException" message="element click intercepted: Element &amp;lt;div&amp;gt;...&amp;lt;/div&amp;gt; is not clickable at point (59, 252). Other element would receive the click: &amp;lt;div class=&amp;quot;popup-overlay&amp;quot; id=&amp;quot;id_focus_msgbox&amp;quot;&amp;gt;&amp;lt;/div&amp;gt;
  (Session info: chrome=108.0.5359.125)
Build info: version: &amp;apos;3.12.0&amp;apos;, revision: &amp;apos;7c6e0b3&amp;apos;, time: &amp;apos;2018-05-08T14:04:26.12Z&amp;apos;
System info: host: &amp;apos;FOCUS-QA-133&amp;apos;, ip: &amp;apos;192.168.4.108&amp;apos;, os.name: &amp;apos;Windows 10&amp;apos;, os.arch: &amp;apos;amd64&amp;apos;, os.version: &amp;apos;10.0&amp;apos;, java.version: &amp;apos;1.8.0_111&amp;apos;
Driver info: org.openqa.selenium.chrome.ChromeDriver
Capabilities {acceptInsecureCerts: false, browserName: chrome, browserVersion: 108.0.5359.125, chrome: {chromedriverVersion: 108.0.5359.71 (1e0e3868ee06..., userDataDir: C:\Users\Sanjeev\AppData\Lo...}, goog:chromeOptions: {debuggerAddress: localhost:59364}, javascriptEnabled: true, networkConnectionEnabled: false, pageLoadStrategy: normal, platform: WINDOWS, platformName: WINDOWS, proxy: Proxy(), setWindowRect: true, strictFileInteractability: false, timeouts: {implicit: 0, pageLoad: 300000, script: 30000}, unhandledPromptBehavior: dismiss and notify, webauthn:extension:credBlob: true, webauthn:extension:largeBlob: true, webauthn:virtualAuthenticators: true}
Session ID: 41cf8b003946ab3cc4a004b935051d0b">
      <![CDATA[org.openqa.selenium.ElementClickInterceptedException: element click intercepted: Element <div>...</div> is not clickable at point (59, 252). Other element would receive the click: <div class="popup-overlay" id="id_focus_msgbox"></div>
  (Session info: chrome=108.0.5359.125)
Build info: version: '3.12.0', revision: '7c6e0b3', time: '2018-05-08T14:04:26.12Z'
System info: host: 'FOCUS-QA-133', ip: '192.168.4.108', os.name: 'Windows 10', os.arch: 'amd64', os.version: '10.0', java.version: '1.8.0_111'
Driver info: org.openqa.selenium.chrome.ChromeDriver
Capabilities {acceptInsecureCerts: false, browserName: chrome, browserVersion: 108.0.5359.125, chrome: {chromedriverVersion: 108.0.5359.71 (1e0e3868ee06..., userDataDir: C:\Users\Sanjeev\AppData\Lo...}, goog:chromeOptions: {debuggerAddress: localhost:59364}, javascriptEnabled: true, networkConnectionEnabled: false, pageLoadStrategy: normal, platform: WINDOWS, platformName: WINDOWS, proxy: Proxy(), setWindowRect: true, strictFileInteractability: false, timeouts: {implicit: 0, pageLoad: 300000, script: 30000}, unhandledPromptBehavior: dismiss and notify, webauthn:extension:credBlob: true, webauthn:extension:largeBlob: true, webauthn:virtualAuthenticators: true}
Session ID: 41cf8b003946ab3cc4a004b935051d0b
	at org.openqa.selenium.remote.http.W3CHttpResponseCodec.createException(W3CHttpResponseCodec.java:187)
	at org.openqa.selenium.remote.http.W3CHttpResponseCodec.decode(W3CHttpResponseCodec.java:122)
	at org.openqa.selenium.remote.http.W3CHttpResponseCodec.decode(W3CHttpResponseCodec.java:49)
	at org.openqa.selenium.remote.HttpCommandExecutor.execute(HttpCommandExecutor.java:158)
	at org.openqa.selenium.remote.service.DriverCommandExecutor.execute(DriverCommandExecutor.java:83)
	at org.openqa.selenium.remote.RemoteWebDriver.execute(RemoteWebDriver.java:543)
	at org.openqa.selenium.remote.RemoteWebElement.execute(RemoteWebElement.java:276)
	at org.openqa.selenium.remote.RemoteWebElement.click(RemoteWebElement.java:83)
	at org.openqa.selenium.support.pagefactory.internal.LocatingElementHandler.invoke(LocatingElementHandler.java:51)
	at com.sun.proxy.$Proxy15.click(Unknown Source)
	at com.focus.Pages.DesignWorkFLowOptionsPage.checkCannotExceedTheBaseValueOptionForMultipleRowsWithSameItem1(DesignWorkFLowOptionsPage.java:23592)
	at com.focus.testcases.DesignWorkFlowOptionsTest.checkCannotExceedTheBaseValueOptionForMultipleRowsWithSameItem1(DesignWorkFlowOptionsTest.java:575)
... Removed 30 stack frames]]>
    </failure>
  </testcase> <!-- checkCannotExceedTheBaseValueOptionForMultipleRowsWithSameItem1 -->
  <testcase name="checkCannotExceedTheBaseValueOptionOnEditing" time="19.194" classname="com.focus.testcases.DesignWorkFlowOptionsTest">
    <failure type="org.openqa.selenium.ElementClickInterceptedException" message="element click intercepted: Element &amp;lt;span class=&amp;quot;hidden-xs&amp;quot;&amp;gt;...&amp;lt;/span&amp;gt; is not clickable at point (1223, 23). Other element would receive the click: &amp;lt;div class=&amp;quot;popup-overlay&amp;quot; id=&amp;quot;id_focus_msgbox&amp;quot;&amp;gt;&amp;lt;/div&amp;gt;
  (Session info: chrome=108.0.5359.125)
Build info: version: &amp;apos;3.12.0&amp;apos;, revision: &amp;apos;7c6e0b3&amp;apos;, time: &amp;apos;2018-05-08T14:04:26.12Z&amp;apos;
System info: host: &amp;apos;FOCUS-QA-133&amp;apos;, ip: &amp;apos;192.168.4.108&amp;apos;, os.name: &amp;apos;Windows 10&amp;apos;, os.arch: &amp;apos;amd64&amp;apos;, os.version: &amp;apos;10.0&amp;apos;, java.version: &amp;apos;1.8.0_111&amp;apos;
Driver info: org.openqa.selenium.chrome.ChromeDriver
Capabilities {acceptInsecureCerts: false, browserName: chrome, browserVersion: 108.0.5359.125, chrome: {chromedriverVersion: 108.0.5359.71 (1e0e3868ee06..., userDataDir: C:\Users\Sanjeev\AppData\Lo...}, goog:chromeOptions: {debuggerAddress: localhost:59364}, javascriptEnabled: true, networkConnectionEnabled: false, pageLoadStrategy: normal, platform: WINDOWS, platformName: WINDOWS, proxy: Proxy(), setWindowRect: true, strictFileInteractability: false, timeouts: {implicit: 0, pageLoad: 300000, script: 30000}, unhandledPromptBehavior: dismiss and notify, webauthn:extension:credBlob: true, webauthn:extension:largeBlob: true, webauthn:virtualAuthenticators: true}
Session ID: 41cf8b003946ab3cc4a004b935051d0b">
      <![CDATA[org.openqa.selenium.ElementClickInterceptedException: element click intercepted: Element <span class="hidden-xs">...</span> is not clickable at point (1223, 23). Other element would receive the click: <div class="popup-overlay" id="id_focus_msgbox"></div>
  (Session info: chrome=108.0.5359.125)
Build info: version: '3.12.0', revision: '7c6e0b3', time: '2018-05-08T14:04:26.12Z'
System info: host: 'FOCUS-QA-133', ip: '192.168.4.108', os.name: 'Windows 10', os.arch: 'amd64', os.version: '10.0', java.version: '1.8.0_111'
Driver info: org.openqa.selenium.chrome.ChromeDriver
Capabilities {acceptInsecureCerts: false, browserName: chrome, browserVersion: 108.0.5359.125, chrome: {chromedriverVersion: 108.0.5359.71 (1e0e3868ee06..., userDataDir: C:\Users\Sanjeev\AppData\Lo...}, goog:chromeOptions: {debuggerAddress: localhost:59364}, javascriptEnabled: true, networkConnectionEnabled: false, pageLoadStrategy: normal, platform: WINDOWS, platformName: WINDOWS, proxy: Proxy(), setWindowRect: true, strictFileInteractability: false, timeouts: {implicit: 0, pageLoad: 300000, script: 30000}, unhandledPromptBehavior: dismiss and notify, webauthn:extension:credBlob: true, webauthn:extension:largeBlob: true, webauthn:virtualAuthenticators: true}
Session ID: 41cf8b003946ab3cc4a004b935051d0b
	at org.openqa.selenium.remote.http.W3CHttpResponseCodec.createException(W3CHttpResponseCodec.java:187)
	at org.openqa.selenium.remote.http.W3CHttpResponseCodec.decode(W3CHttpResponseCodec.java:122)
	at org.openqa.selenium.remote.http.W3CHttpResponseCodec.decode(W3CHttpResponseCodec.java:49)
	at org.openqa.selenium.remote.HttpCommandExecutor.execute(HttpCommandExecutor.java:158)
	at org.openqa.selenium.remote.service.DriverCommandExecutor.execute(DriverCommandExecutor.java:83)
	at org.openqa.selenium.remote.RemoteWebDriver.execute(RemoteWebDriver.java:543)
	at org.openqa.selenium.remote.RemoteWebElement.execute(RemoteWebElement.java:276)
	at org.openqa.selenium.remote.RemoteWebElement.click(RemoteWebElement.java:83)
	at org.openqa.selenium.support.pagefactory.internal.LocatingElementHandler.invoke(LocatingElementHandler.java:51)
	at com.sun.proxy.$Proxy15.click(Unknown Source)
	at com.focus.Pages.DesignWorkFLowOptionsPage.checkLogoutAndLoginWithoutPronghorn(DesignWorkFLowOptionsPage.java:1386)
	at com.focus.Pages.DesignWorkFLowOptionsPage.checkCannotExceedTheBaseValueOptionOnEditing(DesignWorkFLowOptionsPage.java:24566)
	at com.focus.testcases.DesignWorkFlowOptionsTest.checkCannotExceedTheBaseValueOptionOnEditing(DesignWorkFlowOptionsTest.java:582)
... Removed 30 stack frames]]>
    </failure>
  </testcase> <!-- checkCannotExceedTheBaseValueOptionOnEditing -->
  <testcase name="checkLogout" time="1.174" classname="com.focus.testcases.DesignWorkFlowOptionsTest">
    <failure type="org.openqa.selenium.ElementClickInterceptedException" message="element click intercepted: Element &amp;lt;span class=&amp;quot;hidden-xs&amp;quot;&amp;gt;...&amp;lt;/span&amp;gt; is not clickable at point (1223, 23). Other element would receive the click: &amp;lt;div class=&amp;quot;popup-overlay&amp;quot; id=&amp;quot;id_focus_msgbox&amp;quot;&amp;gt;&amp;lt;/div&amp;gt;
  (Session info: chrome=108.0.5359.125)
Build info: version: &amp;apos;3.12.0&amp;apos;, revision: &amp;apos;7c6e0b3&amp;apos;, time: &amp;apos;2018-05-08T14:04:26.12Z&amp;apos;
System info: host: &amp;apos;FOCUS-QA-133&amp;apos;, ip: &amp;apos;192.168.4.108&amp;apos;, os.name: &amp;apos;Windows 10&amp;apos;, os.arch: &amp;apos;amd64&amp;apos;, os.version: &amp;apos;10.0&amp;apos;, java.version: &amp;apos;1.8.0_111&amp;apos;
Driver info: org.openqa.selenium.chrome.ChromeDriver
Capabilities {acceptInsecureCerts: false, browserName: chrome, browserVersion: 108.0.5359.125, chrome: {chromedriverVersion: 108.0.5359.71 (1e0e3868ee06..., userDataDir: C:\Users\Sanjeev\AppData\Lo...}, goog:chromeOptions: {debuggerAddress: localhost:59364}, javascriptEnabled: true, networkConnectionEnabled: false, pageLoadStrategy: normal, platform: WINDOWS, platformName: WINDOWS, proxy: Proxy(), setWindowRect: true, strictFileInteractability: false, timeouts: {implicit: 0, pageLoad: 300000, script: 30000}, unhandledPromptBehavior: dismiss and notify, webauthn:extension:credBlob: true, webauthn:extension:largeBlob: true, webauthn:virtualAuthenticators: true}
Session ID: 41cf8b003946ab3cc4a004b935051d0b">
      <![CDATA[org.openqa.selenium.ElementClickInterceptedException: element click intercepted: Element <span class="hidden-xs">...</span> is not clickable at point (1223, 23). Other element would receive the click: <div class="popup-overlay" id="id_focus_msgbox"></div>
  (Session info: chrome=108.0.5359.125)
Build info: version: '3.12.0', revision: '7c6e0b3', time: '2018-05-08T14:04:26.12Z'
System info: host: 'FOCUS-QA-133', ip: '192.168.4.108', os.name: 'Windows 10', os.arch: 'amd64', os.version: '10.0', java.version: '1.8.0_111'
Driver info: org.openqa.selenium.chrome.ChromeDriver
Capabilities {acceptInsecureCerts: false, browserName: chrome, browserVersion: 108.0.5359.125, chrome: {chromedriverVersion: 108.0.5359.71 (1e0e3868ee06..., userDataDir: C:\Users\Sanjeev\AppData\Lo...}, goog:chromeOptions: {debuggerAddress: localhost:59364}, javascriptEnabled: true, networkConnectionEnabled: false, pageLoadStrategy: normal, platform: WINDOWS, platformName: WINDOWS, proxy: Proxy(), setWindowRect: true, strictFileInteractability: false, timeouts: {implicit: 0, pageLoad: 300000, script: 30000}, unhandledPromptBehavior: dismiss and notify, webauthn:extension:credBlob: true, webauthn:extension:largeBlob: true, webauthn:virtualAuthenticators: true}
Session ID: 41cf8b003946ab3cc4a004b935051d0b
	at org.openqa.selenium.remote.http.W3CHttpResponseCodec.createException(W3CHttpResponseCodec.java:187)
	at org.openqa.selenium.remote.http.W3CHttpResponseCodec.decode(W3CHttpResponseCodec.java:122)
	at org.openqa.selenium.remote.http.W3CHttpResponseCodec.decode(W3CHttpResponseCodec.java:49)
	at org.openqa.selenium.remote.HttpCommandExecutor.execute(HttpCommandExecutor.java:158)
	at org.openqa.selenium.remote.service.DriverCommandExecutor.execute(DriverCommandExecutor.java:83)
	at org.openqa.selenium.remote.RemoteWebDriver.execute(RemoteWebDriver.java:543)
	at org.openqa.selenium.remote.RemoteWebElement.execute(RemoteWebElement.java:276)
	at org.openqa.selenium.remote.RemoteWebElement.click(RemoteWebElement.java:83)
	at org.openqa.selenium.support.pagefactory.internal.LocatingElementHandler.invoke(LocatingElementHandler.java:51)
	at com.sun.proxy.$Proxy15.click(Unknown Source)
	at com.focus.Pages.DesignWorkFLowOptionsPage.checkLogout(DesignWorkFLowOptionsPage.java:25108)
	at com.focus.testcases.DesignWorkFlowOptionsTest.checkLogout(DesignWorkFlowOptionsTest.java:590)
... Removed 30 stack frames]]>
    </failure>
  </testcase> <!-- checkLogout -->
</testsuite> <!-- Test -->
