<?xml version="1.0" encoding="UTF-8"?>
<!-- Generated by org.testng.reporters.JUnitReportReporter -->
<testsuite hostname="FOCUS-QA-133" name="com.focus.testcases.BatchNegativeTestingOptionsTest" tests="96" failures="2" timestamp="30 Dec 2022 18:08:57 GMT" time="2542.636" errors="0">
  <testcase name="checkReSavingPurchaseVoucherVATVoucher1WithDateSameAsSalesInvoiceVoucher1" time="23.381" classname="com.focus.testcases.BatchNegativeTestingOptionsTest"/>
  <testcase name="checkSuspendingSalesInvoiceVATVoucher1ForTwentyEightScenario" time="19.973" classname="com.focus.testcases.BatchNegativeTestingOptionsTest"/>
  <testcase name="checkEditingAndSavingPurchaseVoucherVATVoucher1ByDeleting2ndAfterSuspendingSalesInvoice" time="27.703" classname="com.focus.testcases.BatchNegativeTestingOptionsTest"/>
  <testcase name="checkSuspendingPurchaseVoucherVATVoucher1InEntryPageAfterSuspendingSalesInvoiceVoucher1" time="19.554" classname="com.focus.testcases.BatchNegativeTestingOptionsTest"/>
  <testcase name="checkEditingAndSavingPurchaseVoucherVATVoucher1ByDeletingRow1WhichHasConsumedFullyInSalesInvoice" time="59.444" classname="com.focus.testcases.BatchNegativeTestingOptionsTest"/>
  <testcase name="checkSuspendingSalesInvoiceVATVoucher1ForTwentiethScenario" time="19.498" classname="com.focus.testcases.BatchNegativeTestingOptionsTest"/>
  <testcase name="checkReSavingSalesInvoiceVATVoucher1AfterSuspendingPurchaseVoucher1FromEntryPage" time="25.880" classname="com.focus.testcases.BatchNegativeTestingOptionsTest"/>
  <testcase name="checkEditingAndSavingPurchaseVoucherVATVoucher1ByChangingItemFromBATCHBRITEMToBRCOGSITEM" time="33.859" classname="com.focus.testcases.BatchNegativeTestingOptionsTest"/>
  <testcase name="checkSavingSalesInvoiceVATVoucher1WithQuantityAs11AfterAddingRow2WithBatchNoAsBatchPVAT1InPurchaseVoucherVAT1" time="37.706" classname="com.focus.testcases.BatchNegativeTestingOptionsTest"/>
  <testcase name="checkSavingSalesInvoiceVATVoucher1WithNextDateByConsumingFullQuantity" time="12.367" classname="com.focus.testcases.BatchNegativeTestingOptionsTest"/>
  <testcase name="checkSavingSalesInvoiceVATVoucher1WithDateSameAsPurchaseVoucher1" time="14.986" classname="com.focus.testcases.BatchNegativeTestingOptionsTest"/>
  <testcase name="checkReSavingSalesInvoiceVATVoucher1AfterChangingWarehouseToHyderabadInPurchaseVoucherVAT1" time="33.865" classname="com.focus.testcases.BatchNegativeTestingOptionsTest"/>
  <testcase name="checkReSavingSalesInvoiceVATVoucher1AfterDeleting2ndRowInPurchaseVoucherVAT1" time="23.422" classname="com.focus.testcases.BatchNegativeTestingOptionsTest"/>
  <testcase name="checkSuspendingSalesInvoiceVATVoucher1ForEighteenthScenario" time="19.473" classname="com.focus.testcases.BatchNegativeTestingOptionsTest"/>
  <testcase name="checkSuspendingSalesInvoiceVATVoucher1FromVoucherHomePage" time="17.627" classname="com.focus.testcases.BatchNegativeTestingOptionsTest"/>
  <testcase name="checkSuspendAndDeletingPurchaseVoucherVATVoucher1InHomePageAfterSuspendingSalesInvoiceVoucher1" time="20.889" classname="com.focus.testcases.BatchNegativeTestingOptionsTest"/>
  <testcase name="checkEditingAndSavingPurchaseVoucherVATVoucher1ByChangingBatchNoFromBATCHPVAT2ToBATCHPVAT1" time="24.603" classname="com.focus.testcases.BatchNegativeTestingOptionsTest"/>
  <testcase name="checkDeletingSalesInvoiceVATVouchersForThirtyFirstScenario" time="17.609" classname="com.focus.testcases.BatchNegativeTestingOptionsTest"/>
  <testcase name="checkBatchPopupInStockTransferVoucher1" time="24.769" classname="com.focus.testcases.BatchNegativeTestingOptionsTest">
    <failure type="java.lang.AssertionError" message="expected [true] but found [false]">
      <![CDATA[java.lang.AssertionError: expected [true] but found [false]
	at org.testng.Assert.fail(Assert.java:94)
	at org.testng.Assert.failNotEquals(Assert.java:513)
	at org.testng.Assert.assertEqualsImpl(Assert.java:135)
	at org.testng.Assert.assertEquals(Assert.java:116)
	at org.testng.Assert.assertEquals(Assert.java:305)
	at org.testng.Assert.assertEquals(Assert.java:315)
	at com.focus.testcases.BatchNegativeTestingOptionsTest.checkBatchPopupInStockTransferVoucher1(BatchNegativeTestingOptionsTest.java:996)
	at sun.reflect.NativeMethodAccessorImpl.invoke0(Native Method)
	at sun.reflect.NativeMethodAccessorImpl.invoke(Unknown Source)
	at sun.reflect.DelegatingMethodAccessorImpl.invoke(Unknown Source)
	at java.lang.reflect.Method.invoke(Unknown Source)
	at org.testng.internal.MethodInvocationHelper.invokeMethod(MethodInvocationHelper.java:86)
	at org.testng.internal.Invoker.invokeMethod(Invoker.java:643)
	at org.testng.internal.Invoker.invokeTestMethod(Invoker.java:820)
	at org.testng.internal.Invoker.invokeTestMethods(Invoker.java:1128)
	at org.testng.internal.TestMethodWorker.invokeTestMethods(TestMethodWorker.java:129)
	at org.testng.internal.TestMethodWorker.run(TestMethodWorker.java:112)
	at org.testng.TestRunner.privateRun(TestRunner.java:782)
	at org.testng.TestRunner.run(TestRunner.java:632)
	at org.testng.SuiteRunner.runTest(SuiteRunner.java:366)
	at org.testng.SuiteRunner.runSequentially(SuiteRunner.java:361)
	at org.testng.SuiteRunner.privateRun(SuiteRunner.java:319)
	at org.testng.SuiteRunner.run(SuiteRunner.java:268)
	at org.testng.SuiteRunnerWorker.runSuite(SuiteRunnerWorker.java:52)
	at org.testng.SuiteRunnerWorker.run(SuiteRunnerWorker.java:86)
	at org.testng.TestNG.runSuitesSequentially(TestNG.java:1244)
	at org.testng.TestNG.runSuitesLocally(TestNG.java:1169)
	at org.testng.TestNG.run(TestNG.java:1064)
	at org.testng.remote.AbstractRemoteTestNG.run(AbstractRemoteTestNG.java:114)
	at org.testng.remote.RemoteTestNG.initAndRun(RemoteTestNG.java:251)
	at org.testng.remote.RemoteTestNG.main(RemoteTestNG.java:77)
]]>
    </failure>
  </testcase> <!-- checkBatchPopupInStockTransferVoucher1 -->
  <testcase name="checkSuspendingSalesInvoiceVATVoucher1ForSixteenthScenario" time="19.635" classname="com.focus.testcases.BatchNegativeTestingOptionsTest"/>
  <testcase name="checkSavingPurchaseVoucherVATVoucher1WithTodaysDate" time="57.141" classname="com.focus.testcases.BatchNegativeTestingOptionsTest"/>
  <testcase name="checkEditingAndSavingPurchaseVoucherVATVoucher1ByDeleting2ndRowWhichHasConsumedInSalesInvoice1" time="22.833" classname="com.focus.testcases.BatchNegativeTestingOptionsTest"/>
  <testcase name="checkEditingAndSavingPurchaseVoucherVATVoucher1ByChangingBackWarehouseFromSecunderabadToHyderabad" time="30.844" classname="com.focus.testcases.BatchNegativeTestingOptionsTest"/>
  <testcase name="checkSuspendingSalesInvoiceVATVoucher1ForTwentyFourthScenario" time="19.602" classname="com.focus.testcases.BatchNegativeTestingOptionsTest"/>
  <testcase name="checkReSavingSalesInvoiceVATVoucher1SuspendedFromEntryPageAfterChangingPurchaseVoucherDateNextToSalesInvoice" time="21.786" classname="com.focus.testcases.BatchNegativeTestingOptionsTest"/>
  <testcase name="checkReSavingPurchaseVoucherVATVoucher1AfterEigthScenario" time="24.055" classname="com.focus.testcases.BatchNegativeTestingOptionsTest"/>
  <testcase name="checkEditingAndSavingPurchaseVoucherVATVoucher1ByAddingRow2WithSameQuantityAndDifferentBatchNo" time="62.213" classname="com.focus.testcases.BatchNegativeTestingOptionsTest"/>
  <testcase name="checkReSavingSalesInvoiceVATVoucher1AfterDeletingARowInPurchaseVoucherVAT1" time="22.883" classname="com.focus.testcases.BatchNegativeTestingOptionsTest"/>
  <testcase name="checkSavingPurchaseVoucherVATVoucher1AgainAfterDeletingPurchaseVoucher" time="45.481" classname="com.focus.testcases.BatchNegativeTestingOptionsTest"/>
  <testcase name="checkSuspendingSalesInvoiceVATVoucher1FromEntryPageForEightScenario" time="5.947" classname="com.focus.testcases.BatchNegativeTestingOptionsTest"/>
  <testcase name="checkEditingAndSavingPurchaseVoucherVATVoucher1ByAddingRow2WithSameQuantityAndBatchNo" time="36.004" classname="com.focus.testcases.BatchNegativeTestingOptionsTest"/>
  <testcase name="checkEditingAndSavingPurchaseVoucherVATVoucher1ByDeleting2ndWhichHasConsumedInSalesInvoiceAfterSuspendingSalesInvoice" time="23.942" classname="com.focus.testcases.BatchNegativeTestingOptionsTest"/>
  <testcase name="checkEditingAndSavingPurchaseVoucherVATVoucher1ByChangingItemFromBRCOGSITEMToBATCHBRITEM" time="33.342" classname="com.focus.testcases.BatchNegativeTestingOptionsTest"/>
  <testcase name="checkBatchPopupIsDisplayingEmptyWhenTryToSaveSalesInvoiceVATVoucher1WithDatePriorToPurchaseVoucher" time="14.676" classname="com.focus.testcases.BatchNegativeTestingOptionsTest"/>
  <testcase name="checkBatchPopupIsDisplayingWithValuesInSalesInvoiceVATVoucher1" time="48.596" classname="com.focus.testcases.BatchNegativeTestingOptionsTest"/>
  <testcase name="checkReSavingSalesInvoiceVATVoucher1AfterChangingItemToBatchBRItemInPurchaseVoucherVAT1" time="30.113" classname="com.focus.testcases.BatchNegativeTestingOptionsTest"/>
  <testcase name="checkEditingAndSavingPurchaseVoucherVATVoucherWithCurrentDate" time="31.394" classname="com.focus.testcases.BatchNegativeTestingOptionsTest"/>
  <testcase name="checkReSavingSalesInvoiceVATVoucher1AfterSavingPurchaseVoucherVATWithBelowConsumedQuantity" time="21.882" classname="com.focus.testcases.BatchNegativeTestingOptionsTest"/>
  <testcase name="checkEditingAndSavingPurchaseVoucherVATVoucher1ByChangingWarehouseFromHyderabadToSecunderabadAfterSuspendingSalesInvoiceVoucher" time="30.913" classname="com.focus.testcases.BatchNegativeTestingOptionsTest"/>
  <testcase name="checkReSavingSalesInvoiceVATVoucher1AfterSuspendingAndDeletingPurchaseVoucherVAT" time="34.962" classname="com.focus.testcases.BatchNegativeTestingOptionsTest"/>
  <testcase name="checkSuspendingSalesInvoiceVATVoucher1ForTwentySecondScenario" time="19.333" classname="com.focus.testcases.BatchNegativeTestingOptionsTest"/>
  <testcase name="checkReSavingSalesInvoiceVATVoucher1AfterAddingRow2WithBatchNoAsBatchPVAT2InPurchaseVoucherVAT1" time="36.174" classname="com.focus.testcases.BatchNegativeTestingOptionsTest"/>
  <testcase name="checkSuspendingSalesInvoiceVATVoucher1ForTwentySixthScenario" time="19.935" classname="com.focus.testcases.BatchNegativeTestingOptionsTest"/>
  <testcase name="checkSuspendingSalesInvoiceVATVoucher1FromEntryPage" time="25.690" classname="com.focus.testcases.BatchNegativeTestingOptionsTest"/>
  <testcase name="checkReSavingSalesInvoiceVATVoucher1AfterChangingWarehouseToSecunderabadInPurchaseVoucherVAT1" time="35.060" classname="com.focus.testcases.BatchNegativeTestingOptionsTest"/>
  <testcase name="checkSuspendingSalesInvoiceVATVoucher1ForThirtiethScenario" time="19.648" classname="com.focus.testcases.BatchNegativeTestingOptionsTest"/>
  <testcase name="checkSuspendingSalesInvoiceVATVoucher1FromEntryPageForTenthScenario" time="19.494" classname="com.focus.testcases.BatchNegativeTestingOptionsTest"/>
  <testcase name="checkEditingAndSavingPurchaseVoucherVATVoucher1ByChangingItemFromBRCOGSITEMToBATCHBRITEMAfterSuspendingSalesInvoice" time="34.044" classname="com.focus.testcases.BatchNegativeTestingOptionsTest"/>
  <testcase name="checkEditingAndSavingPurchaseVoucherVATVoucher1ByChangingBatchNoFromBATCHPVAT1ToBATCHPVAT2" time="23.362" classname="com.focus.testcases.BatchNegativeTestingOptionsTest"/>
  <testcase name="checkSavingSalesInvoiceVATVoucher1WithQuantityAs11AfterAddingRow2WithBatchNoAsBatchPVAT2InPurchaseVoucherVAT1" time="38.473" classname="com.focus.testcases.BatchNegativeTestingOptionsTest"/>
  <testcase name="checkEditingAndSavingPurchaseVoucherVATVoucher1WithQuantityEqualToConsumedQuantityInSalesInvoiceVoucher1" time="28.858" classname="com.focus.testcases.BatchNegativeTestingOptionsTest"/>
  <testcase name="checkLogin" time="15.029" classname="com.focus.testcases.BatchNegativeTestingOptionsTest"/>
  <testcase name="checkReSavingSalesInvoiceVATVoucher1AfterChangingBatchNoToBatchPVAT1InPurchaseVoucherVAT1" time="33.763" classname="com.focus.testcases.BatchNegativeTestingOptionsTest"/>
  <testcase name="checkReSavingSalesInvoiceVATVoucher1AfterChangingPurchaseVoucherDateNextToSalesInvoice" time="21.941" classname="com.focus.testcases.BatchNegativeTestingOptionsTest"/>
  <testcase name="checkReSavingSalesInvoiceVATVoucherAfterDeleting2ndRowInPurchaseVoucherVAT1" time="23.404" classname="com.focus.testcases.BatchNegativeTestingOptionsTest"/>
  <testcase name="checkDeletingSalesInvoiceVATVoucher1" time="21.076" classname="com.focus.testcases.BatchNegativeTestingOptionsTest"/>
  <testcase name="checkEditingAndSavingPurchaseVoucherVATVoucher1WithQuantityBelowConsumedQuantityInSalesInvoiceVoucher1" time="28.533" classname="com.focus.testcases.BatchNegativeTestingOptionsTest"/>
  <testcase name="checkReSavingPurchaseVoucherVATVoucher1WithDateNextToSalesInvoiceAfterSuspendingSalesInvoiceVoucherInEntryPage" time="25.704" classname="com.focus.testcases.BatchNegativeTestingOptionsTest"/>
  <testcase name="checkReSavingSalesInvoiceVATVoucher1AfterDeletingARow2InPurchaseVoucherVAT1" time="23.115" classname="com.focus.testcases.BatchNegativeTestingOptionsTest"/>
  <testcase name="checkDeletingPurchaseVoucherVATVoucher1InHomePageAfterSuspendingSalesInvoiceVAT1" time="17.032" classname="com.focus.testcases.BatchNegativeTestingOptionsTest"/>
  <testcase name="checkSuspendingSalesInvoiceVATVoucher1ForFourteenthScenario" time="19.404" classname="com.focus.testcases.BatchNegativeTestingOptionsTest"/>
  <testcase name="checkReSavingPurchaseVoucherVATVoucher1AfterSeventhScenario" time="24.110" classname="com.focus.testcases.BatchNegativeTestingOptionsTest"/>
  <testcase name="checkReSavingSuspendedSalesInvoiceVATVoucher1AfterSavingSuspendedAndDeletedPurchaseVoucherVAT" time="35.539" classname="com.focus.testcases.BatchNegativeTestingOptionsTest"/>
  <testcase name="checkEditingAndSavingPurchaseVoucherVATVoucher1ByDeleting2ndRowWhichHasConsumedInSalesInvoice" time="22.765" classname="com.focus.testcases.BatchNegativeTestingOptionsTest"/>
  <testcase name="checkReSavingPurchaseVoucherVATVoucher1WithDateNextToSalesInvoiceFullConsumeQty" time="21.545" classname="com.focus.testcases.BatchNegativeTestingOptionsTest"/>
  <testcase name="checkEditingAndSavingPurchaseVoucherVATVoucher1ByChangingBatchNoFromBATCHPVAT1ToBATCHPVAT2AfterSuspendingSalesInvoice" time="24.476" classname="com.focus.testcases.BatchNegativeTestingOptionsTest"/>
  <testcase name="checkSuspendingSalesInvoiceVATVoucher1ForTwelfthScenario" time="5.939" classname="com.focus.testcases.BatchNegativeTestingOptionsTest"/>
  <testcase name="checkBatchPopupInSalesInvoiceVATVoucher2WithDateAsPreviousDateToSalesInvoice1" time="43.949" classname="com.focus.testcases.BatchNegativeTestingOptionsTest"/>
  <testcase name="checkSuspendingSalesInvoiceVATVoucher1FromVoucherHomePageForSeventhScenario" time="16.996" classname="com.focus.testcases.BatchNegativeTestingOptionsTest"/>
  <testcase name="checkEditingAndSavingPurchaseVoucherVATVoucher1ByAddingRow2WithSameQuantityAndBatchNoForTwentySeventhScenario" time="37.268" classname="com.focus.testcases.BatchNegativeTestingOptionsTest"/>
  <testcase name="checkReSavingSalesInvoiceVATVoucher1AfterChangingBatchNoInPurchaseVoucherVAT1" time="24.903" classname="com.focus.testcases.BatchNegativeTestingOptionsTest"/>
  <testcase name="checkBatchPopupWithValuesInSalesInvoiceVATVoucher1WithDateSameAsPurchaseVoucher1" time="18.947" classname="com.focus.testcases.BatchNegativeTestingOptionsTest"/>
  <testcase name="checkEditingAndSavingPurchaseVoucherVATVoucher1ByDeletingRow2WhichHasConsumedFullyInSalesInvoiceAfterSuspendingSalesInvoice" time="24.177" classname="com.focus.testcases.BatchNegativeTestingOptionsTest"/>
  <testcase name="checkReSavingSalesInvoiceVATVoucher1AfterSavingSalesInvoiceVoucher2WithSameValues" time="8.113" classname="com.focus.testcases.BatchNegativeTestingOptionsTest"/>
  <testcase name="checkReSavingSalesInvoiceVATVoucher1AfterSuspendingPurchaseVoucher1" time="25.703" classname="com.focus.testcases.BatchNegativeTestingOptionsTest"/>
  <testcase name="checkReSavingSalesInvoiceVATVoucher1AfterEightScenario" time="22.997" classname="com.focus.testcases.BatchNegativeTestingOptionsTest"/>
  <testcase name="checkSavingPurchaseVoucherVATVoucher1AgainAfterSuspendingAndDeletingPurchaseVoucher" time="49.936" classname="com.focus.testcases.BatchNegativeTestingOptionsTest"/>
  <testcase name="checkReSavingSalesInvoiceVATVoucher1AfterChangingItemNameToBRCOGSITEMInPurchaseVoucherVAT1" time="33.882" classname="com.focus.testcases.BatchNegativeTestingOptionsTest"/>
  <testcase name="checkEditingAndSavingPurchaseVoucherVATVoucher1ByAdding2ndRowWithSameQuantityAndDifferentBatchNo" time="35.193" classname="com.focus.testcases.BatchNegativeTestingOptionsTest"/>
  <testcase name="checkReSavingSalesInvoiceVATVoucher1AfterSeventhScenario" time="23.747" classname="com.focus.testcases.BatchNegativeTestingOptionsTest"/>
  <testcase name="checkEditingAndSavingPurchaseVoucherVATVoucher1ByDeletingRow2WhichHasConsumedFullyInSalesInvoice" time="23.712" classname="com.focus.testcases.BatchNegativeTestingOptionsTest"/>
  <testcase name="checkSuspendingPurchaseVoucherVATVoucher1InEntryPageAfterConsumingFullyInSalesInvoiceVoucher1" time="6.504" classname="com.focus.testcases.BatchNegativeTestingOptionsTest"/>
  <testcase name="checkReSavingSuspendedSalesInvoiceVATVoucher1AfterSavingPurchaseVoucherVAT" time="35.815" classname="com.focus.testcases.BatchNegativeTestingOptionsTest"/>
  <testcase name="checkSavingStockTransferVoucher1" time="9.679" classname="com.focus.testcases.BatchNegativeTestingOptionsTest">
    <failure type="java.lang.AssertionError" message="expected [true] but found [false]">
      <![CDATA[java.lang.AssertionError: expected [true] but found [false]
	at org.testng.Assert.fail(Assert.java:94)
	at org.testng.Assert.failNotEquals(Assert.java:513)
	at org.testng.Assert.assertEqualsImpl(Assert.java:135)
	at org.testng.Assert.assertEquals(Assert.java:116)
	at org.testng.Assert.assertEquals(Assert.java:305)
	at org.testng.Assert.assertEquals(Assert.java:315)
	at com.focus.testcases.BatchNegativeTestingOptionsTest.checkSavingStockTransferVoucher1(BatchNegativeTestingOptionsTest.java:1003)
	at sun.reflect.NativeMethodAccessorImpl.invoke0(Native Method)
	at sun.reflect.NativeMethodAccessorImpl.invoke(Unknown Source)
	at sun.reflect.DelegatingMethodAccessorImpl.invoke(Unknown Source)
	at java.lang.reflect.Method.invoke(Unknown Source)
	at org.testng.internal.MethodInvocationHelper.invokeMethod(MethodInvocationHelper.java:86)
	at org.testng.internal.Invoker.invokeMethod(Invoker.java:643)
	at org.testng.internal.Invoker.invokeTestMethod(Invoker.java:820)
	at org.testng.internal.Invoker.invokeTestMethods(Invoker.java:1128)
	at org.testng.internal.TestMethodWorker.invokeTestMethods(TestMethodWorker.java:129)
	at org.testng.internal.TestMethodWorker.run(TestMethodWorker.java:112)
	at org.testng.TestRunner.privateRun(TestRunner.java:782)
	at org.testng.TestRunner.run(TestRunner.java:632)
	at org.testng.SuiteRunner.runTest(SuiteRunner.java:366)
	at org.testng.SuiteRunner.runSequentially(SuiteRunner.java:361)
	at org.testng.SuiteRunner.privateRun(SuiteRunner.java:319)
	at org.testng.SuiteRunner.run(SuiteRunner.java:268)
	at org.testng.SuiteRunnerWorker.runSuite(SuiteRunnerWorker.java:52)
	at org.testng.SuiteRunnerWorker.run(SuiteRunnerWorker.java:86)
	at org.testng.TestNG.runSuitesSequentially(TestNG.java:1244)
	at org.testng.TestNG.runSuitesLocally(TestNG.java:1169)
	at org.testng.TestNG.run(TestNG.java:1064)
	at org.testng.remote.AbstractRemoteTestNG.run(AbstractRemoteTestNG.java:114)
	at org.testng.remote.RemoteTestNG.initAndRun(RemoteTestNG.java:251)
	at org.testng.remote.RemoteTestNG.main(RemoteTestNG.java:77)
]]>
    </failure>
  </testcase> <!-- checkSavingStockTransferVoucher1 -->
  <testcase name="checkSuspendingPurchaseVoucherVATVoucher1InHomePageAfterSuspendingSalesInvoiceVAt" time="16.785" classname="com.focus.testcases.BatchNegativeTestingOptionsTest"/>
  <testcase name="checkSuspendingPurchaseVoucherVATVoucher1InHomePageAfterConsumingFullyInSalesInvoiceVoucher1" time="17.857" classname="com.focus.testcases.BatchNegativeTestingOptionsTest"/>
  <testcase name="checkSavingSalesInvoiceVATVoucher2WithDate1DaysMoreThanSalesInvoiceVoucher1Date" time="46.034" classname="com.focus.testcases.BatchNegativeTestingOptionsTest"/>
  <testcase name="checkEditingAndSavingPurchaseVoucherVATVoucher1ByChangingWarehouseFromHyderabadToSecunderabad" time="29.537" classname="com.focus.testcases.BatchNegativeTestingOptionsTest"/>
  <testcase name="checkReSavingPurchaseVoucherVATVoucher1WithDateNextToSalesInvoiceAfterSuspendingSalesInvoiceVoucher" time="20.477" classname="com.focus.testcases.BatchNegativeTestingOptionsTest"/>
  <testcase name="checkEditingAndSavingPurchaseVoucherVATVoucher1WithQuantityBelowConsumedQuantityAfterSuspendingSalesInvoiceVoucher1" time="28.979" classname="com.focus.testcases.BatchNegativeTestingOptionsTest"/>
  <testcase name="checkReSavingSuspendedSalesInvoiceVATVoucher1AfterSavingPurchaseVoucherVATWithQuantityFrom5To10" time="32.853" classname="com.focus.testcases.BatchNegativeTestingOptionsTest"/>
  <testcase name="checkReSavingSalesInvoiceVATVoucher1AfterDeletingPurchaseVoucherVAT" time="35.195" classname="com.focus.testcases.BatchNegativeTestingOptionsTest"/>
  <testcase name="checkEditingAndSavingPurchaseVoucherVATVoucher1ByDeletingRow1WhichHasConsumedFullyInSalesInvoiceAfterSuspendingSalesInvoice" time="20.835" classname="com.focus.testcases.BatchNegativeTestingOptionsTest"/>
  <testcase name="checkSavingSalesInvoiceVATVoucher1WithDate2DaysMoreThanPresentDate" time="51.132" classname="com.focus.testcases.BatchNegativeTestingOptionsTest"/>
  <testcase name="checkDeletingPurchaseVoucherVATVoucher1InHomePageAfterConsumingFullQuantityInSalesInvoiceVAT" time="16.801" classname="com.focus.testcases.BatchNegativeTestingOptionsTest"/>
  <testcase name="checkDeletingPurchaseVoucherVATVoucher1InEntryPageAfterConsumingFullQuantityInSalesInvoiceVAT" time="6.332" classname="com.focus.testcases.BatchNegativeTestingOptionsTest"/>
</testsuite> <!-- com.focus.testcases.BatchNegativeTestingOptionsTest -->
