<?xml version="1.0" encoding="UTF-8"?>
<!-- Generated by org.testng.reporters.JUnitXMLReporter -->
<testsuite hostname="FOCUS-QA-133" name="Test" tests="93" failures="4" timestamp="14 Jun 2022 13:04:44 GMT" time="138.871" errors="0">
  <testcase name="@AfterMethod afterMethodExecution" time="0.0" classname="com.focus.testcases.ItemQueryPageTest">
    <failure type="org.openqa.selenium.NoSuchWindowException" message="no such window: target window already closed
from unknown error: web view not found
  (Session info: chrome=102.0.5005.63)
Build info: version: &amp;apos;3.12.0&amp;apos;, revision: &amp;apos;7c6e0b3&amp;apos;, time: &amp;apos;2018-05-08T14:04:26.12Z&amp;apos;
System info: host: &amp;apos;FOCUS-QA-133&amp;apos;, ip: &amp;apos;192.168.4.45&amp;apos;, os.name: &amp;apos;Windows 10&amp;apos;, os.arch: &amp;apos;amd64&amp;apos;, os.version: &amp;apos;10.0&amp;apos;, java.version: &amp;apos;1.8.0_111&amp;apos;
Driver info: org.openqa.selenium.chrome.ChromeDriver
Capabilities {acceptInsecureCerts: false, browserName: chrome, browserVersion: 102.0.5005.63, chrome: {chromedriverVersion: 102.0.5005.61 (0e59bcc00cc4..., userDataDir: C:\Users\Roja\AppData\Local...}, goog:chromeOptions: {debuggerAddress: localhost:55957}, javascriptEnabled: true, networkConnectionEnabled: false, pageLoadStrategy: normal, platform: WINDOWS, platformName: WINDOWS, proxy: Proxy(), setWindowRect: true, strictFileInteractability: false, timeouts: {implicit: 0, pageLoad: 300000, script: 30000}, unhandledPromptBehavior: dismiss and notify, webauthn:extension:credBlob: true, webauthn:extension:largeBlob: true, webauthn:virtualAuthenticators: true}
Session ID: 61fdf29afc624cea6401b09343cf7292">
      <![CDATA[org.openqa.selenium.NoSuchWindowException: no such window: target window already closed
from unknown error: web view not found
  (Session info: chrome=102.0.5005.63)
Build info: version: '3.12.0', revision: '7c6e0b3', time: '2018-05-08T14:04:26.12Z'
System info: host: 'FOCUS-QA-133', ip: '192.168.4.45', os.name: 'Windows 10', os.arch: 'amd64', os.version: '10.0', java.version: '1.8.0_111'
Driver info: org.openqa.selenium.chrome.ChromeDriver
Capabilities {acceptInsecureCerts: false, browserName: chrome, browserVersion: 102.0.5005.63, chrome: {chromedriverVersion: 102.0.5005.61 (0e59bcc00cc4..., userDataDir: C:\Users\Roja\AppData\Local...}, goog:chromeOptions: {debuggerAddress: localhost:55957}, javascriptEnabled: true, networkConnectionEnabled: false, pageLoadStrategy: normal, platform: WINDOWS, platformName: WINDOWS, proxy: Proxy(), setWindowRect: true, strictFileInteractability: false, timeouts: {implicit: 0, pageLoad: 300000, script: 30000}, unhandledPromptBehavior: dismiss and notify, webauthn:extension:credBlob: true, webauthn:extension:largeBlob: true, webauthn:virtualAuthenticators: true}
Session ID: 61fdf29afc624cea6401b09343cf7292
	at org.openqa.selenium.remote.http.W3CHttpResponseCodec.createException(W3CHttpResponseCodec.java:187)
	at org.openqa.selenium.remote.http.W3CHttpResponseCodec.decode(W3CHttpResponseCodec.java:122)
	at org.openqa.selenium.remote.http.W3CHttpResponseCodec.decode(W3CHttpResponseCodec.java:49)
	at org.openqa.selenium.remote.HttpCommandExecutor.execute(HttpCommandExecutor.java:158)
	at org.openqa.selenium.remote.service.DriverCommandExecutor.execute(DriverCommandExecutor.java:83)
	at org.openqa.selenium.remote.RemoteWebDriver.execute(RemoteWebDriver.java:543)
	at org.openqa.selenium.remote.RemoteWebDriver.execute(RemoteWebDriver.java:600)
	at org.openqa.selenium.remote.RemoteWebDriver.getScreenshotAs(RemoteWebDriver.java:289)
	at com.focus.utilities.ScreenshotUtility.screenshot(ScreenshotUtility.java:19)
	at com.focus.base.BaseEngine.afterMethodExecution(BaseEngine.java:168)
	at java.util.concurrent.ThreadPoolExecutor.runWorker(Unknown Source)
	at java.util.concurrent.ThreadPoolExecutor$Worker.run(Unknown Source)
	at java.lang.Thread.run(Unknown Source)
... Removed 16 stack frames]]>
    </failure>
  </testcase> <!-- @AfterMethod afterMethodExecution -->
  <testcase name="@BeforeMethod beforeMethodExecution" time="0.0" classname="com.focus.testcases.ItemQueryPageTest">
    <skipped/>
  </testcase> <!-- @BeforeMethod beforeMethodExecution -->
  <testcase name="@AfterMethod afterMethodExecution" time="0.0" classname="com.focus.testcases.ItemQueryPageTest">
    <skipped/>
  </testcase> <!-- @AfterMethod afterMethodExecution -->
  <testcase name="@BeforeMethod beforeMethodExecution" time="0.0" classname="com.focus.testcases.ItemQueryPageTest">
    <skipped/>
  </testcase> <!-- @BeforeMethod beforeMethodExecution -->
  <testcase name="@AfterMethod afterMethodExecution" time="0.0" classname="com.focus.testcases.ItemQueryPageTest">
    <skipped/>
  </testcase> <!-- @AfterMethod afterMethodExecution -->
  <testcase name="@BeforeMethod beforeMethodExecution" time="0.0" classname="com.focus.testcases.ItemQueryPageTest">
    <skipped/>
  </testcase> <!-- @BeforeMethod beforeMethodExecution -->
  <testcase name="@AfterMethod afterMethodExecution" time="0.0" classname="com.focus.testcases.ItemQueryPageTest">
    <skipped/>
  </testcase> <!-- @AfterMethod afterMethodExecution -->
  <testcase name="@BeforeMethod beforeMethodExecution" time="0.0" classname="com.focus.testcases.ItemQueryPageTest">
    <skipped/>
  </testcase> <!-- @BeforeMethod beforeMethodExecution -->
  <testcase name="@AfterMethod afterMethodExecution" time="0.0" classname="com.focus.testcases.ItemQueryPageTest">
    <skipped/>
  </testcase> <!-- @AfterMethod afterMethodExecution -->
  <testcase name="@BeforeMethod beforeMethodExecution" time="0.0" classname="com.focus.testcases.ItemQueryPageTest">
    <skipped/>
  </testcase> <!-- @BeforeMethod beforeMethodExecution -->
  <testcase name="@AfterMethod afterMethodExecution" time="0.0" classname="com.focus.testcases.ItemQueryPageTest">
    <skipped/>
  </testcase> <!-- @AfterMethod afterMethodExecution -->
  <testcase name="@BeforeMethod beforeMethodExecution" time="0.0" classname="com.focus.testcases.ItemQueryPageTest">
    <skipped/>
  </testcase> <!-- @BeforeMethod beforeMethodExecution -->
  <testcase name="@AfterMethod afterMethodExecution" time="0.0" classname="com.focus.testcases.ItemQueryPageTest">
    <skipped/>
  </testcase> <!-- @AfterMethod afterMethodExecution -->
  <testcase name="@BeforeMethod beforeMethodExecution" time="0.0" classname="com.focus.testcases.ItemQueryPageTest">
    <skipped/>
  </testcase> <!-- @BeforeMethod beforeMethodExecution -->
  <testcase name="@AfterMethod afterMethodExecution" time="0.0" classname="com.focus.testcases.ItemQueryPageTest">
    <skipped/>
  </testcase> <!-- @AfterMethod afterMethodExecution -->
  <testcase name="@AfterMethod afterMethodExecution" time="0.0" classname="com.focus.testcases.ItemQueryPageTest">
    <failure type="org.openqa.selenium.NoSuchWindowException" message="no such window: target window already closed
from unknown error: web view not found
  (Session info: chrome=102.0.5005.63)
Build info: version: &amp;apos;3.12.0&amp;apos;, revision: &amp;apos;7c6e0b3&amp;apos;, time: &amp;apos;2018-05-08T14:04:26.12Z&amp;apos;
System info: host: &amp;apos;FOCUS-QA-133&amp;apos;, ip: &amp;apos;192.168.4.45&amp;apos;, os.name: &amp;apos;Windows 10&amp;apos;, os.arch: &amp;apos;amd64&amp;apos;, os.version: &amp;apos;10.0&amp;apos;, java.version: &amp;apos;1.8.0_111&amp;apos;
Driver info: org.openqa.selenium.chrome.ChromeDriver
Capabilities {acceptInsecureCerts: false, browserName: chrome, browserVersion: 102.0.5005.63, chrome: {chromedriverVersion: 102.0.5005.61 (0e59bcc00cc4..., userDataDir: C:\Users\Roja\AppData\Local...}, goog:chromeOptions: {debuggerAddress: localhost:55957}, javascriptEnabled: true, networkConnectionEnabled: false, pageLoadStrategy: normal, platform: WINDOWS, platformName: WINDOWS, proxy: Proxy(), setWindowRect: true, strictFileInteractability: false, timeouts: {implicit: 0, pageLoad: 300000, script: 30000}, unhandledPromptBehavior: dismiss and notify, webauthn:extension:credBlob: true, webauthn:extension:largeBlob: true, webauthn:virtualAuthenticators: true}
Session ID: 61fdf29afc624cea6401b09343cf7292">
      <![CDATA[org.openqa.selenium.NoSuchWindowException: no such window: target window already closed
from unknown error: web view not found
  (Session info: chrome=102.0.5005.63)
Build info: version: '3.12.0', revision: '7c6e0b3', time: '2018-05-08T14:04:26.12Z'
System info: host: 'FOCUS-QA-133', ip: '192.168.4.45', os.name: 'Windows 10', os.arch: 'amd64', os.version: '10.0', java.version: '1.8.0_111'
Driver info: org.openqa.selenium.chrome.ChromeDriver
Capabilities {acceptInsecureCerts: false, browserName: chrome, browserVersion: 102.0.5005.63, chrome: {chromedriverVersion: 102.0.5005.61 (0e59bcc00cc4..., userDataDir: C:\Users\Roja\AppData\Local...}, goog:chromeOptions: {debuggerAddress: localhost:55957}, javascriptEnabled: true, networkConnectionEnabled: false, pageLoadStrategy: normal, platform: WINDOWS, platformName: WINDOWS, proxy: Proxy(), setWindowRect: true, strictFileInteractability: false, timeouts: {implicit: 0, pageLoad: 300000, script: 30000}, unhandledPromptBehavior: dismiss and notify, webauthn:extension:credBlob: true, webauthn:extension:largeBlob: true, webauthn:virtualAuthenticators: true}
Session ID: 61fdf29afc624cea6401b09343cf7292
	at org.openqa.selenium.remote.http.W3CHttpResponseCodec.createException(W3CHttpResponseCodec.java:187)
	at org.openqa.selenium.remote.http.W3CHttpResponseCodec.decode(W3CHttpResponseCodec.java:122)
	at org.openqa.selenium.remote.http.W3CHttpResponseCodec.decode(W3CHttpResponseCodec.java:49)
	at org.openqa.selenium.remote.HttpCommandExecutor.execute(HttpCommandExecutor.java:158)
	at org.openqa.selenium.remote.service.DriverCommandExecutor.execute(DriverCommandExecutor.java:83)
	at org.openqa.selenium.remote.RemoteWebDriver.execute(RemoteWebDriver.java:543)
	at org.openqa.selenium.remote.RemoteWebDriver.execute(RemoteWebDriver.java:600)
	at org.openqa.selenium.remote.RemoteWebDriver.getScreenshotAs(RemoteWebDriver.java:289)
	at com.focus.utilities.ScreenshotUtility.screenshot(ScreenshotUtility.java:19)
	at com.focus.base.BaseEngine.afterMethodExecution(BaseEngine.java:168)
	at java.util.concurrent.ThreadPoolExecutor.runWorker(Unknown Source)
	at java.util.concurrent.ThreadPoolExecutor$Worker.run(Unknown Source)
	at java.lang.Thread.run(Unknown Source)
... Removed 16 stack frames]]>
    </failure>
  </testcase> <!-- @AfterMethod afterMethodExecution -->
  <testcase name="@BeforeMethod beforeMethodExecution" time="0.0" classname="com.focus.testcases.ItemQueryPageTest">
    <skipped/>
  </testcase> <!-- @BeforeMethod beforeMethodExecution -->
  <testcase name="@AfterMethod afterMethodExecution" time="0.0" classname="com.focus.testcases.ItemQueryPageTest">
    <skipped/>
  </testcase> <!-- @AfterMethod afterMethodExecution -->
  <testcase name="@BeforeMethod beforeMethodExecution" time="0.0" classname="com.focus.testcases.ItemQueryPageTest">
    <skipped/>
  </testcase> <!-- @BeforeMethod beforeMethodExecution -->
  <testcase name="@BeforeMethod beforeMethodExecution" time="0.0" classname="com.focus.testcases.ItemQueryPageTest">
    <skipped/>
  </testcase> <!-- @BeforeMethod beforeMethodExecution -->
  <testcase name="@AfterMethod afterMethodExecution" time="0.0" classname="com.focus.testcases.ItemQueryPageTest">
    <skipped/>
  </testcase> <!-- @AfterMethod afterMethodExecution -->
  <testcase name="@BeforeMethod beforeMethodExecution" time="0.0" classname="com.focus.testcases.ItemQueryPageTest">
    <skipped/>
  </testcase> <!-- @BeforeMethod beforeMethodExecution -->
  <testcase name="@AfterMethod afterMethodExecution" time="0.0" classname="com.focus.testcases.ItemQueryPageTest">
    <skipped/>
  </testcase> <!-- @AfterMethod afterMethodExecution -->
  <testcase name="@BeforeMethod beforeMethodExecution" time="0.0" classname="com.focus.testcases.ItemQueryPageTest">
    <skipped/>
  </testcase> <!-- @BeforeMethod beforeMethodExecution -->
  <testcase name="@AfterMethod afterMethodExecution" time="0.0" classname="com.focus.testcases.ItemQueryPageTest">
    <skipped/>
  </testcase> <!-- @AfterMethod afterMethodExecution -->
  <testcase name="@BeforeMethod beforeMethodExecution" time="0.0" classname="com.focus.testcases.ItemQueryPageTest">
    <skipped/>
  </testcase> <!-- @BeforeMethod beforeMethodExecution -->
  <testcase name="@AfterMethod afterMethodExecution" time="0.0" classname="com.focus.testcases.ItemQueryPageTest">
    <skipped/>
  </testcase> <!-- @AfterMethod afterMethodExecution -->
  <testcase name="@AfterMethod afterMethodExecution" time="0.0" classname="com.focus.testcases.ItemQueryPageTest">
    <skipped/>
  </testcase> <!-- @AfterMethod afterMethodExecution -->
  <testcase name="@BeforeMethod beforeMethodExecution" time="0.0" classname="com.focus.testcases.ItemQueryPageTest">
    <skipped/>
  </testcase> <!-- @BeforeMethod beforeMethodExecution -->
  <testcase name="@AfterMethod afterMethodExecution" time="0.0" classname="com.focus.testcases.ItemQueryPageTest">
    <skipped/>
  </testcase> <!-- @AfterMethod afterMethodExecution -->
  <testcase name="@BeforeMethod beforeMethodExecution" time="0.0" classname="com.focus.testcases.ItemQueryPageTest">
    <skipped/>
  </testcase> <!-- @BeforeMethod beforeMethodExecution -->
  <testcase name="@AfterMethod afterMethodExecution" time="0.0" classname="com.focus.testcases.ItemQueryPageTest">
    <skipped/>
  </testcase> <!-- @AfterMethod afterMethodExecution -->
  <testcase name="@BeforeMethod beforeMethodExecution" time="0.0" classname="com.focus.testcases.ItemQueryPageTest">
    <skipped/>
  </testcase> <!-- @BeforeMethod beforeMethodExecution -->
  <testcase name="@AfterMethod afterMethodExecution" time="0.0" classname="com.focus.testcases.ItemQueryPageTest">
    <skipped/>
  </testcase> <!-- @AfterMethod afterMethodExecution -->
  <testcase name="@BeforeMethod beforeMethodExecution" time="0.0" classname="com.focus.testcases.ItemQueryPageTest">
    <skipped/>
  </testcase> <!-- @BeforeMethod beforeMethodExecution -->
  <testcase name="@AfterMethod afterMethodExecution" time="0.0" classname="com.focus.testcases.ItemQueryPageTest">
    <skipped/>
  </testcase> <!-- @AfterMethod afterMethodExecution -->
  <testcase name="@BeforeMethod beforeMethodExecution" time="0.0" classname="com.focus.testcases.ItemQueryPageTest">
    <skipped/>
  </testcase> <!-- @BeforeMethod beforeMethodExecution -->
  <testcase name="@AfterMethod afterMethodExecution" time="0.0" classname="com.focus.testcases.ItemQueryPageTest">
    <skipped/>
  </testcase> <!-- @AfterMethod afterMethodExecution -->
  <testcase name="@BeforeMethod beforeMethodExecution" time="0.0" classname="com.focus.testcases.ItemQueryPageTest">
    <skipped/>
  </testcase> <!-- @BeforeMethod beforeMethodExecution -->
  <testcase name="@AfterMethod afterMethodExecution" time="0.0" classname="com.focus.testcases.ItemQueryPageTest">
    <skipped/>
  </testcase> <!-- @AfterMethod afterMethodExecution -->
  <testcase name="@BeforeMethod beforeMethodExecution" time="0.0" classname="com.focus.testcases.ItemQueryPageTest">
    <skipped/>
  </testcase> <!-- @BeforeMethod beforeMethodExecution -->
  <testcase name="@AfterMethod afterMethodExecution" time="0.0" classname="com.focus.testcases.ItemQueryPageTest">
    <skipped/>
  </testcase> <!-- @AfterMethod afterMethodExecution -->
  <testcase name="@BeforeMethod beforeMethodExecution" time="0.0" classname="com.focus.testcases.ItemQueryPageTest">
    <skipped/>
  </testcase> <!-- @BeforeMethod beforeMethodExecution -->
  <testcase name="@AfterMethod afterMethodExecution" time="0.0" classname="com.focus.testcases.ItemQueryPageTest">
    <skipped/>
  </testcase> <!-- @AfterMethod afterMethodExecution -->
  <testcase name="@BeforeMethod beforeMethodExecution" time="0.0" classname="com.focus.testcases.ItemQueryPageTest">
    <skipped/>
  </testcase> <!-- @BeforeMethod beforeMethodExecution -->
  <testcase name="@AfterMethod afterMethodExecution" time="0.0" classname="com.focus.testcases.ItemQueryPageTest">
    <skipped/>
  </testcase> <!-- @AfterMethod afterMethodExecution -->
  <testcase name="@BeforeMethod beforeMethodExecution" time="0.0" classname="com.focus.testcases.ItemQueryPageTest">
    <skipped/>
  </testcase> <!-- @BeforeMethod beforeMethodExecution -->
  <testcase name="@AfterMethod afterMethodExecution" time="0.0" classname="com.focus.testcases.ItemQueryPageTest">
    <skipped/>
  </testcase> <!-- @AfterMethod afterMethodExecution -->
  <testcase name="@BeforeMethod beforeMethodExecution" time="0.0" classname="com.focus.testcases.ItemQueryPageTest">
    <skipped/>
  </testcase> <!-- @BeforeMethod beforeMethodExecution -->
  <testcase name="@AfterMethod afterMethodExecution" time="0.0" classname="com.focus.testcases.ItemQueryPageTest">
    <skipped/>
  </testcase> <!-- @AfterMethod afterMethodExecution -->
  <testcase name="@BeforeMethod beforeMethodExecution" time="0.0" classname="com.focus.testcases.ItemQueryPageTest">
    <skipped/>
  </testcase> <!-- @BeforeMethod beforeMethodExecution -->
  <testcase name="@AfterMethod afterMethodExecution" time="0.0" classname="com.focus.testcases.ItemQueryPageTest">
    <skipped/>
  </testcase> <!-- @AfterMethod afterMethodExecution -->
  <testcase name="@BeforeMethod beforeMethodExecution" time="0.0" classname="com.focus.testcases.ItemQueryPageTest">
    <skipped/>
  </testcase> <!-- @BeforeMethod beforeMethodExecution -->
  <testcase name="@AfterMethod afterMethodExecution" time="0.0" classname="com.focus.testcases.ItemQueryPageTest">
    <skipped/>
  </testcase> <!-- @AfterMethod afterMethodExecution -->
  <testcase name="@BeforeMethod beforeMethodExecution" time="0.0" classname="com.focus.testcases.ItemQueryPageTest">
    <skipped/>
  </testcase> <!-- @BeforeMethod beforeMethodExecution -->
  <testcase name="@AfterMethod afterMethodExecution" time="0.0" classname="com.focus.testcases.ItemQueryPageTest">
    <skipped/>
  </testcase> <!-- @AfterMethod afterMethodExecution -->
  <testcase name="@BeforeMethod beforeMethodExecution" time="0.0" classname="com.focus.testcases.ItemQueryPageTest">
    <skipped/>
  </testcase> <!-- @BeforeMethod beforeMethodExecution -->
  <testcase name="@BeforeMethod beforeMethodExecution" time="0.0" classname="com.focus.testcases.ItemQueryPageTest">
    <skipped/>
  </testcase> <!-- @BeforeMethod beforeMethodExecution -->
  <testcase name="@AfterMethod afterMethodExecution" time="0.0" classname="com.focus.testcases.ItemQueryPageTest">
    <skipped/>
  </testcase> <!-- @AfterMethod afterMethodExecution -->
  <testcase name="@BeforeMethod beforeMethodExecution" time="0.0" classname="com.focus.testcases.ItemQueryPageTest">
    <skipped/>
  </testcase> <!-- @BeforeMethod beforeMethodExecution -->
  <testcase name="@AfterMethod afterMethodExecution" time="0.0" classname="com.focus.testcases.ItemQueryPageTest">
    <skipped/>
  </testcase> <!-- @AfterMethod afterMethodExecution -->
  <testcase name="@BeforeMethod beforeMethodExecution" time="0.0" classname="com.focus.testcases.ItemQueryPageTest">
    <skipped/>
  </testcase> <!-- @BeforeMethod beforeMethodExecution -->
  <testcase name="@AfterMethod afterMethodExecution" time="0.0" classname="com.focus.testcases.ItemQueryPageTest">
    <skipped/>
  </testcase> <!-- @AfterMethod afterMethodExecution -->
  <testcase name="@AfterMethod afterMethodExecution" time="0.0" classname="com.focus.testcases.ItemQueryPageTest">
    <skipped/>
  </testcase> <!-- @AfterMethod afterMethodExecution -->
  <testcase name="@BeforeMethod beforeMethodExecution" time="0.0" classname="com.focus.testcases.ItemQueryPageTest">
    <skipped/>
  </testcase> <!-- @BeforeMethod beforeMethodExecution -->
  <testcase name="@BeforeMethod beforeMethodExecution" time="0.0" classname="com.focus.testcases.ItemQueryPageTest">
    <skipped/>
  </testcase> <!-- @BeforeMethod beforeMethodExecution -->
  <testcase name="@AfterMethod afterMethodExecution" time="0.0" classname="com.focus.testcases.ItemQueryPageTest">
    <skipped/>
  </testcase> <!-- @AfterMethod afterMethodExecution -->
  <testcase name="@BeforeMethod beforeMethodExecution" time="0.0" classname="com.focus.testcases.ItemQueryPageTest">
    <skipped/>
  </testcase> <!-- @BeforeMethod beforeMethodExecution -->
  <testcase name="@AfterMethod afterMethodExecution" time="0.0" classname="com.focus.testcases.ItemQueryPageTest">
    <skipped/>
  </testcase> <!-- @AfterMethod afterMethodExecution -->
  <testcase name="@AfterMethod afterMethodExecution" time="0.0" classname="com.focus.testcases.ItemQueryPageTest">
    <skipped/>
  </testcase> <!-- @AfterMethod afterMethodExecution -->
  <testcase name="@BeforeMethod beforeMethodExecution" time="0.0" classname="com.focus.testcases.ItemQueryPageTest">
    <skipped/>
  </testcase> <!-- @BeforeMethod beforeMethodExecution -->
  <testcase name="@BeforeMethod beforeMethodExecution" time="0.0" classname="com.focus.testcases.ItemQueryPageTest">
    <skipped/>
  </testcase> <!-- @BeforeMethod beforeMethodExecution -->
  <testcase name="@AfterMethod afterMethodExecution" time="0.0" classname="com.focus.testcases.ItemQueryPageTest">
    <skipped/>
  </testcase> <!-- @AfterMethod afterMethodExecution -->
  <testcase name="@AfterMethod afterMethodExecution" time="0.0" classname="com.focus.testcases.ItemQueryPageTest">
    <skipped/>
  </testcase> <!-- @AfterMethod afterMethodExecution -->
  <testcase name="@BeforeMethod beforeMethodExecution" time="0.0" classname="com.focus.testcases.ItemQueryPageTest">
    <skipped/>
  </testcase> <!-- @BeforeMethod beforeMethodExecution -->
  <testcase name="@BeforeMethod beforeMethodExecution" time="0.0" classname="com.focus.testcases.ItemQueryPageTest">
    <skipped/>
  </testcase> <!-- @BeforeMethod beforeMethodExecution -->
  <testcase name="@AfterMethod afterMethodExecution" time="0.0" classname="com.focus.testcases.ItemQueryPageTest">
    <skipped/>
  </testcase> <!-- @AfterMethod afterMethodExecution -->
  <testcase name="@BeforeMethod beforeMethodExecution" time="0.0" classname="com.focus.testcases.ItemQueryPageTest">
    <skipped/>
  </testcase> <!-- @BeforeMethod beforeMethodExecution -->
  <testcase name="@AfterMethod afterMethodExecution" time="0.0" classname="com.focus.testcases.ItemQueryPageTest">
    <skipped/>
  </testcase> <!-- @AfterMethod afterMethodExecution -->
  <testcase name="@BeforeMethod beforeMethodExecution" time="0.0" classname="com.focus.testcases.ItemQueryPageTest">
    <skipped/>
  </testcase> <!-- @BeforeMethod beforeMethodExecution -->
  <testcase name="@AfterMethod afterMethodExecution" time="0.0" classname="com.focus.testcases.ItemQueryPageTest">
    <skipped/>
  </testcase> <!-- @AfterMethod afterMethodExecution -->
  <testcase name="@BeforeMethod beforeMethodExecution" time="0.0" classname="com.focus.testcases.ItemQueryPageTest">
    <skipped/>
  </testcase> <!-- @BeforeMethod beforeMethodExecution -->
  <testcase name="@AfterMethod afterMethodExecution" time="0.0" classname="com.focus.testcases.ItemQueryPageTest">
    <skipped/>
  </testcase> <!-- @AfterMethod afterMethodExecution -->
  <testcase name="@BeforeMethod beforeMethodExecution" time="0.0" classname="com.focus.testcases.ItemQueryPageTest">
    <skipped/>
  </testcase> <!-- @BeforeMethod beforeMethodExecution -->
  <testcase name="@AfterMethod afterMethodExecution" time="0.0" classname="com.focus.testcases.ItemQueryPageTest">
    <skipped/>
  </testcase> <!-- @AfterMethod afterMethodExecution -->
  <testcase name="@BeforeMethod beforeMethodExecution" time="0.0" classname="com.focus.testcases.ItemQueryPageTest">
    <skipped/>
  </testcase> <!-- @BeforeMethod beforeMethodExecution -->
  <testcase name="@AfterMethod afterMethodExecution" time="0.0" classname="com.focus.testcases.ItemQueryPageTest">
    <skipped/>
  </testcase> <!-- @AfterMethod afterMethodExecution -->
  <testcase name="@BeforeMethod beforeMethodExecution" time="0.0" classname="com.focus.testcases.ItemQueryPageTest">
    <skipped/>
  </testcase> <!-- @BeforeMethod beforeMethodExecution -->
  <testcase name="@AfterMethod afterMethodExecution" time="0.0" classname="com.focus.testcases.ItemQueryPageTest">
    <skipped/>
  </testcase> <!-- @AfterMethod afterMethodExecution -->
  <testcase name="@BeforeMethod beforeMethodExecution" time="0.0" classname="com.focus.testcases.ItemQueryPageTest">
    <skipped/>
  </testcase> <!-- @BeforeMethod beforeMethodExecution -->
  <testcase name="@AfterMethod afterMethodExecution" time="0.0" classname="com.focus.testcases.ItemQueryPageTest">
    <skipped/>
  </testcase> <!-- @AfterMethod afterMethodExecution -->
  <testcase name="@BeforeMethod beforeMethodExecution" time="0.0" classname="com.focus.testcases.ItemQueryPageTest">
    <skipped/>
  </testcase> <!-- @BeforeMethod beforeMethodExecution -->
  <testcase name="@AfterMethod afterMethodExecution" time="0.0" classname="com.focus.testcases.ItemQueryPageTest">
    <skipped/>
  </testcase> <!-- @AfterMethod afterMethodExecution -->
  <testcase name="@AfterMethod afterMethodExecution" time="0.0" classname="com.focus.testcases.ItemQueryPageTest">
    <skipped/>
  </testcase> <!-- @AfterMethod afterMethodExecution -->
  <testcase name="@BeforeMethod beforeMethodExecution" time="0.0" classname="com.focus.testcases.ItemQueryPageTest">
    <skipped/>
  </testcase> <!-- @BeforeMethod beforeMethodExecution -->
  <testcase name="@BeforeMethod beforeMethodExecution" time="0.0" classname="com.focus.testcases.ItemQueryPageTest">
    <skipped/>
  </testcase> <!-- @BeforeMethod beforeMethodExecution -->
  <testcase name="@AfterMethod afterMethodExecution" time="0.0" classname="com.focus.testcases.ItemQueryPageTest">
    <skipped/>
  </testcase> <!-- @AfterMethod afterMethodExecution -->
  <testcase name="@BeforeMethod beforeMethodExecution" time="0.0" classname="com.focus.testcases.ItemQueryPageTest">
    <skipped/>
  </testcase> <!-- @BeforeMethod beforeMethodExecution -->
  <testcase name="@AfterMethod afterMethodExecution" time="0.0" classname="com.focus.testcases.LoginPageTest">
    <failure type="org.openqa.selenium.NoSuchWindowException" message="no such window: target window already closed
from unknown error: web view not found
  (Session info: chrome=102.0.5005.63)
Build info: version: &amp;apos;3.12.0&amp;apos;, revision: &amp;apos;7c6e0b3&amp;apos;, time: &amp;apos;2018-05-08T14:04:26.12Z&amp;apos;
System info: host: &amp;apos;FOCUS-QA-133&amp;apos;, ip: &amp;apos;192.168.4.45&amp;apos;, os.name: &amp;apos;Windows 10&amp;apos;, os.arch: &amp;apos;amd64&amp;apos;, os.version: &amp;apos;10.0&amp;apos;, java.version: &amp;apos;1.8.0_111&amp;apos;
Driver info: org.openqa.selenium.chrome.ChromeDriver
Capabilities {acceptInsecureCerts: false, browserName: chrome, browserVersion: 102.0.5005.63, chrome: {chromedriverVersion: 102.0.5005.61 (0e59bcc00cc4..., userDataDir: C:\Users\Roja\AppData\Local...}, goog:chromeOptions: {debuggerAddress: localhost:55957}, javascriptEnabled: true, networkConnectionEnabled: false, pageLoadStrategy: normal, platform: WINDOWS, platformName: WINDOWS, proxy: Proxy(), setWindowRect: true, strictFileInteractability: false, timeouts: {implicit: 0, pageLoad: 300000, script: 30000}, unhandledPromptBehavior: dismiss and notify, webauthn:extension:credBlob: true, webauthn:extension:largeBlob: true, webauthn:virtualAuthenticators: true}
Session ID: 61fdf29afc624cea6401b09343cf7292">
      <![CDATA[org.openqa.selenium.NoSuchWindowException: no such window: target window already closed
from unknown error: web view not found
  (Session info: chrome=102.0.5005.63)
Build info: version: '3.12.0', revision: '7c6e0b3', time: '2018-05-08T14:04:26.12Z'
System info: host: 'FOCUS-QA-133', ip: '192.168.4.45', os.name: 'Windows 10', os.arch: 'amd64', os.version: '10.0', java.version: '1.8.0_111'
Driver info: org.openqa.selenium.chrome.ChromeDriver
Capabilities {acceptInsecureCerts: false, browserName: chrome, browserVersion: 102.0.5005.63, chrome: {chromedriverVersion: 102.0.5005.61 (0e59bcc00cc4..., userDataDir: C:\Users\Roja\AppData\Local...}, goog:chromeOptions: {debuggerAddress: localhost:55957}, javascriptEnabled: true, networkConnectionEnabled: false, pageLoadStrategy: normal, platform: WINDOWS, platformName: WINDOWS, proxy: Proxy(), setWindowRect: true, strictFileInteractability: false, timeouts: {implicit: 0, pageLoad: 300000, script: 30000}, unhandledPromptBehavior: dismiss and notify, webauthn:extension:credBlob: true, webauthn:extension:largeBlob: true, webauthn:virtualAuthenticators: true}
Session ID: 61fdf29afc624cea6401b09343cf7292
	at org.openqa.selenium.remote.http.W3CHttpResponseCodec.createException(W3CHttpResponseCodec.java:187)
	at org.openqa.selenium.remote.http.W3CHttpResponseCodec.decode(W3CHttpResponseCodec.java:122)
	at org.openqa.selenium.remote.http.W3CHttpResponseCodec.decode(W3CHttpResponseCodec.java:49)
	at org.openqa.selenium.remote.HttpCommandExecutor.execute(HttpCommandExecutor.java:158)
	at org.openqa.selenium.remote.service.DriverCommandExecutor.execute(DriverCommandExecutor.java:83)
	at org.openqa.selenium.remote.RemoteWebDriver.execute(RemoteWebDriver.java:543)
	at org.openqa.selenium.remote.RemoteWebDriver.execute(RemoteWebDriver.java:600)
	at org.openqa.selenium.remote.RemoteWebDriver.getScreenshotAs(RemoteWebDriver.java:289)
	at com.focus.utilities.ScreenshotUtility.screenshot(ScreenshotUtility.java:19)
	at com.focus.base.BaseEngine.afterMethodExecution(BaseEngine.java:168)
	at java.util.concurrent.ThreadPoolExecutor.runWorker(Unknown Source)
	at java.util.concurrent.ThreadPoolExecutor$Worker.run(Unknown Source)
	at java.lang.Thread.run(Unknown Source)
... Removed 16 stack frames]]>
    </failure>
  </testcase> <!-- @AfterMethod afterMethodExecution -->
  <testcase name="@BeforeMethod beforeMethodExecution" time="0.0" classname="com.focus.testcases.ItemQueryPageTest">
    <skipped/>
  </testcase> <!-- @BeforeMethod beforeMethodExecution -->
  <testcase name="@AfterMethod afterMethodExecution" time="0.0" classname="com.focus.testcases.ItemQueryPageTest">
    <skipped/>
  </testcase> <!-- @AfterMethod afterMethodExecution -->
  <testcase name="@BeforeMethod beforeMethodExecution" time="0.0" classname="com.focus.testcases.ItemQueryPageTest">
    <skipped/>
  </testcase> <!-- @BeforeMethod beforeMethodExecution -->
  <testcase name="@AfterMethod afterMethodExecution" time="0.0" classname="com.focus.testcases.ItemQueryPageTest">
    <skipped/>
  </testcase> <!-- @AfterMethod afterMethodExecution -->
  <testcase name="@BeforeMethod beforeMethodExecution" time="0.0" classname="com.focus.testcases.ItemQueryPageTest">
    <skipped/>
  </testcase> <!-- @BeforeMethod beforeMethodExecution -->
  <testcase name="@AfterMethod afterMethodExecution" time="0.0" classname="com.focus.testcases.ItemQueryPageTest">
    <skipped/>
  </testcase> <!-- @AfterMethod afterMethodExecution -->
  <testcase name="@BeforeMethod beforeMethodExecution" time="0.0" classname="com.focus.testcases.ItemQueryPageTest">
    <skipped/>
  </testcase> <!-- @BeforeMethod beforeMethodExecution -->
  <testcase name="@AfterMethod afterMethodExecution" time="0.0" classname="com.focus.testcases.ItemQueryPageTest">
    <skipped/>
  </testcase> <!-- @AfterMethod afterMethodExecution -->
  <testcase name="@BeforeMethod beforeMethodExecution" time="0.0" classname="com.focus.testcases.ItemQueryPageTest">
    <skipped/>
  </testcase> <!-- @BeforeMethod beforeMethodExecution -->
  <testcase name="@AfterMethod afterMethodExecution" time="0.0" classname="com.focus.testcases.ItemQueryPageTest">
    <skipped/>
  </testcase> <!-- @AfterMethod afterMethodExecution -->
  <testcase name="@BeforeMethod beforeMethodExecution" time="0.0" classname="com.focus.testcases.ItemQueryPageTest">
    <skipped/>
  </testcase> <!-- @BeforeMethod beforeMethodExecution -->
  <testcase name="@AfterMethod afterMethodExecution" time="0.0" classname="com.focus.testcases.ItemQueryPageTest">
    <skipped/>
  </testcase> <!-- @AfterMethod afterMethodExecution -->
  <testcase name="@BeforeMethod beforeMethodExecution" time="0.0" classname="com.focus.testcases.ItemQueryPageTest">
    <skipped/>
  </testcase> <!-- @BeforeMethod beforeMethodExecution -->
  <testcase name="@AfterMethod afterMethodExecution" time="0.0" classname="com.focus.testcases.ItemQueryPageTest">
    <skipped/>
  </testcase> <!-- @AfterMethod afterMethodExecution -->
  <testcase name="@BeforeMethod beforeMethodExecution" time="0.0" classname="com.focus.testcases.ItemQueryPageTest">
    <skipped/>
  </testcase> <!-- @BeforeMethod beforeMethodExecution -->
  <testcase name="@AfterMethod afterMethodExecution" time="0.0" classname="com.focus.testcases.ItemQueryPageTest">
    <skipped/>
  </testcase> <!-- @AfterMethod afterMethodExecution -->
  <testcase name="@BeforeMethod beforeMethodExecution" time="0.0" classname="com.focus.testcases.ItemQueryPageTest">
    <skipped/>
  </testcase> <!-- @BeforeMethod beforeMethodExecution -->
  <testcase name="@AfterMethod afterMethodExecution" time="0.0" classname="com.focus.testcases.ItemQueryPageTest">
    <skipped/>
  </testcase> <!-- @AfterMethod afterMethodExecution -->
  <testcase name="@BeforeMethod beforeMethodExecution" time="0.0" classname="com.focus.testcases.ItemQueryPageTest">
    <skipped/>
  </testcase> <!-- @BeforeMethod beforeMethodExecution -->
  <testcase name="@AfterMethod afterMethodExecution" time="0.0" classname="com.focus.testcases.ItemQueryPageTest">
    <skipped/>
  </testcase> <!-- @AfterMethod afterMethodExecution -->
  <testcase name="@BeforeMethod beforeMethodExecution" time="0.0" classname="com.focus.testcases.ItemQueryPageTest">
    <skipped/>
  </testcase> <!-- @BeforeMethod beforeMethodExecution -->
  <testcase name="@AfterMethod afterMethodExecution" time="0.0" classname="com.focus.testcases.ItemQueryPageTest">
    <skipped/>
  </testcase> <!-- @AfterMethod afterMethodExecution -->
  <testcase name="@BeforeMethod beforeMethodExecution" time="0.0" classname="com.focus.testcases.ItemQueryPageTest">
    <skipped/>
  </testcase> <!-- @BeforeMethod beforeMethodExecution -->
  <testcase name="@AfterMethod afterMethodExecution" time="0.0" classname="com.focus.testcases.ItemQueryPageTest">
    <skipped/>
  </testcase> <!-- @AfterMethod afterMethodExecution -->
  <testcase name="@AfterMethod afterMethodExecution" time="0.0" classname="com.focus.testcases.ItemQueryPageTest">
    <skipped/>
  </testcase> <!-- @AfterMethod afterMethodExecution -->
  <testcase name="@BeforeMethod beforeMethodExecution" time="0.0" classname="com.focus.testcases.ItemQueryPageTest">
    <skipped/>
  </testcase> <!-- @BeforeMethod beforeMethodExecution -->
  <testcase name="@BeforeMethod beforeMethodExecution" time="0.0" classname="com.focus.testcases.ItemQueryPageTest">
    <skipped/>
  </testcase> <!-- @BeforeMethod beforeMethodExecution -->
  <testcase name="@AfterMethod afterMethodExecution" time="0.0" classname="com.focus.testcases.ItemQueryPageTest">
    <skipped/>
  </testcase> <!-- @AfterMethod afterMethodExecution -->
  <testcase name="@AfterMethod afterMethodExecution" time="0.0" classname="com.focus.testcases.ItemQueryPageTest">
    <skipped/>
  </testcase> <!-- @AfterMethod afterMethodExecution -->
  <testcase name="@BeforeMethod beforeMethodExecution" time="0.0" classname="com.focus.testcases.ItemQueryPageTest">
    <skipped/>
  </testcase> <!-- @BeforeMethod beforeMethodExecution -->
  <testcase name="@BeforeMethod beforeMethodExecution" time="0.0" classname="com.focus.testcases.ItemQueryPageTest">
    <skipped/>
  </testcase> <!-- @BeforeMethod beforeMethodExecution -->
  <testcase name="@AfterMethod afterMethodExecution" time="0.0" classname="com.focus.testcases.ItemQueryPageTest">
    <skipped/>
  </testcase> <!-- @AfterMethod afterMethodExecution -->
  <testcase name="@BeforeMethod beforeMethodExecution" time="0.0" classname="com.focus.testcases.ItemQueryPageTest">
    <skipped/>
  </testcase> <!-- @BeforeMethod beforeMethodExecution -->
  <testcase name="@AfterMethod afterMethodExecution" time="0.0" classname="com.focus.testcases.ItemQueryPageTest">
    <skipped/>
  </testcase> <!-- @AfterMethod afterMethodExecution -->
  <testcase name="@BeforeMethod beforeMethodExecution" time="0.0" classname="com.focus.testcases.ItemQueryPageTest">
    <skipped/>
  </testcase> <!-- @BeforeMethod beforeMethodExecution -->
  <testcase name="@AfterMethod afterMethodExecution" time="0.0" classname="com.focus.testcases.ItemQueryPageTest">
    <skipped/>
  </testcase> <!-- @AfterMethod afterMethodExecution -->
  <testcase name="@BeforeMethod beforeMethodExecution" time="0.0" classname="com.focus.testcases.ItemQueryPageTest">
    <skipped/>
  </testcase> <!-- @BeforeMethod beforeMethodExecution -->
  <testcase name="@AfterMethod afterMethodExecution" time="0.0" classname="com.focus.testcases.ItemQueryPageTest">
    <skipped/>
  </testcase> <!-- @AfterMethod afterMethodExecution -->
  <testcase name="@BeforeMethod beforeMethodExecution" time="0.0" classname="com.focus.testcases.ItemQueryPageTest">
    <skipped/>
  </testcase> <!-- @BeforeMethod beforeMethodExecution -->
  <testcase name="@AfterMethod afterMethodExecution" time="0.0" classname="com.focus.testcases.ItemQueryPageTest">
    <skipped/>
  </testcase> <!-- @AfterMethod afterMethodExecution -->
  <testcase name="@AfterMethod afterMethodExecution" time="0.0" classname="com.focus.testcases.ItemQueryPageTest">
    <skipped/>
  </testcase> <!-- @AfterMethod afterMethodExecution -->
  <testcase name="@BeforeMethod beforeMethodExecution" time="0.0" classname="com.focus.testcases.ItemQueryPageTest">
    <skipped/>
  </testcase> <!-- @BeforeMethod beforeMethodExecution -->
  <testcase name="@AfterMethod afterMethodExecution" time="0.0" classname="com.focus.testcases.ItemQueryPageTest">
    <skipped/>
  </testcase> <!-- @AfterMethod afterMethodExecution -->
  <testcase name="@AfterMethod afterMethodExecution" time="0.0" classname="com.focus.testcases.ItemQueryPageTest">
    <skipped/>
  </testcase> <!-- @AfterMethod afterMethodExecution -->
  <testcase name="@BeforeMethod beforeMethodExecution" time="0.0" classname="com.focus.testcases.ItemQueryPageTest">
    <skipped/>
  </testcase> <!-- @BeforeMethod beforeMethodExecution -->
  <testcase name="@BeforeMethod beforeMethodExecution" time="0.0" classname="com.focus.testcases.ItemQueryPageTest">
    <skipped/>
  </testcase> <!-- @BeforeMethod beforeMethodExecution -->
  <testcase name="@BeforeMethod beforeMethodExecution" time="0.0" classname="com.focus.testcases.ItemQueryPageTest">
    <skipped/>
  </testcase> <!-- @BeforeMethod beforeMethodExecution -->
  <testcase name="@AfterMethod afterMethodExecution" time="0.0" classname="com.focus.testcases.ItemQueryPageTest">
    <skipped/>
  </testcase> <!-- @AfterMethod afterMethodExecution -->
  <testcase name="@AfterMethod afterMethodExecution" time="0.0" classname="com.focus.testcases.ItemQueryPageTest">
    <skipped/>
  </testcase> <!-- @AfterMethod afterMethodExecution -->
  <testcase name="@BeforeMethod beforeMethodExecution" time="0.0" classname="com.focus.testcases.ItemQueryPageTest">
    <skipped/>
  </testcase> <!-- @BeforeMethod beforeMethodExecution -->
  <testcase name="@AfterMethod afterMethodExecution" time="0.0" classname="com.focus.testcases.ItemQueryPageTest">
    <skipped/>
  </testcase> <!-- @AfterMethod afterMethodExecution -->
  <testcase name="@BeforeMethod beforeMethodExecution" time="0.0" classname="com.focus.testcases.ItemQueryPageTest">
    <skipped/>
  </testcase> <!-- @BeforeMethod beforeMethodExecution -->
  <testcase name="@BeforeMethod beforeMethodExecution" time="0.0" classname="com.focus.testcases.ItemQueryPageTest">
    <skipped/>
  </testcase> <!-- @BeforeMethod beforeMethodExecution -->
  <testcase name="@AfterMethod afterMethodExecution" time="0.0" classname="com.focus.testcases.ItemQueryPageTest">
    <skipped/>
  </testcase> <!-- @AfterMethod afterMethodExecution -->
  <testcase name="@BeforeMethod beforeMethodExecution" time="0.0" classname="com.focus.testcases.ItemQueryPageTest">
    <skipped/>
  </testcase> <!-- @BeforeMethod beforeMethodExecution -->
  <testcase name="@AfterMethod afterMethodExecution" time="0.0" classname="com.focus.testcases.ItemQueryPageTest">
    <skipped/>
  </testcase> <!-- @AfterMethod afterMethodExecution -->
  <testcase name="@AfterMethod afterMethodExecution" time="0.0" classname="com.focus.testcases.ItemQueryPageTest">
    <skipped/>
  </testcase> <!-- @AfterMethod afterMethodExecution -->
  <testcase name="@BeforeMethod beforeMethodExecution" time="0.0" classname="com.focus.testcases.ItemQueryPageTest">
    <skipped/>
  </testcase> <!-- @BeforeMethod beforeMethodExecution -->
  <testcase name="@AfterMethod afterMethodExecution" time="0.0" classname="com.focus.testcases.ItemQueryPageTest">
    <skipped/>
  </testcase> <!-- @AfterMethod afterMethodExecution -->
  <testcase name="@BeforeMethod beforeMethodExecution" time="0.0" classname="com.focus.testcases.ItemQueryPageTest">
    <skipped/>
  </testcase> <!-- @BeforeMethod beforeMethodExecution -->
  <testcase name="@AfterMethod afterMethodExecution" time="0.0" classname="com.focus.testcases.ItemQueryPageTest">
    <skipped/>
  </testcase> <!-- @AfterMethod afterMethodExecution -->
  <testcase name="@BeforeMethod beforeMethodExecution" time="0.0" classname="com.focus.testcases.ItemQueryPageTest">
    <skipped/>
  </testcase> <!-- @BeforeMethod beforeMethodExecution -->
  <testcase name="@AfterMethod afterMethodExecution" time="0.0" classname="com.focus.testcases.ItemQueryPageTest">
    <skipped/>
  </testcase> <!-- @AfterMethod afterMethodExecution -->
  <testcase name="@BeforeMethod beforeMethodExecution" time="0.0" classname="com.focus.testcases.ItemQueryPageTest">
    <skipped/>
  </testcase> <!-- @BeforeMethod beforeMethodExecution -->
  <testcase name="@AfterMethod afterMethodExecution" time="0.0" classname="com.focus.testcases.ItemQueryPageTest">
    <skipped/>
  </testcase> <!-- @AfterMethod afterMethodExecution -->
  <testcase name="@BeforeMethod beforeMethodExecution" time="0.0" classname="com.focus.testcases.ItemQueryPageTest">
    <skipped/>
  </testcase> <!-- @BeforeMethod beforeMethodExecution -->
  <testcase name="@AfterMethod afterMethodExecution" time="0.0" classname="com.focus.testcases.ItemQueryPageTest">
    <skipped/>
  </testcase> <!-- @AfterMethod afterMethodExecution -->
  <testcase name="@BeforeMethod beforeMethodExecution" time="0.0" classname="com.focus.testcases.ItemQueryPageTest">
    <skipped/>
  </testcase> <!-- @BeforeMethod beforeMethodExecution -->
  <testcase name="@BeforeMethod beforeMethodExecution" time="0.0" classname="com.focus.testcases.ItemQueryPageTest">
    <skipped/>
  </testcase> <!-- @BeforeMethod beforeMethodExecution -->
  <testcase name="@AfterMethod afterMethodExecution" time="0.0" classname="com.focus.testcases.ItemQueryPageTest">
    <skipped/>
  </testcase> <!-- @AfterMethod afterMethodExecution -->
  <testcase name="@BeforeMethod beforeMethodExecution" time="0.0" classname="com.focus.testcases.ItemQueryPageTest">
    <skipped/>
  </testcase> <!-- @BeforeMethod beforeMethodExecution -->
  <testcase name="@AfterMethod afterMethodExecution" time="0.0" classname="com.focus.testcases.ItemQueryPageTest">
    <skipped/>
  </testcase> <!-- @AfterMethod afterMethodExecution -->
  <testcase name="@AfterMethod afterMethodExecution" time="0.0" classname="com.focus.testcases.ItemQueryPageTest">
    <skipped/>
  </testcase> <!-- @AfterMethod afterMethodExecution -->
  <testcase name="@AfterMethod afterMethodExecution" time="0.0" classname="com.focus.testcases.ItemQueryPageTest">
    <skipped/>
  </testcase> <!-- @AfterMethod afterMethodExecution -->
  <testcase name="@AfterTest generateReports" time="0.0" classname="com.focus.testcases.URLBrowserTest">
    <skipped/>
  </testcase> <!-- @AfterTest generateReports -->
  <testcase name="verifyBrowserOpen" time="10.219" classname="com.focus.testcases.URLBrowserTest"/>
  <testcase name="checkLoginPageAvailablityOfFields" time="42.087" classname="com.focus.testcases.LoginPageTest">
    <failure type="org.openqa.selenium.TimeoutException" message="Expected condition failed: waiting for visibility of [[ChromeDriver: chrome on WINDOWS (61fdf29afc624cea6401b09343cf7292)] -&amp;gt; xpath: //*[@id=&amp;apos;txtUsername&amp;apos;]] (tried for 40 second(s) with 5000 milliseconds interval)">
      <![CDATA[org.openqa.selenium.TimeoutException: Expected condition failed: waiting for visibility of [[ChromeDriver: chrome on WINDOWS (61fdf29afc624cea6401b09343cf7292)] -> xpath: //*[@id='txtUsername']] (tried for 40 second(s) with 5000 milliseconds interval)
	at org.openqa.selenium.support.ui.FluentWait.timeoutException(FluentWait.java:303)
	at org.openqa.selenium.support.ui.FluentWait.until(FluentWait.java:271)
	at com.focus.Pages.LoginPage.checkLoginPageAvailablityOfFields(LoginPage.java:212)
	at com.focus.testcases.LoginPageTest.checkLoginPageAvailablityOfFields(LoginPageTest.java:23)
	at java.util.concurrent.ThreadPoolExecutor.runWorker(Unknown Source)
	at java.util.concurrent.ThreadPoolExecutor$Worker.run(Unknown Source)
	at java.lang.Thread.run(Unknown Source)
Caused by: org.openqa.selenium.NoSuchElementException: no such element: Unable to locate element: {"method":"xpath","selector":"//*[@id='txtUsername']"}
  (Session info: chrome=102.0.5005.63)
For documentation on this error, please visit: http://seleniumhq.org/exceptions/no_such_element.html
Build info: version: '3.12.0', revision: '7c6e0b3', time: '2018-05-08T14:04:26.12Z'
System info: host: 'FOCUS-QA-133', ip: '192.168.4.45', os.name: 'Windows 10', os.arch: 'amd64', os.version: '10.0', java.version: '1.8.0_111'
Driver info: org.openqa.selenium.chrome.ChromeDriver
Capabilities {acceptInsecureCerts: false, browserName: chrome, browserVersion: 102.0.5005.63, chrome: {chromedriverVersion: 102.0.5005.61 (0e59bcc00cc4..., userDataDir: C:\Users\Roja\AppData\Local...}, goog:chromeOptions: {debuggerAddress: localhost:55957}, javascriptEnabled: true, networkConnectionEnabled: false, pageLoadStrategy: normal, platform: WINDOWS, platformName: WINDOWS, proxy: Proxy(), setWindowRect: true, strictFileInteractability: false, timeouts: {implicit: 0, pageLoad: 300000, script: 30000}, unhandledPromptBehavior: dismiss and notify, webauthn:extension:credBlob: true, webauthn:extension:largeBlob: true, webauthn:virtualAuthenticators: true}
Session ID: 61fdf29afc624cea6401b09343cf7292
*** Element info: {Using=xpath, value=//*[@id='txtUsername']}
	at org.openqa.selenium.remote.http.W3CHttpResponseCodec.createException(W3CHttpResponseCodec.java:187)
	at org.openqa.selenium.remote.http.W3CHttpResponseCodec.decode(W3CHttpResponseCodec.java:122)
	at org.openqa.selenium.remote.http.W3CHttpResponseCodec.decode(W3CHttpResponseCodec.java:49)
	at org.openqa.selenium.remote.HttpCommandExecutor.execute(HttpCommandExecutor.java:158)
	at org.openqa.selenium.remote.service.DriverCommandExecutor.execute(DriverCommandExecutor.java:83)
	at org.openqa.selenium.remote.RemoteWebDriver.execute(RemoteWebDriver.java:543)
	at org.openqa.selenium.remote.RemoteWebDriver.findElement(RemoteWebDriver.java:317)
	at org.openqa.selenium.remote.RemoteWebDriver.findElementByXPath(RemoteWebDriver.java:419)
	at org.openqa.selenium.By$ByXPath.findElement(By.java:353)
	at org.openqa.selenium.remote.RemoteWebDriver.findElement(RemoteWebDriver.java:309)
	at org.openqa.selenium.support.pagefactory.DefaultElementLocator.findElement(DefaultElementLocator.java:69)
	at org.openqa.selenium.support.pagefactory.internal.LocatingElementHandler.invoke(LocatingElementHandler.java:38)
	at com.sun.proxy.$Proxy12.isDisplayed(Unknown Source)
	at org.openqa.selenium.support.ui.ExpectedConditions.elementIfVisible(ExpectedConditions.java:315)
	at org.openqa.selenium.support.ui.ExpectedConditions.access$100(ExpectedConditions.java:44)
	at org.openqa.selenium.support.ui.ExpectedConditions$10.apply(ExpectedConditions.java:301)
	at org.openqa.selenium.support.ui.ExpectedConditions$10.apply(ExpectedConditions.java:298)
	at org.openqa.selenium.support.ui.FluentWait.until(FluentWait.java:248)
	... 15 more
... Removed 14 stack frames]]>
    </failure>
  </testcase> <!-- checkLoginPageAvailablityOfFields -->
  <testcase name="checkCompanyTextDisplayInCompanyListDropdown" time="31.892" classname="com.focus.testcases.LoginPageTest"/>
  <testcase name="verifyTheNumberOfListInCompanyDropdownList" time="0.644" classname="com.focus.testcases.LoginPageTest"/>
  <testcase name="checkLoginPageTitleByURLInputInBrowser" time="44.392" classname="com.focus.testcases.URLBrowserTest"/>
  <testcase name="validteItemQueryStocksInBatchItem" time="95.404" classname="com.focus.testcases.ItemQueryPageTest">
    <failure type="java.lang.NullPointerException">
      <![CDATA[java.lang.NullPointerException
	at org.openqa.selenium.support.pagefactory.internal.LocatingElementHandler.invoke(LocatingElementHandler.java:51)
	at com.sun.proxy.$Proxy12.isDisplayed(Unknown Source)
	at org.openqa.selenium.support.ui.ExpectedConditions.elementIfVisible(ExpectedConditions.java:315)
	at org.openqa.selenium.support.ui.ExpectedConditions.access$100(ExpectedConditions.java:44)
	at org.openqa.selenium.support.ui.ExpectedConditions$10.apply(ExpectedConditions.java:301)
	at org.openqa.selenium.support.ui.ExpectedConditions$10.apply(ExpectedConditions.java:298)
	at org.openqa.selenium.support.ui.ExpectedConditions$23.apply(ExpectedConditions.java:686)
	at org.openqa.selenium.support.ui.ExpectedConditions$23.apply(ExpectedConditions.java:682)
	at org.openqa.selenium.support.ui.FluentWait.until(FluentWait.java:248)
	at com.focus.base.BaseEngine.click(BaseEngine.java:337)
	at com.focus.Pages.ItemQueryPage.validteItemQueryStocksInBatchItem(ItemQueryPage.java:144)
	at com.focus.testcases.ItemQueryPageTest.validteItemQueryStocksInBatchItem(ItemQueryPageTest.java:21)
	at java.util.concurrent.ThreadPoolExecutor.runWorker(Unknown Source)
	at java.util.concurrent.ThreadPoolExecutor$Worker.run(Unknown Source)
	at java.lang.Thread.run(Unknown Source)
... Removed 14 stack frames]]>
    </failure>
  </testcase> <!-- validteItemQueryStocksInBatchItem -->
  <testcase name="validteItemQueryStocksInFifoItem" time="93.791" classname="com.focus.testcases.ItemQueryPageTest">
    <failure type="org.openqa.selenium.NoSuchWindowException" message="no such window: target window already closed
from unknown error: web view not found
  (Session info: chrome=102.0.5005.63)
Build info: version: &amp;apos;3.12.0&amp;apos;, revision: &amp;apos;7c6e0b3&amp;apos;, time: &amp;apos;2018-05-08T14:04:26.12Z&amp;apos;
System info: host: &amp;apos;FOCUS-QA-133&amp;apos;, ip: &amp;apos;192.168.4.45&amp;apos;, os.name: &amp;apos;Windows 10&amp;apos;, os.arch: &amp;apos;amd64&amp;apos;, os.version: &amp;apos;10.0&amp;apos;, java.version: &amp;apos;1.8.0_111&amp;apos;
Driver info: org.openqa.selenium.chrome.ChromeDriver
Capabilities {acceptInsecureCerts: false, browserName: chrome, browserVersion: 102.0.5005.63, chrome: {chromedriverVersion: 102.0.5005.61 (0e59bcc00cc4..., userDataDir: C:\Users\Roja\AppData\Local...}, goog:chromeOptions: {debuggerAddress: localhost:55957}, javascriptEnabled: true, networkConnectionEnabled: false, pageLoadStrategy: normal, platform: WINDOWS, platformName: WINDOWS, proxy: Proxy(), setWindowRect: true, strictFileInteractability: false, timeouts: {implicit: 0, pageLoad: 300000, script: 30000}, unhandledPromptBehavior: dismiss and notify, webauthn:extension:credBlob: true, webauthn:extension:largeBlob: true, webauthn:virtualAuthenticators: true}
Session ID: 61fdf29afc624cea6401b09343cf7292
*** Element info: {Using=xpath, value=//input[@id=&amp;apos;productQuery&amp;apos;]}">
      <![CDATA[org.openqa.selenium.NoSuchWindowException: no such window: target window already closed
from unknown error: web view not found
  (Session info: chrome=102.0.5005.63)
Build info: version: '3.12.0', revision: '7c6e0b3', time: '2018-05-08T14:04:26.12Z'
System info: host: 'FOCUS-QA-133', ip: '192.168.4.45', os.name: 'Windows 10', os.arch: 'amd64', os.version: '10.0', java.version: '1.8.0_111'
Driver info: org.openqa.selenium.chrome.ChromeDriver
Capabilities {acceptInsecureCerts: false, browserName: chrome, browserVersion: 102.0.5005.63, chrome: {chromedriverVersion: 102.0.5005.61 (0e59bcc00cc4..., userDataDir: C:\Users\Roja\AppData\Local...}, goog:chromeOptions: {debuggerAddress: localhost:55957}, javascriptEnabled: true, networkConnectionEnabled: false, pageLoadStrategy: normal, platform: WINDOWS, platformName: WINDOWS, proxy: Proxy(), setWindowRect: true, strictFileInteractability: false, timeouts: {implicit: 0, pageLoad: 300000, script: 30000}, unhandledPromptBehavior: dismiss and notify, webauthn:extension:credBlob: true, webauthn:extension:largeBlob: true, webauthn:virtualAuthenticators: true}
Session ID: 61fdf29afc624cea6401b09343cf7292
*** Element info: {Using=xpath, value=//input[@id='productQuery']}
	at org.openqa.selenium.remote.http.W3CHttpResponseCodec.createException(W3CHttpResponseCodec.java:187)
	at org.openqa.selenium.remote.http.W3CHttpResponseCodec.decode(W3CHttpResponseCodec.java:122)
	at org.openqa.selenium.remote.http.W3CHttpResponseCodec.decode(W3CHttpResponseCodec.java:49)
	at org.openqa.selenium.remote.HttpCommandExecutor.execute(HttpCommandExecutor.java:158)
	at org.openqa.selenium.remote.service.DriverCommandExecutor.execute(DriverCommandExecutor.java:83)
	at org.openqa.selenium.remote.RemoteWebDriver.execute(RemoteWebDriver.java:543)
	at org.openqa.selenium.remote.RemoteWebDriver.findElement(RemoteWebDriver.java:317)
	at org.openqa.selenium.remote.RemoteWebDriver.findElementByXPath(RemoteWebDriver.java:419)
	at org.openqa.selenium.By$ByXPath.findElement(By.java:353)
	at org.openqa.selenium.remote.RemoteWebDriver.findElement(RemoteWebDriver.java:309)
	at org.openqa.selenium.support.pagefactory.DefaultElementLocator.findElement(DefaultElementLocator.java:69)
	at org.openqa.selenium.support.pagefactory.internal.LocatingElementHandler.invoke(LocatingElementHandler.java:38)
	at com.sun.proxy.$Proxy12.toString(Unknown Source)
	at java.lang.String.valueOf(Unknown Source)
	at java.lang.StringBuilder.append(Unknown Source)
	at org.openqa.selenium.support.ui.ExpectedConditions$23.toString(ExpectedConditions.java:699)
	at java.lang.String.valueOf(Unknown Source)
	at java.lang.StringBuilder.append(Unknown Source)
	at org.openqa.selenium.support.ui.FluentWait.until(FluentWait.java:267)
	at com.focus.base.BaseEngine.click(BaseEngine.java:337)
	at com.focus.Pages.ItemQueryPage.validteItemQueryStocksInFifoItem(ItemQueryPage.java:194)
	at com.focus.testcases.ItemQueryPageTest.validteItemQueryStocksInFifoItem(ItemQueryPageTest.java:28)
	at java.util.concurrent.ThreadPoolExecutor.runWorker(Unknown Source)
	at java.util.concurrent.ThreadPoolExecutor$Worker.run(Unknown Source)
	at java.lang.Thread.run(Unknown Source)
... Removed 14 stack frames]]>
    </failure>
  </testcase> <!-- validteItemQueryStocksInFifoItem -->
  <testcase name="checkSignInBtnWithValidUserNameAndValidPassword" time="95.541" classname="com.focus.testcases.LoginPageTest">
    <failure type="java.lang.AssertionError" message="expected [true] but found [false]">
      <![CDATA[java.lang.AssertionError: expected [true] but found [false]
	at com.focus.testcases.LoginPageTest.checkSignInBtnWithValidUserNameAndValidPassword(LoginPageTest.java:44)
	at java.util.concurrent.ThreadPoolExecutor.runWorker(Unknown Source)
	at java.util.concurrent.ThreadPoolExecutor$Worker.run(Unknown Source)
	at java.lang.Thread.run(Unknown Source)
... Removed 16 stack frames]]>
    </failure>
  </testcase> <!-- checkSignInBtnWithValidUserNameAndValidPassword -->
  <testcase name="validteItemQueryStocksInWAItem" time="0.0" classname="com.focus.testcases.ItemQueryPageTest">
    <skipped/>
  </testcase> <!-- validteItemQueryStocksInWAItem -->
  <testcase name="checkStockLedgerReportForBrBatchItem" time="0.0" classname="com.focus.testcases.ItemQueryPageTest">
    <skipped/>
  </testcase> <!-- checkStockLedgerReportForBrBatchItem -->
  <testcase name="checkStockLedgerReportForFifoItem" time="0.001" classname="com.focus.testcases.ItemQueryPageTest">
    <skipped/>
  </testcase> <!-- checkStockLedgerReportForFifoItem -->
  <testcase name="checkStockLedgerReportForRmaItem" time="0.0" classname="com.focus.testcases.ItemQueryPageTest">
    <skipped/>
  </testcase> <!-- checkStockLedgerReportForRmaItem -->
  <testcase name="checkSavePurchasesVoucher" time="0.001" classname="com.focus.testcases.ItemQueryPageTest">
    <skipped/>
  </testcase> <!-- checkSavePurchasesVoucher -->
  <testcase name="validteItemQueryStocksInBatchItemAfterSavingPurchaseVocher" time="0.0" classname="com.focus.testcases.ItemQueryPageTest">
    <skipped/>
  </testcase> <!-- validteItemQueryStocksInBatchItemAfterSavingPurchaseVocher -->
  <testcase name="validteItemQueryStocksInFifoItemAfterSavingPurchaseVocher" time="0.002" classname="com.focus.testcases.ItemQueryPageTest">
    <skipped/>
  </testcase> <!-- validteItemQueryStocksInFifoItemAfterSavingPurchaseVocher -->
  <testcase name="validteItemQueryStocksInWAItemAfterSavingPurchaseVocher" time="0.001" classname="com.focus.testcases.ItemQueryPageTest">
    <skipped/>
  </testcase> <!-- validteItemQueryStocksInWAItemAfterSavingPurchaseVocher -->
  <testcase name="checkStockLedgerReportFortBrBatchItemAfterSavingPurchaseVocher" time="0.001" classname="com.focus.testcases.ItemQueryPageTest">
    <skipped/>
  </testcase> <!-- checkStockLedgerReportFortBrBatchItemAfterSavingPurchaseVocher -->
  <testcase name="checkStockLedgerReportForFifoItemAfterSavingPurchaseVocher" time="0.001" classname="com.focus.testcases.ItemQueryPageTest">
    <skipped/>
  </testcase> <!-- checkStockLedgerReportForFifoItemAfterSavingPurchaseVocher -->
  <testcase name="checkStockLedgerReportForRmaItemAfterSavingPurchaseVocher" time="0.001" classname="com.focus.testcases.ItemQueryPageTest">
    <skipped/>
  </testcase> <!-- checkStockLedgerReportForRmaItemAfterSavingPurchaseVocher -->
  <testcase name="checkLoginToInvUserAndValidteItemQueryStocksInBatchItem" time="0.003" classname="com.focus.testcases.ItemQueryPageTest">
    <skipped/>
  </testcase> <!-- checkLoginToInvUserAndValidteItemQueryStocksInBatchItem -->
  <testcase name="validteItemQueryStocksInFifoItemAfterLoginToInvUser" time="0.0" classname="com.focus.testcases.ItemQueryPageTest">
    <skipped/>
  </testcase> <!-- validteItemQueryStocksInFifoItemAfterLoginToInvUser -->
  <testcase name="validteItemQueryStocksInWAItemAfterLoginToInvUser" time="0.0" classname="com.focus.testcases.ItemQueryPageTest">
    <skipped/>
  </testcase> <!-- validteItemQueryStocksInWAItemAfterLoginToInvUser -->
  <testcase name="checkStockLedgerReportForBrBatchItemAfterLoginToInvUser" time="0.0" classname="com.focus.testcases.ItemQueryPageTest">
    <skipped/>
  </testcase> <!-- checkStockLedgerReportForBrBatchItemAfterLoginToInvUser -->
  <testcase name="checkStockLedgerReportForFifoItemAfterLoginToInvUser" time="0.0" classname="com.focus.testcases.ItemQueryPageTest">
    <skipped/>
  </testcase> <!-- checkStockLedgerReportForFifoItemAfterLoginToInvUser -->
  <testcase name="checkStockLedgerReportForRmaItemAfterLoginToInvUser" time="0.002" classname="com.focus.testcases.ItemQueryPageTest">
    <skipped/>
  </testcase> <!-- checkStockLedgerReportForRmaItemAfterLoginToInvUser -->
  <testcase name="checkSavingSalesInvoiceVoucherBrBatchItemWithHydWarehouse" time="0.0" classname="com.focus.testcases.ItemQueryPageTest">
    <skipped/>
  </testcase> <!-- checkSavingSalesInvoiceVoucherBrBatchItemWithHydWarehouse -->
  <testcase name="checkSavingSalesInvoiceVoucherBrBatchItemWithSECWarehouse" time="0.002" classname="com.focus.testcases.ItemQueryPageTest">
    <skipped/>
  </testcase> <!-- checkSavingSalesInvoiceVoucherBrBatchItemWithSECWarehouse -->
  <testcase name="checkSavingSalesInvoiceVoucherFifoItemWith2Warehouse" time="0.001" classname="com.focus.testcases.ItemQueryPageTest">
    <skipped/>
  </testcase> <!-- checkSavingSalesInvoiceVoucherFifoItemWith2Warehouse -->
  <testcase name="checkSavingSalesInvoiceVoucherRmaItemWithHYDWarehouse" time="0.001" classname="com.focus.testcases.ItemQueryPageTest">
    <skipped/>
  </testcase> <!-- checkSavingSalesInvoiceVoucherRmaItemWithHYDWarehouse -->
  <testcase name="checkSavingSalesInvoiceVoucherRmaItemWithSECWarehouse" time="0.001" classname="com.focus.testcases.ItemQueryPageTest">
    <skipped/>
  </testcase> <!-- checkSavingSalesInvoiceVoucherRmaItemWithSECWarehouse -->
  <testcase name="checkStockLedgerReportForBrBatchItemAfterSavingSalesInvoiceVocher" time="0.0" classname="com.focus.testcases.ItemQueryPageTest">
    <skipped/>
  </testcase> <!-- checkStockLedgerReportForBrBatchItemAfterSavingSalesInvoiceVocher -->
  <testcase name="checkStockLedgerReportForRmaItemAfterSavingSalesInvoiceVocher" time="0.0" classname="com.focus.testcases.ItemQueryPageTest">
    <skipped/>
  </testcase> <!-- checkStockLedgerReportForRmaItemAfterSavingSalesInvoiceVocher -->
  <testcase name="checkLoginToSUUserAndSavingStockTransferVocher1" time="0.0" classname="com.focus.testcases.ItemQueryPageTest">
    <skipped/>
  </testcase> <!-- checkLoginToSUUserAndSavingStockTransferVocher1 -->
  <testcase name="validteItemQueryStocksInBatchItemAfterSavingStockTransferVoucher" time="0.001" classname="com.focus.testcases.ItemQueryPageTest">
    <skipped/>
  </testcase> <!-- validteItemQueryStocksInBatchItemAfterSavingStockTransferVoucher -->
  <testcase name="validteItemQueryStocksInFifoItemAfterSavingStockTransferVoucher" time="0.001" classname="com.focus.testcases.ItemQueryPageTest">
    <skipped/>
  </testcase> <!-- validteItemQueryStocksInFifoItemAfterSavingStockTransferVoucher -->
  <testcase name="checkStockLedgerReportForBrBatchItemAfterStockTransferVoucher" time="0.001" classname="com.focus.testcases.ItemQueryPageTest">
    <skipped/>
  </testcase> <!-- checkStockLedgerReportForBrBatchItemAfterStockTransferVoucher -->
  <testcase name="validteItemQueryStocksInWAItemAfterSavingStockTransferVoucher" time="0.002" classname="com.focus.testcases.ItemQueryPageTest">
    <skipped/>
  </testcase> <!-- validteItemQueryStocksInWAItemAfterSavingStockTransferVoucher -->
  <testcase name="checkStockLedgerReportForFifoItemAfterStockTransferVoucher" time="0.001" classname="com.focus.testcases.ItemQueryPageTest">
    <skipped/>
  </testcase> <!-- checkStockLedgerReportForFifoItemAfterStockTransferVoucher -->
  <testcase name="checkStockLedgerReportForRmaItemAfterStockTransferVoucher" time="0.0" classname="com.focus.testcases.ItemQueryPageTest">
    <skipped/>
  </testcase> <!-- checkStockLedgerReportForRmaItemAfterStockTransferVoucher -->
  <testcase name="checkSavingStockTransferVocher2" time="0.001" classname="com.focus.testcases.ItemQueryPageTest">
    <skipped/>
  </testcase> <!-- checkSavingStockTransferVocher2 -->
  <testcase name="validteItemQueryStocksInBatchItemAfterSavingStockTransferVoucher2" time="0.001" classname="com.focus.testcases.ItemQueryPageTest">
    <skipped/>
  </testcase> <!-- validteItemQueryStocksInBatchItemAfterSavingStockTransferVoucher2 -->
  <testcase name="validteItemQueryStocksInFifoItemAfterSavingStockTransferVoucher2" time="0.001" classname="com.focus.testcases.ItemQueryPageTest">
    <skipped/>
  </testcase> <!-- validteItemQueryStocksInFifoItemAfterSavingStockTransferVoucher2 -->
  <testcase name="validteItemQueryStocksInWAItemAfterSavingStockTransferVoucher2" time="0.0" classname="com.focus.testcases.ItemQueryPageTest">
    <skipped/>
  </testcase> <!-- validteItemQueryStocksInWAItemAfterSavingStockTransferVoucher2 -->
  <testcase name="checkStockLedgerReportForBrBatchItemAfterStockTransferVoucher2" time="0.001" classname="com.focus.testcases.ItemQueryPageTest">
    <skipped/>
  </testcase> <!-- checkStockLedgerReportForBrBatchItemAfterStockTransferVoucher2 -->
  <testcase name="checkStockLedgerReportForFifoItemAfterStockTransferVoucher2" time="0.005" classname="com.focus.testcases.ItemQueryPageTest">
    <skipped/>
  </testcase> <!-- checkStockLedgerReportForFifoItemAfterStockTransferVoucher2 -->
  <testcase name="checkSavingexcessInStocksVoucherWithALLItemsInInvUser" time="0.001" classname="com.focus.testcases.ItemQueryPageTest">
    <skipped/>
  </testcase> <!-- checkSavingexcessInStocksVoucherWithALLItemsInInvUser -->
  <testcase name="checkSavingShortagesinStockVoucherWithBrItemHydSecWareHosueInSUUser" time="0.001" classname="com.focus.testcases.ItemQueryPageTest">
    <skipped/>
  </testcase> <!-- checkSavingShortagesinStockVoucherWithBrItemHydSecWareHosueInSUUser -->
  <testcase name="checkSavingShortagesinStockVoucherWithBrItemTestWareHosue" time="0.0" classname="com.focus.testcases.ItemQueryPageTest">
    <skipped/>
  </testcase> <!-- checkSavingShortagesinStockVoucherWithBrItemTestWareHosue -->
  <testcase name="checkSavingShortagesinStockVoucherWithFifoItem3WareHosue" time="0.002" classname="com.focus.testcases.ItemQueryPageTest">
    <skipped/>
  </testcase> <!-- checkSavingShortagesinStockVoucherWithFifoItem3WareHosue -->
  <testcase name="checkSavingShortagesinStockVoucherWithRmaItemHydWareHosue" time="0.0" classname="com.focus.testcases.ItemQueryPageTest">
    <skipped/>
  </testcase> <!-- checkSavingShortagesinStockVoucherWithRmaItemHydWareHosue -->
  <testcase name="checkSavingShortagesinStockVoucherWithRmaItemSecWareHosue" time="0.001" classname="com.focus.testcases.ItemQueryPageTest">
    <skipped/>
  </testcase> <!-- checkSavingShortagesinStockVoucherWithRmaItemSecWareHosue -->
  <testcase name="checkSavingShortagesinStockVoucherWithRmaItemTestWareHosue" time="0.0" classname="com.focus.testcases.ItemQueryPageTest">
    <skipped/>
  </testcase> <!-- checkSavingShortagesinStockVoucherWithRmaItemTestWareHosue -->
  <testcase name="checkStockLedgerReportForRmaItemAfterStockTransferVoucher2" time="0.038" classname="com.focus.testcases.ItemQueryPageTest">
    <skipped/>
  </testcase> <!-- checkStockLedgerReportForRmaItemAfterStockTransferVoucher2 -->
  <testcase name="checkSavingPurchaseReturnsVoucherWithBrItemHydSecWareHosueInINVUser" time="0.001" classname="com.focus.testcases.ItemQueryPageTest">
    <skipped/>
  </testcase> <!-- checkSavingPurchaseReturnsVoucherWithBrItemHydSecWareHosueInINVUser -->
  <testcase name="checkSavingPurchaseReturnsVoucherWithRmaItemHydWareHosueInINVUser" time="0.001" classname="com.focus.testcases.ItemQueryPageTest">
    <skipped/>
  </testcase> <!-- checkSavingPurchaseReturnsVoucherWithRmaItemHydWareHosueInINVUser -->
  <testcase name="checkSavingPurchaseReturnsVoucherWithFifoItemHydSecWareHosueInINVUser" time="0.002" classname="com.focus.testcases.ItemQueryPageTest">
    <skipped/>
  </testcase> <!-- checkSavingPurchaseReturnsVoucherWithFifoItemHydSecWareHosueInINVUser -->
  <testcase name="checkSavingPurchaseReturnsVoucherWithRmaItemSECWareHosueInINVUser" time="0.001" classname="com.focus.testcases.ItemQueryPageTest">
    <skipped/>
  </testcase> <!-- checkSavingPurchaseReturnsVoucherWithRmaItemSECWareHosueInINVUser -->
  <testcase name="checkSavingSalesReturnsVoucherWithAllItemsINVUser" time="0.0" classname="com.focus.testcases.ItemQueryPageTest">
    <skipped/>
  </testcase> <!-- checkSavingSalesReturnsVoucherWithAllItemsINVUser -->
  <testcase name="validteItemQueryStocksInBatchItemAfterSavingSalesReturnsVocher" time="0.0" classname="com.focus.testcases.ItemQueryPageTest">
    <skipped/>
  </testcase> <!-- validteItemQueryStocksInBatchItemAfterSavingSalesReturnsVocher -->
  <testcase name="validteItemQueryStocksInFifoItemAfterSavingSalesReturnsVocher" time="0.0" classname="com.focus.testcases.ItemQueryPageTest">
    <skipped/>
  </testcase> <!-- validteItemQueryStocksInFifoItemAfterSavingSalesReturnsVocher -->
  <testcase name="validteItemQueryStocksInWAItemAfterSavingSalesReturnsVocher" time="0.0" classname="com.focus.testcases.ItemQueryPageTest">
    <skipped/>
  </testcase> <!-- validteItemQueryStocksInWAItemAfterSavingSalesReturnsVocher -->
  <testcase name="checkStockLedgerReportForBrBatchItemAfterSavingSalesReturnsVocher" time="0.001" classname="com.focus.testcases.ItemQueryPageTest">
    <skipped/>
  </testcase> <!-- checkStockLedgerReportForBrBatchItemAfterSavingSalesReturnsVocher -->
  <testcase name="checkStockLedgerReportForRmaItemAfterSavingSalesReturnvoucher" time="0.0" classname="com.focus.testcases.ItemQueryPageTest">
    <skipped/>
  </testcase> <!-- checkStockLedgerReportForRmaItemAfterSavingSalesReturnvoucher -->
  <testcase name="checkStockMovementReportByDefault" time="0.001" classname="com.focus.testcases.ItemQueryPageTest">
    <skipped/>
  </testcase> <!-- checkStockMovementReportByDefault -->
  <testcase name="checkStockMovementReportByWareHouse" time="0.001" classname="com.focus.testcases.ItemQueryPageTest">
    <skipped/>
  </testcase> <!-- checkStockMovementReportByWareHouse -->
  <testcase name="checkStockValuationReportByProduct" time="0.0" classname="com.focus.testcases.ItemQueryPageTest">
    <skipped/>
  </testcase> <!-- checkStockValuationReportByProduct -->
  <testcase name="checkStockValuationReportByProductbyInventoryTag" time="0.001" classname="com.focus.testcases.ItemQueryPageTest">
    <skipped/>
  </testcase> <!-- checkStockValuationReportByProductbyInventoryTag -->
  <testcase name="checkStockValuationReportByInventoryTagByProduct" time="0.0" classname="com.focus.testcases.ItemQueryPageTest">
    <skipped/>
  </testcase> <!-- checkStockValuationReportByInventoryTagByProduct -->
  <testcase name="checkStockAgeingAnalysisReportByDefault" time="0.0" classname="com.focus.testcases.ItemQueryPageTest">
    <skipped/>
  </testcase> <!-- checkStockAgeingAnalysisReportByDefault -->
  <testcase name="checkStockAgeingAnalysisReportByWarehouse" time="0.001" classname="com.focus.testcases.ItemQueryPageTest">
    <skipped/>
  </testcase> <!-- checkStockAgeingAnalysisReportByWarehouse -->
  <testcase name="checkStockAgeingAnalysisReportByWarehouseSEC" time="0.001" classname="com.focus.testcases.ItemQueryPageTest">
    <skipped/>
  </testcase> <!-- checkStockAgeingAnalysisReportByWarehouseSEC -->
  <testcase name="checkStockBalanceByWarehouseReport" time="0.001" classname="com.focus.testcases.ItemQueryPageTest">
    <skipped/>
  </testcase> <!-- checkStockBalanceByWarehouseReport -->
  <testcase name="checkStockAgeingAnalysisReportByWarehouseHyd" time="0.002" classname="com.focus.testcases.ItemQueryPageTest">
    <skipped/>
  </testcase> <!-- checkStockAgeingAnalysisReportByWarehouseHyd -->
  <testcase name="checkStockStatementReportForFifoItem" time="0.0" classname="com.focus.testcases.ItemQueryPageTest">
    <skipped/>
  </testcase> <!-- checkStockStatementReportForFifoItem -->
  <testcase name="checkStockStatementReporFortBrBatchItem" time="0.0" classname="com.focus.testcases.ItemQueryPageTest">
    <skipped/>
  </testcase> <!-- checkStockStatementReporFortBrBatchItem -->
  <testcase name="checkStockStatementReportForRmaItem" time="0.0" classname="com.focus.testcases.ItemQueryPageTest">
    <skipped/>
  </testcase> <!-- checkStockStatementReportForRmaItem -->
  <testcase name="checkStockLedgerReportAfterSavingSalesReturnsVocherWithRefineFilterFirstPage" time="0.0" classname="com.focus.testcases.ItemQueryPageTest">
    <skipped/>
  </testcase> <!-- checkStockLedgerReportAfterSavingSalesReturnsVocherWithRefineFilterFirstPage -->
  <testcase name="checkStockLedgerReportAfterSavingSalesReturnsVocherWithRefineFilterLastPage" time="0.0" classname="com.focus.testcases.ItemQueryPageTest">
    <skipped/>
  </testcase> <!-- checkStockLedgerReportAfterSavingSalesReturnsVocherWithRefineFilterLastPage -->
  <testcase name="checkStockValuationReportByProductWithRefineFilter" time="0.001" classname="com.focus.testcases.ItemQueryPageTest">
    <skipped/>
  </testcase> <!-- checkStockValuationReportByProductWithRefineFilter -->
  <testcase name="checkStockMovementReportWithRefineFilter" time="0.0" classname="com.focus.testcases.ItemQueryPageTest">
    <skipped/>
  </testcase> <!-- checkStockMovementReportWithRefineFilter -->
  <testcase name="checkStockAgeingAnalysisReportByDefaultWithRefineFilter" time="0.0" classname="com.focus.testcases.ItemQueryPageTest">
    <skipped/>
  </testcase> <!-- checkStockAgeingAnalysisReportByDefaultWithRefineFilter -->
  <testcase name="checkStockBalanceByWarehouseReportWithRefineFilter" time="0.001" classname="com.focus.testcases.ItemQueryPageTest">
    <skipped/>
  </testcase> <!-- checkStockBalanceByWarehouseReportWithRefineFilter -->
  <testcase name="checkLedgerReportWithRefineFilterFirstPage" time="0.003" classname="com.focus.testcases.ItemQueryPageTest">
    <skipped/>
  </testcase> <!-- checkLedgerReportWithRefineFilterFirstPage -->
  <testcase name="checkLedgerReportWithRefineFilterLastPage" time="0.001" classname="com.focus.testcases.ItemQueryPageTest">
    <skipped/>
  </testcase> <!-- checkLedgerReportWithRefineFilterLastPage -->
  <testcase name="checkPurchaseRegisterReportWithRefineFilter" time="0.001" classname="com.focus.testcases.ItemQueryPageTest">
    <skipped/>
  </testcase> <!-- checkPurchaseRegisterReportWithRefineFilter -->
  <testcase name="checkCustomerAgeingSummeryReportWithRefineFilter" time="0.001" classname="com.focus.testcases.ItemQueryPageTest">
    <skipped/>
  </testcase> <!-- checkCustomerAgeingSummeryReportWithRefineFilter -->
  <testcase name="checkVendorAgeingSummeryReportWithRefineFilter" time="0.001" classname="com.focus.testcases.ItemQueryPageTest">
    <skipped/>
  </testcase> <!-- checkVendorAgeingSummeryReportWithRefineFilter -->
  <testcase name="checkSavingStockOutVoucher" time="0.001" classname="com.focus.testcases.ItemQueryPageTest">
    <skipped/>
  </testcase> <!-- checkSavingStockOutVoucher -->
  <testcase name="checkSavingStockInVoucher" time="0.0" classname="com.focus.testcases.ItemQueryPageTest">
    <skipped/>
  </testcase> <!-- checkSavingStockInVoucher -->
  <testcase name="checkStockLedgerReportForStockItemAfterStockInAndStockOutVouchers" time="0.001" classname="com.focus.testcases.ItemQueryPageTest">
    <skipped/>
  </testcase> <!-- checkStockLedgerReportForStockItemAfterStockInAndStockOutVouchers -->
  <testcase name="checkLoginToTest1UserAndAuthorizeStockOutVocher" time="0.001" classname="com.focus.testcases.ItemQueryPageTest">
    <skipped/>
  </testcase> <!-- checkLoginToTest1UserAndAuthorizeStockOutVocher -->
  <testcase name="checkStockLedgerReportForStockItemAfterAutrhroizedStockOutVoucher" time="0.0" classname="com.focus.testcases.ItemQueryPageTest">
    <skipped/>
  </testcase> <!-- checkStockLedgerReportForStockItemAfterAutrhroizedStockOutVoucher -->
  <testcase name="checkTrailBalanceReportWithRefineFilter" time="0.0" classname="com.focus.testcases.ItemQueryPageTest">
    <skipped/>
  </testcase> <!-- checkTrailBalanceReportWithRefineFilter -->
</testsuite> <!-- Test -->
